<?xml version="1.0" encoding="UTF-8"?>
<coverage generated="1686095786301" clover="3.2.0">
  <project timestamp="1686095786301" name="All files">
    <metrics statements="550" coveredstatements="512" conditionals="104" coveredconditionals="100" methods="184" coveredmethods="142" elements="838" coveredelements="754" complexity="0" loc="550" ncloc="550" packages="9" files="33" classes="33"/>
    <package name="src.business">
      <metrics statements="290" coveredstatements="290" conditionals="81" coveredconditionals="79" methods="27" coveredmethods="27"/>
      <file name="CommentBusiness.ts" path="C:\Users\hiani\Desktop\italo\programacao\projeto\modulo-4\labeddit\back\labeddit-back-end\src\business\CommentBusiness.ts">
        <metrics statements="94" coveredstatements="94" conditionals="39" coveredconditionals="38" methods="9" coveredmethods="9"/>
        <line num="1" count="4" type="stmt"/>
        <line num="2" count="4" type="stmt"/>
        <line num="11" count="4" type="stmt"/>
        <line num="16" count="4" type="stmt"/>
        <line num="18" count="4" type="stmt"/>
        <line num="19" count="4" type="stmt"/>
        <line num="20" count="4" type="stmt"/>
        <line num="21" count="4" type="stmt"/>
        <line num="22" count="4" type="stmt"/>
        <line num="72" count="4" type="stmt"/>
        <line num="74" count="4" type="stmt"/>
        <line num="75" count="4" type="stmt"/>
        <line num="77" count="4" type="stmt"/>
        <line num="79" count="4" type="cond" truecount="1" falsecount="0"/>
        <line num="80" count="1" type="stmt"/>
        <line num="83" count="3" type="stmt"/>
        <line num="85" count="3" type="cond" truecount="1" falsecount="0"/>
        <line num="86" count="1" type="stmt"/>
        <line num="89" count="2" type="cond" truecount="1" falsecount="0"/>
        <line num="90" count="1" type="stmt"/>
        <line num="95" count="1" type="stmt"/>
        <line num="97" count="1" type="stmt"/>
        <line num="111" count="1" type="stmt"/>
        <line num="113" count="1" type="stmt"/>
        <line num="115" count="1" type="stmt"/>
        <line num="118" count="4" type="stmt"/>
        <line num="119" count="4" type="stmt"/>
        <line num="121" count="4" type="stmt"/>
        <line num="123" count="4" type="cond" truecount="1" falsecount="0"/>
        <line num="124" count="1" type="stmt"/>
        <line num="127" count="3" type="stmt"/>
        <line num="129" count="3" type="stmt"/>
        <line num="131" count="3" type="cond" truecount="1" falsecount="0"/>
        <line num="132" count="1" type="stmt"/>
        <line num="135" count="2" type="cond" truecount="1" falsecount="0"/>
        <line num="136" count="1" type="stmt"/>
        <line num="139" count="1" type="stmt"/>
        <line num="153" count="1" type="stmt"/>
        <line num="154" count="1" type="cond" truecount="2" falsecount="0"/>
        <line num="156" count="1" type="stmt"/>
        <line num="158" count="1" type="stmt"/>
        <line num="160" count="1" type="stmt"/>
        <line num="163" count="4" type="stmt"/>
        <line num="165" count="4" type="stmt"/>
        <line num="166" count="4" type="stmt"/>
        <line num="168" count="4" type="stmt"/>
        <line num="170" count="4" type="cond" truecount="1" falsecount="0"/>
        <line num="171" count="1" type="stmt"/>
        <line num="174" count="3" type="stmt"/>
        <line num="176" count="3" type="cond" truecount="1" falsecount="0"/>
        <line num="177" count="1" type="stmt"/>
        <line num="180" count="2" type="cond" truecount="1" falsecount="0"/>
        <line num="181" count="1" type="stmt"/>
        <line num="184" count="1" type="stmt"/>
        <line num="186" count="1" type="stmt"/>
        <line num="188" count="1" type="stmt"/>
        <line num="191" count="4" type="stmt"/>
        <line num="193" count="10" type="stmt"/>
        <line num="194" count="10" type="stmt"/>
        <line num="196" count="10" type="stmt"/>
        <line num="198" count="10" type="cond" truecount="1" falsecount="0"/>
        <line num="199" count="1" type="stmt"/>
        <line num="202" count="9" type="stmt"/>
        <line num="203" count="9" type="stmt"/>
        <line num="207" count="9" type="cond" truecount="2" falsecount="0"/>
        <line num="209" count="9" type="stmt"/>
        <line num="216" count="9" type="stmt"/>
        <line num="221" count="9" type="stmt"/>
        <line num="223" count="9" type="cond" truecount="1" falsecount="0"/>
        <line num="224" count="1" type="stmt"/>
        <line num="227" count="8" type="cond" truecount="1" falsecount="0"/>
        <line num="228" count="1" type="stmt"/>
        <line num="233" count="7" type="cond" truecount="4" falsecount="0"/>
        <line num="236" count="2" type="cond" truecount="2" falsecount="0"/>
        <line num="237" count="1" type="stmt"/>
        <line num="239" count="1" type="stmt"/>
        <line num="242" count="2" type="stmt"/>
        <line num="244" count="2" type="stmt"/>
        <line num="248" count="2" type="stmt"/>
        <line num="252" count="5" type="cond" truecount="4" falsecount="0"/>
        <line num="253" count="1" type="stmt"/>
        <line num="254" count="4" type="cond" truecount="3" falsecount="0"/>
        <line num="255" count="1" type="stmt"/>
        <line num="258" count="5" type="cond" truecount="1" falsecount="0"/>
        <line num="259" count="1" type="cond" truecount="1" falsecount="1"/>
        <line num="263" count="1" type="stmt"/>
        <line num="266" count="5" type="cond" truecount="4" falsecount="0"/>
        <line num="267" count="1" type="stmt"/>
        <line num="272" count="4" type="cond" truecount="3" falsecount="0"/>
        <line num="273" count="1" type="stmt"/>
        <line num="280" count="5" type="stmt"/>
        <line num="285" count="5" type="stmt"/>
        <line num="291" count="5" type="stmt"/>
        <line num="294" count="7" type="stmt"/>
      </file>
      <file name="PostsBusiness.ts" path="C:\Users\hiani\Desktop\italo\programacao\projeto\modulo-4\labeddit\back\labeddit-back-end\src\business\PostsBusiness.ts">
        <metrics statements="159" coveredstatements="159" conditionals="39" coveredconditionals="38" methods="13" coveredmethods="13"/>
        <line num="1" count="6" type="stmt"/>
        <line num="2" count="6" type="stmt"/>
        <line num="17" count="6" type="stmt"/>
        <line num="18" count="6" type="stmt"/>
        <line num="23" count="6" type="stmt"/>
        <line num="24" count="6" type="stmt"/>
        <line num="25" count="6" type="stmt"/>
        <line num="31" count="6" type="stmt"/>
        <line num="33" count="6" type="stmt"/>
        <line num="34" count="6" type="stmt"/>
        <line num="35" count="6" type="stmt"/>
        <line num="36" count="6" type="stmt"/>
        <line num="37" count="6" type="stmt"/>
        <line num="38" count="6" type="stmt"/>
        <line num="39" count="6" type="stmt"/>
        <line num="42" count="6" type="stmt"/>
        <line num="43" count="2" type="stmt"/>
        <line num="45" count="2" type="cond" truecount="1" falsecount="0"/>
        <line num="46" count="1" type="stmt"/>
        <line num="49" count="1" type="stmt"/>
        <line num="51" count="1" type="stmt"/>
        <line num="53" count="1" type="stmt"/>
        <line num="54" count="2" type="stmt"/>
        <line num="58" count="2" type="stmt"/>
        <line num="62" count="2" type="stmt"/>
        <line num="64" count="2" type="stmt"/>
        <line num="65" count="2" type="stmt"/>
        <line num="69" count="2" type="stmt"/>
        <line num="83" count="2" type="stmt"/>
        <line num="85" count="2" type="stmt"/>
        <line num="89" count="2" type="stmt"/>
        <line num="93" count="2" type="stmt"/>
        <line num="95" count="2" type="stmt"/>
        <line num="96" count="3" type="stmt"/>
        <line num="103" count="3" type="stmt"/>
        <line num="105" count="3" type="stmt"/>
        <line num="108" count="2" type="stmt"/>
        <line num="122" count="2" type="stmt"/>
        <line num="134" count="2" type="stmt"/>
        <line num="137" count="1" type="stmt"/>
        <line num="140" count="6" type="stmt"/>
        <line num="142" count="3" type="stmt"/>
        <line num="143" count="3" type="stmt"/>
        <line num="144" count="3" type="stmt"/>
        <line num="146" count="3" type="cond" truecount="1" falsecount="0"/>
        <line num="147" count="1" type="stmt"/>
        <line num="150" count="2" type="stmt"/>
        <line num="152" count="2" type="cond" truecount="1" falsecount="0"/>
        <line num="153" count="1" type="stmt"/>
        <line num="156" count="1" type="stmt"/>
        <line num="158" count="1" type="stmt"/>
        <line num="159" count="1" type="stmt"/>
        <line num="163" count="1" type="stmt"/>
        <line num="165" count="1" type="stmt"/>
        <line num="178" count="1" type="stmt"/>
        <line num="180" count="1" type="stmt"/>
        <line num="181" count="1" type="stmt"/>
        <line num="185" count="1" type="stmt"/>
        <line num="200" count="1" type="stmt"/>
        <line num="204" count="1" type="stmt"/>
        <line num="205" count="1" type="stmt"/>
        <line num="206" count="1" type="stmt"/>
        <line num="213" count="1" type="stmt"/>
        <line num="215" count="1" type="stmt"/>
        <line num="218" count="1" type="stmt"/>
        <line num="230" count="1" type="stmt"/>
        <line num="234" count="1" type="stmt"/>
        <line num="238" count="1" type="stmt"/>
        <line num="240" count="1" type="stmt"/>
        <line num="241" count="3" type="stmt"/>
        <line num="248" count="3" type="stmt"/>
        <line num="250" count="3" type="stmt"/>
        <line num="253" count="1" type="stmt"/>
        <line num="265" count="1" type="stmt"/>
        <line num="268" count="1" type="stmt"/>
        <line num="271" count="6" type="stmt"/>
        <line num="272" count="2" type="stmt"/>
        <line num="273" count="2" type="stmt"/>
        <line num="275" count="2" type="cond" truecount="1" falsecount="0"/>
        <line num="276" count="1" type="stmt"/>
        <line num="279" count="1" type="stmt"/>
        <line num="281" count="1" type="stmt"/>
        <line num="292" count="1" type="stmt"/>
        <line num="294" count="1" type="stmt"/>
        <line num="296" count="1" type="stmt"/>
        <line num="299" count="6" type="stmt"/>
        <line num="300" count="4" type="stmt"/>
        <line num="302" count="4" type="stmt"/>
        <line num="304" count="4" type="cond" truecount="1" falsecount="0"/>
        <line num="305" count="1" type="stmt"/>
        <line num="308" count="3" type="stmt"/>
        <line num="310" count="3" type="stmt"/>
        <line num="312" count="3" type="cond" truecount="1" falsecount="0"/>
        <line num="313" count="1" type="stmt"/>
        <line num="316" count="2" type="stmt"/>
        <line num="318" count="2" type="cond" truecount="1" falsecount="0"/>
        <line num="319" count="1" type="stmt"/>
        <line num="322" count="1" type="stmt"/>
        <line num="333" count="1" type="stmt"/>
        <line num="334" count="1" type="cond" truecount="2" falsecount="0"/>
        <line num="336" count="1" type="stmt"/>
        <line num="338" count="1" type="stmt"/>
        <line num="340" count="1" type="stmt"/>
        <line num="343" count="6" type="stmt"/>
        <line num="344" count="4" type="stmt"/>
        <line num="346" count="4" type="stmt"/>
        <line num="348" count="4" type="cond" truecount="1" falsecount="0"/>
        <line num="349" count="1" type="stmt"/>
        <line num="352" count="3" type="stmt"/>
        <line num="354" count="3" type="cond" truecount="1" falsecount="0"/>
        <line num="355" count="1" type="stmt"/>
        <line num="358" count="2" type="stmt"/>
        <line num="360" count="2" type="cond" truecount="1" falsecount="0"/>
        <line num="361" count="2" type="cond" truecount="1" falsecount="0"/>
        <line num="362" count="1" type="stmt"/>
        <line num="366" count="1" type="stmt"/>
        <line num="368" count="1" type="stmt"/>
        <line num="369" count="1" type="stmt"/>
        <line num="373" count="1" type="stmt"/>
        <line num="376" count="1" type="stmt"/>
        <line num="378" count="1" type="stmt"/>
        <line num="380" count="1" type="stmt"/>
        <line num="383" count="10" type="stmt"/>
        <line num="384" count="10" type="stmt"/>
        <line num="386" count="10" type="stmt"/>
        <line num="388" count="10" type="cond" truecount="1" falsecount="0"/>
        <line num="389" count="1" type="stmt"/>
        <line num="392" count="9" type="stmt"/>
        <line num="393" count="9" type="stmt"/>
        <line num="397" count="9" type="cond" truecount="2" falsecount="0"/>
        <line num="399" count="9" type="stmt"/>
        <line num="406" count="9" type="stmt"/>
        <line num="411" count="9" type="stmt"/>
        <line num="413" count="9" type="cond" truecount="1" falsecount="0"/>
        <line num="414" count="1" type="stmt"/>
        <line num="417" count="8" type="cond" truecount="1" falsecount="0"/>
        <line num="418" count="1" type="stmt"/>
        <line num="423" count="7" type="cond" truecount="2" falsecount="0"/>
        <line num="426" count="2" type="cond" truecount="2" falsecount="0"/>
        <line num="427" count="1" type="stmt"/>
        <line num="429" count="1" type="stmt"/>
        <line num="432" count="2" type="stmt"/>
        <line num="434" count="2" type="stmt"/>
        <line num="438" count="2" type="stmt"/>
        <line num="442" count="5" type="cond" truecount="4" falsecount="0"/>
        <line num="443" count="1" type="stmt"/>
        <line num="444" count="4" type="cond" truecount="3" falsecount="0"/>
        <line num="445" count="1" type="stmt"/>
        <line num="448" count="5" type="cond" truecount="1" falsecount="0"/>
        <line num="449" count="1" type="cond" truecount="1" falsecount="1"/>
        <line num="453" count="1" type="stmt"/>
        <line num="456" count="5" type="cond" truecount="4" falsecount="0"/>
        <line num="457" count="1" type="stmt"/>
        <line num="462" count="4" type="cond" truecount="3" falsecount="0"/>
        <line num="463" count="1" type="stmt"/>
        <line num="470" count="5" type="stmt"/>
        <line num="472" count="5" type="stmt"/>
        <line num="478" count="5" type="stmt"/>
        <line num="481" count="7" type="stmt"/>
      </file>
      <file name="UserBusiness.ts" path="C:\Users\hiani\Desktop\italo\programacao\projeto\modulo-4\labeddit\back\labeddit-back-end\src\business\UserBusiness.ts">
        <metrics statements="37" coveredstatements="37" conditionals="3" coveredconditionals="3" methods="5" coveredmethods="5"/>
        <line num="1" count="2" type="stmt"/>
        <line num="2" count="2" type="stmt"/>
        <line num="6" count="2" type="stmt"/>
        <line num="11" count="2" type="stmt"/>
        <line num="13" count="2" type="stmt"/>
        <line num="14" count="2" type="stmt"/>
        <line num="15" count="2" type="stmt"/>
        <line num="16" count="2" type="stmt"/>
        <line num="19" count="2" type="stmt"/>
        <line num="20" count="2" type="stmt"/>
        <line num="22" count="2" type="stmt"/>
        <line num="24" count="2" type="cond" truecount="1" falsecount="0"/>
        <line num="25" count="1" type="stmt"/>
        <line num="28" count="1" type="stmt"/>
        <line num="30" count="1" type="stmt"/>
        <line num="32" count="1" type="stmt"/>
        <line num="34" count="1" type="stmt"/>
        <line num="45" count="1" type="stmt"/>
        <line num="49" count="1" type="stmt"/>
        <line num="51" count="1" type="stmt"/>
        <line num="53" count="1" type="stmt"/>
        <line num="55" count="1" type="stmt"/>
        <line num="60" count="1" type="stmt"/>
        <line num="63" count="4" type="stmt"/>
        <line num="64" count="4" type="stmt"/>
        <line num="66" count="4" type="stmt"/>
        <line num="68" count="4" type="cond" truecount="1" falsecount="0"/>
        <line num="69" count="1" type="stmt"/>
        <line num="72" count="3" type="stmt"/>
        <line num="74" count="3" type="stmt"/>
        <line num="79" count="3" type="cond" truecount="1" falsecount="0"/>
        <line num="80" count="1" type="stmt"/>
        <line num="83" count="2" type="stmt"/>
        <line num="92" count="2" type="stmt"/>
        <line num="94" count="2" type="stmt"/>
        <line num="96" count="2" type="stmt"/>
        <line num="101" count="2" type="stmt"/>
      </file>
    </package>
    <package name="src.customErrors">
      <metrics statements="9" coveredstatements="9" conditionals="2" coveredconditionals="0" methods="3" coveredmethods="3"/>
      <file name="BadRequestError.ts" path="C:\Users\hiani\Desktop\italo\programacao\projeto\modulo-4\labeddit\back\labeddit-back-end\src\customErrors\BadRequestError.ts">
        <metrics statements="3" coveredstatements="3" conditionals="1" coveredconditionals="0" methods="1" coveredmethods="1"/>
        <line num="1" count="12" type="stmt"/>
        <line num="3" count="12" type="stmt"/>
        <line num="5" count="9" type="stmt"/>
      </file>
      <file name="BaseError.ts" path="C:\Users\hiani\Desktop\italo\programacao\projeto\modulo-4\labeddit\back\labeddit-back-end\src\customErrors\BaseError.ts">
        <metrics statements="3" coveredstatements="3" conditionals="0" coveredconditionals="0" methods="1" coveredmethods="1"/>
        <line num="1" count="12" type="stmt"/>
        <line num="2" count="28" type="stmt"/>
        <line num="3" count="28" type="stmt"/>
      </file>
      <file name="NotFoundError.ts" path="C:\Users\hiani\Desktop\italo\programacao\projeto\modulo-4\labeddit\back\labeddit-back-end\src\customErrors\NotFoundError.ts">
        <metrics statements="3" coveredstatements="3" conditionals="1" coveredconditionals="0" methods="1" coveredmethods="1"/>
        <line num="1" count="12" type="stmt"/>
        <line num="3" count="12" type="stmt"/>
        <line num="5" count="19" type="stmt"/>
      </file>
    </package>
    <package name="src.database">
      <metrics statements="6" coveredstatements="5" conditionals="0" coveredconditionals="0" methods="1" coveredmethods="0"/>
      <file name="BaseDatabase.ts" path="C:\Users\hiani\Desktop\italo\programacao\projeto\modulo-4\labeddit\back\labeddit-back-end\src\database\BaseDatabase.ts">
        <metrics statements="6" coveredstatements="5" conditionals="0" coveredconditionals="0" methods="1" coveredmethods="0"/>
        <line num="1" count="12" type="stmt"/>
        <line num="2" count="12" type="stmt"/>
        <line num="4" count="12" type="stmt"/>
        <line num="6" count="12" type="stmt"/>
        <line num="7" count="12" type="stmt"/>
        <line num="17" count="0" type="stmt"/>
      </file>
    </package>
    <package name="src.dtos.commentDTO">
      <metrics statements="12" coveredstatements="12" conditionals="0" coveredconditionals="0" methods="4" coveredmethods="4"/>
      <file name="LikeOrDislikeComment.dto.ts" path="C:\Users\hiani\Desktop\italo\programacao\projeto\modulo-4\labeddit\back\labeddit-back-end\src\dtos\commentDTO\LikeOrDislikeComment.dto.ts">
        <metrics statements="3" coveredstatements="3" conditionals="0" coveredconditionals="0" methods="1" coveredmethods="1"/>
        <line num="1" count="1" type="stmt"/>
        <line num="9" count="1" type="stmt"/>
        <line num="15" count="10" type="stmt"/>
      </file>
      <file name="createComment.dto.ts" path="C:\Users\hiani\Desktop\italo\programacao\projeto\modulo-4\labeddit\back\labeddit-back-end\src\dtos\commentDTO\createComment.dto.ts">
        <metrics statements="3" coveredstatements="3" conditionals="0" coveredconditionals="0" methods="1" coveredmethods="1"/>
        <line num="1" count="1" type="stmt"/>
        <line num="9" count="1" type="stmt"/>
        <line num="15" count="4" type="stmt"/>
      </file>
      <file name="deletePost.dto.ts" path="C:\Users\hiani\Desktop\italo\programacao\projeto\modulo-4\labeddit\back\labeddit-back-end\src\dtos\commentDTO\deletePost.dto.ts">
        <metrics statements="3" coveredstatements="3" conditionals="0" coveredconditionals="0" methods="1" coveredmethods="1"/>
        <line num="1" count="1" type="stmt"/>
        <line num="8" count="1" type="stmt"/>
        <line num="13" count="4" type="stmt"/>
      </file>
      <file name="updatePost.dto.ts" path="C:\Users\hiani\Desktop\italo\programacao\projeto\modulo-4\labeddit\back\labeddit-back-end\src\dtos\commentDTO\updatePost.dto.ts">
        <metrics statements="3" coveredstatements="3" conditionals="0" coveredconditionals="0" methods="1" coveredmethods="1"/>
        <line num="1" count="1" type="stmt"/>
        <line num="9" count="1" type="stmt"/>
        <line num="15" count="4" type="stmt"/>
      </file>
    </package>
    <package name="src.dtos.postDTO">
      <metrics statements="18" coveredstatements="18" conditionals="0" coveredconditionals="0" methods="6" coveredmethods="6"/>
      <file name="GetPosts.dto.ts" path="C:\Users\hiani\Desktop\italo\programacao\projeto\modulo-4\labeddit\back\labeddit-back-end\src\dtos\postDTO\GetPosts.dto.ts">
        <metrics statements="3" coveredstatements="3" conditionals="0" coveredconditionals="0" methods="1" coveredmethods="1"/>
        <line num="2" count="1" type="stmt"/>
        <line num="13" count="1" type="stmt"/>
        <line num="17" count="2" type="stmt"/>
      </file>
      <file name="GetPostsById.dto.ts" path="C:\Users\hiani\Desktop\italo\programacao\projeto\modulo-4\labeddit\back\labeddit-back-end\src\dtos\postDTO\GetPostsById.dto.ts">
        <metrics statements="3" coveredstatements="3" conditionals="0" coveredconditionals="0" methods="1" coveredmethods="1"/>
        <line num="2" count="1" type="stmt"/>
        <line num="14" count="1" type="stmt"/>
        <line num="19" count="3" type="stmt"/>
      </file>
      <file name="LikeOrDislike.dto.ts" path="C:\Users\hiani\Desktop\italo\programacao\projeto\modulo-4\labeddit\back\labeddit-back-end\src\dtos\postDTO\LikeOrDislike.dto.ts">
        <metrics statements="3" coveredstatements="3" conditionals="0" coveredconditionals="0" methods="1" coveredmethods="1"/>
        <line num="1" count="1" type="stmt"/>
        <line num="9" count="1" type="stmt"/>
        <line num="15" count="10" type="stmt"/>
      </file>
      <file name="createPost.dto.ts" path="C:\Users\hiani\Desktop\italo\programacao\projeto\modulo-4\labeddit\back\labeddit-back-end\src\dtos\postDTO\createPost.dto.ts">
        <metrics statements="3" coveredstatements="3" conditionals="0" coveredconditionals="0" methods="1" coveredmethods="1"/>
        <line num="1" count="1" type="stmt"/>
        <line num="8" count="1" type="stmt"/>
        <line num="13" count="2" type="stmt"/>
      </file>
      <file name="deletePost.dto.ts" path="C:\Users\hiani\Desktop\italo\programacao\projeto\modulo-4\labeddit\back\labeddit-back-end\src\dtos\postDTO\deletePost.dto.ts">
        <metrics statements="3" coveredstatements="3" conditionals="0" coveredconditionals="0" methods="1" coveredmethods="1"/>
        <line num="1" count="1" type="stmt"/>
        <line num="8" count="1" type="stmt"/>
        <line num="13" count="4" type="stmt"/>
      </file>
      <file name="updatePost.dto.ts" path="C:\Users\hiani\Desktop\italo\programacao\projeto\modulo-4\labeddit\back\labeddit-back-end\src\dtos\postDTO\updatePost.dto.ts">
        <metrics statements="3" coveredstatements="3" conditionals="0" coveredconditionals="0" methods="1" coveredmethods="1"/>
        <line num="1" count="1" type="stmt"/>
        <line num="9" count="1" type="stmt"/>
        <line num="15" count="4" type="stmt"/>
      </file>
    </package>
    <package name="src.dtos.userDTO">
      <metrics statements="4" coveredstatements="4" conditionals="0" coveredconditionals="0" methods="0" coveredmethods="0"/>
      <file name="login.dto.ts" path="C:\Users\hiani\Desktop\italo\programacao\projeto\modulo-4\labeddit\back\labeddit-back-end\src\dtos\userDTO\login.dto.ts">
        <metrics statements="2" coveredstatements="2" conditionals="0" coveredconditionals="0" methods="0" coveredmethods="0"/>
        <line num="1" count="1" type="stmt"/>
        <line num="13" count="1" type="stmt"/>
      </file>
      <file name="signup.dto.ts" path="C:\Users\hiani\Desktop\italo\programacao\projeto\modulo-4\labeddit\back\labeddit-back-end\src\dtos\userDTO\signup.dto.ts">
        <metrics statements="2" coveredstatements="2" conditionals="0" coveredconditionals="0" methods="0" coveredmethods="0"/>
        <line num="1" count="1" type="stmt"/>
        <line num="14" count="1" type="stmt"/>
      </file>
    </package>
    <package name="src.models">
      <metrics statements="97" coveredstatements="60" conditionals="2" coveredconditionals="2" methods="67" coveredmethods="30"/>
      <file name="Comment.ts" path="C:\Users\hiani\Desktop\italo\programacao\projeto\modulo-4\labeddit\back\labeddit-back-end\src\models\Comment.ts">
        <metrics statements="27" coveredstatements="20" conditionals="0" coveredconditionals="0" methods="19" coveredmethods="12"/>
        <line num="36" count="10" type="stmt"/>
        <line num="38" count="5" type="stmt"/>
        <line num="39" count="5" type="stmt"/>
        <line num="40" count="5" type="stmt"/>
        <line num="41" count="5" type="stmt"/>
        <line num="42" count="5" type="stmt"/>
        <line num="43" count="5" type="stmt"/>
        <line num="44" count="5" type="stmt"/>
        <line num="45" count="5" type="stmt"/>
        <line num="49" count="1" type="stmt"/>
        <line num="53" count="1" type="stmt"/>
        <line num="57" count="1" type="stmt"/>
        <line num="61" count="1" type="stmt"/>
        <line num="65" count="1" type="stmt"/>
        <line num="69" count="1" type="stmt"/>
        <line num="73" count="2" type="stmt"/>
        <line num="77" count="0" type="stmt"/>
        <line num="81" count="0" type="stmt"/>
        <line num="85" count="0" type="stmt"/>
        <line num="89" count="0" type="stmt"/>
        <line num="93" count="1" type="stmt"/>
        <line num="97" count="0" type="stmt"/>
        <line num="101" count="0" type="stmt"/>
        <line num="105" count="0" type="stmt"/>
        <line num="109" count="1" type="stmt"/>
        <line num="113" count="2" type="stmt"/>
        <line num="126" count="2" type="stmt"/>
      </file>
      <file name="LikeOrDislike.ts" path="C:\Users\hiani\Desktop\italo\programacao\projeto\modulo-4\labeddit\back\labeddit-back-end\src\models\LikeOrDislike.ts">
        <metrics statements="11" coveredstatements="5" conditionals="0" coveredconditionals="0" methods="8" coveredmethods="2"/>
        <line num="12" count="6" type="stmt"/>
        <line num="14" count="6" type="stmt"/>
        <line num="15" count="6" type="stmt"/>
        <line num="16" count="6" type="stmt"/>
        <line num="20" count="0" type="stmt"/>
        <line num="24" count="0" type="stmt"/>
        <line num="28" count="0" type="stmt"/>
        <line num="32" count="0" type="stmt"/>
        <line num="36" count="0" type="stmt"/>
        <line num="40" count="0" type="stmt"/>
        <line num="44" count="6" type="stmt"/>
      </file>
      <file name="LikeOrDislikeComment.ts" path="C:\Users\hiani\Desktop\italo\programacao\projeto\modulo-4\labeddit\back\labeddit-back-end\src\models\LikeOrDislikeComment.ts">
        <metrics statements="11" coveredstatements="5" conditionals="0" coveredconditionals="0" methods="8" coveredmethods="2"/>
        <line num="12" count="6" type="stmt"/>
        <line num="14" count="1" type="stmt"/>
        <line num="15" count="1" type="stmt"/>
        <line num="16" count="1" type="stmt"/>
        <line num="20" count="0" type="stmt"/>
        <line num="24" count="0" type="stmt"/>
        <line num="28" count="0" type="stmt"/>
        <line num="32" count="0" type="stmt"/>
        <line num="36" count="0" type="stmt"/>
        <line num="40" count="0" type="stmt"/>
        <line num="44" count="1" type="stmt"/>
      </file>
      <file name="Post.ts" path="C:\Users\hiani\Desktop\italo\programacao\projeto\modulo-4\labeddit\back\labeddit-back-end\src\models\Post.ts">
        <metrics statements="24" coveredstatements="18" conditionals="0" coveredconditionals="0" methods="16" coveredmethods="10"/>
        <line num="31" count="6" type="stmt"/>
        <line num="33" count="5" type="stmt"/>
        <line num="34" count="5" type="stmt"/>
        <line num="35" count="5" type="stmt"/>
        <line num="36" count="5" type="stmt"/>
        <line num="37" count="5" type="stmt"/>
        <line num="38" count="5" type="stmt"/>
        <line num="39" count="5" type="stmt"/>
        <line num="40" count="5" type="stmt"/>
        <line num="44" count="3" type="stmt"/>
        <line num="48" count="3" type="stmt"/>
        <line num="52" count="3" type="stmt"/>
        <line num="56" count="3" type="stmt"/>
        <line num="60" count="6" type="stmt"/>
        <line num="64" count="0" type="stmt"/>
        <line num="68" count="3" type="stmt"/>
        <line num="72" count="0" type="stmt"/>
        <line num="76" count="1" type="stmt"/>
        <line num="80" count="0" type="stmt"/>
        <line num="84" count="0" type="stmt"/>
        <line num="88" count="0" type="stmt"/>
        <line num="92" count="1" type="stmt"/>
        <line num="96" count="0" type="stmt"/>
        <line num="100" count="2" type="stmt"/>
      </file>
      <file name="User.ts" path="C:\Users\hiani\Desktop\italo\programacao\projeto\modulo-4\labeddit\back\labeddit-back-end\src\models\User.ts">
        <metrics statements="24" coveredstatements="12" conditionals="2" coveredconditionals="2" methods="16" coveredmethods="4"/>
        <line num="1" count="12" type="cond" truecount="2" falsecount="0"/>
        <line num="2" count="12" type="stmt"/>
        <line num="3" count="12" type="stmt"/>
        <line num="21" count="12" type="stmt"/>
        <line num="23" count="3" type="stmt"/>
        <line num="24" count="3" type="stmt"/>
        <line num="25" count="3" type="stmt"/>
        <line num="26" count="3" type="stmt"/>
        <line num="27" count="3" type="stmt"/>
        <line num="28" count="3" type="stmt"/>
        <line num="32" count="0" type="stmt"/>
        <line num="36" count="0" type="stmt"/>
        <line num="40" count="0" type="stmt"/>
        <line num="44" count="0" type="stmt"/>
        <line num="48" count="0" type="stmt"/>
        <line num="52" count="0" type="stmt"/>
        <line num="56" count="0" type="stmt"/>
        <line num="60" count="0" type="stmt"/>
        <line num="64" count="0" type="stmt"/>
        <line num="68" count="0" type="stmt"/>
        <line num="72" count="0" type="stmt"/>
        <line num="76" count="0" type="stmt"/>
        <line num="80" count="1" type="stmt"/>
        <line num="91" count="3" type="stmt"/>
      </file>
    </package>
    <package name="src.services">
      <metrics statements="4" coveredstatements="4" conditionals="0" coveredconditionals="0" methods="2" coveredmethods="2"/>
      <file name="IdGerator.ts" path="C:\Users\hiani\Desktop\italo\programacao\projeto\modulo-4\labeddit\back\labeddit-back-end\src\services\IdGerator.ts">
        <metrics statements="4" coveredstatements="4" conditionals="0" coveredconditionals="0" methods="2" coveredmethods="2"/>
        <line num="1" count="4" type="stmt"/>
        <line num="3" count="4" type="stmt"/>
        <line num="4" count="4" type="stmt"/>
        <line num="5" count="1" type="stmt"/>
      </file>
    </package>
    <package name="tests.mocks">
      <metrics statements="110" coveredstatements="110" conditionals="19" coveredconditionals="19" methods="74" coveredmethods="70"/>
      <file name="CommentDatabaseMock.ts" path="C:\Users\hiani\Desktop\italo\programacao\projeto\modulo-4\labeddit\back\labeddit-back-end\tests\mocks\CommentDatabaseMock.ts">
        <metrics statements="15" coveredstatements="15" conditionals="0" coveredconditionals="0" methods="13" coveredmethods="13"/>
        <line num="1" count="10" type="stmt"/>
        <line num="4" count="10" type="stmt"/>
        <line num="27" count="10" type="stmt"/>
        <line num="28" count="10" type="stmt"/>
        <line num="30" count="15" type="stmt"/>
        <line num="31" count="15" type="stmt"/>
        <line num="32" count="30" type="stmt"/>
        <line num="35" count="15" type="stmt"/>
        <line num="38" count="10" type="stmt"/>
        <line num="39" count="4" type="stmt"/>
        <line num="40" count="8" type="stmt"/>
        <line num="43" count="4" type="stmt"/>
        <line num="46" count="10" type="stmt"/>
        <line num="48" count="10" type="stmt"/>
        <line num="50" count="10" type="stmt"/>
      </file>
      <file name="HashManagerMock.ts" path="C:\Users\hiani\Desktop\italo\programacao\projeto\modulo-4\labeddit\back\labeddit-back-end\tests\mocks\HashManagerMock.ts">
        <metrics statements="9" coveredstatements="9" conditionals="3" coveredconditionals="3" methods="5" coveredmethods="5"/>
        <line num="1" count="2" type="stmt"/>
        <line num="2" count="2" type="stmt"/>
        <line num="3" count="1" type="stmt"/>
        <line num="6" count="2" type="stmt"/>
        <line num="9" count="3" type="stmt"/>
        <line num="12" count="3" type="cond" truecount="3" falsecount="0"/>
        <line num="14" count="1" type="stmt"/>
        <line num="16" count="1" type="stmt"/>
        <line num="19" count="1" type="stmt"/>
      </file>
      <file name="IdGeratorMock.ts" path="C:\Users\hiani\Desktop\italo\programacao\projeto\modulo-4\labeddit\back\labeddit-back-end\tests\mocks\IdGeratorMock.ts">
        <metrics statements="3" coveredstatements="3" conditionals="0" coveredconditionals="0" methods="2" coveredmethods="2"/>
        <line num="1" count="8" type="stmt"/>
        <line num="2" count="8" type="stmt"/>
        <line num="3" count="2" type="stmt"/>
      </file>
      <file name="PostsDatabaseMock.ts" path="C:\Users\hiani\Desktop\italo\programacao\projeto\modulo-4\labeddit\back\labeddit-back-end\tests\mocks\PostsDatabaseMock.ts">
        <metrics statements="13" coveredstatements="13" conditionals="0" coveredconditionals="0" methods="12" coveredmethods="12"/>
        <line num="1" count="10" type="stmt"/>
        <line num="4" count="10" type="stmt"/>
        <line num="25" count="10" type="stmt"/>
        <line num="26" count="10" type="stmt"/>
        <line num="28" count="10" type="stmt"/>
        <line num="29" count="1" type="stmt"/>
        <line num="32" count="20" type="stmt"/>
        <line num="33" count="20" type="stmt"/>
        <line num="34" count="40" type="stmt"/>
        <line num="37" count="20" type="stmt"/>
        <line num="40" count="10" type="stmt"/>
        <line num="42" count="10" type="stmt"/>
        <line num="44" count="10" type="stmt"/>
      </file>
      <file name="TokenManagerMock.ts" path="C:\Users\hiani\Desktop\italo\programacao\projeto\modulo-4\labeddit\back\labeddit-back-end\tests\mocks\TokenManagerMock.ts">
        <metrics statements="18" coveredstatements="18" conditionals="12" coveredconditionals="12" methods="3" coveredmethods="3"/>
        <line num="1" count="12" type="stmt"/>
        <line num="3" count="12" type="stmt"/>
        <line num="4" count="12" type="stmt"/>
        <line num="5" count="3" type="cond" truecount="2" falsecount="0"/>
        <line num="6" count="1" type="stmt"/>
        <line num="7" count="2" type="cond" truecount="2" falsecount="0"/>
        <line num="8" count="1" type="stmt"/>
        <line num="10" count="1" type="stmt"/>
        <line num="14" count="12" type="stmt"/>
        <line num="15" count="47" type="cond" truecount="2" falsecount="0"/>
        <line num="16" count="19" type="stmt"/>
        <line num="21" count="28" type="cond" truecount="2" falsecount="0"/>
        <line num="22" count="12" type="stmt"/>
        <line num="27" count="16" type="cond" truecount="2" falsecount="0"/>
        <line num="28" count="4" type="stmt"/>
        <line num="33" count="12" type="cond" truecount="2" falsecount="0"/>
        <line num="34" count="2" type="stmt"/>
        <line num="40" count="10" type="stmt"/>
      </file>
      <file name="UserDatabaseMock.ts" path="C:\Users\hiani\Desktop\italo\programacao\projeto\modulo-4\labeddit\back\labeddit-back-end\tests\mocks\UserDatabaseMock.ts">
        <metrics statements="15" coveredstatements="15" conditionals="0" coveredconditionals="0" methods="13" coveredmethods="9"/>
        <line num="1" count="8" type="stmt"/>
        <line num="2" count="8" type="stmt"/>
        <line num="4" count="8" type="stmt"/>
        <line num="39" count="8" type="stmt"/>
        <line num="40" count="8" type="stmt"/>
        <line num="42" count="8" type="stmt"/>
        <line num="43" count="24" type="stmt"/>
        <line num="45" count="6" type="stmt"/>
        <line num="48" count="8" type="stmt"/>
        <line num="49" count="6" type="stmt"/>
        <line num="50" count="24" type="stmt"/>
        <line num="53" count="6" type="stmt"/>
        <line num="56" count="8" type="stmt"/>
        <line num="58" count="8" type="stmt"/>
        <line num="60" count="8" type="stmt"/>
      </file>
      <file name="likeDislikeCommentDatabaseMock.ts" path="C:\Users\hiani\Desktop\italo\programacao\projeto\modulo-4\labeddit\back\labeddit-back-end\tests\mocks\likeDislikeCommentDatabaseMock.ts">
        <metrics statements="19" coveredstatements="19" conditionals="2" coveredconditionals="2" methods="13" coveredmethods="13"/>
        <line num="1" count="10" type="stmt"/>
        <line num="4" count="10" type="stmt"/>
        <line num="22" count="10" type="stmt"/>
        <line num="23" count="10" type="stmt"/>
        <line num="25" count="10" type="stmt"/>
        <line num="28" count="9" type="stmt"/>
        <line num="29" count="9" type="stmt"/>
        <line num="31" count="27" type="cond" truecount="2" falsecount="0"/>
        <line num="34" count="9" type="stmt"/>
        <line num="37" count="10" type="stmt"/>
        <line num="39" count="1" type="stmt"/>
        <line num="40" count="1" type="stmt"/>
        <line num="41" count="3" type="stmt"/>
        <line num="44" count="1" type="stmt"/>
        <line num="47" count="10" type="stmt"/>
        <line num="49" count="2" type="stmt"/>
        <line num="51" count="10" type="stmt"/>
        <line num="55" count="5" type="stmt"/>
        <line num="57" count="10" type="stmt"/>
      </file>
      <file name="likeDislikeDatabaseMock.ts" path="C:\Users\hiani\Desktop\italo\programacao\projeto\modulo-4\labeddit\back\labeddit-back-end\tests\mocks\likeDislikeDatabaseMock.ts">
        <metrics statements="18" coveredstatements="18" conditionals="2" coveredconditionals="2" methods="13" coveredmethods="13"/>
        <line num="1" count="6" type="stmt"/>
        <line num="4" count="6" type="stmt"/>
        <line num="22" count="6" type="stmt"/>
        <line num="23" count="6" type="stmt"/>
        <line num="25" count="6" type="stmt"/>
        <line num="28" count="9" type="stmt"/>
        <line num="29" count="9" type="stmt"/>
        <line num="31" count="27" type="cond" truecount="2" falsecount="0"/>
        <line num="34" count="9" type="stmt"/>
        <line num="37" count="6" type="stmt"/>
        <line num="39" count="3" type="stmt"/>
        <line num="40" count="3" type="stmt"/>
        <line num="41" count="9" type="stmt"/>
        <line num="44" count="3" type="stmt"/>
        <line num="47" count="6" type="stmt"/>
        <line num="49" count="6" type="stmt"/>
        <line num="53" count="5" type="stmt"/>
        <line num="55" count="6" type="stmt"/>
      </file>
    </package>
  </project>
</coverage>
