{"C:\\Users\\hiani\\Desktop\\italo\\programacao\\projeto\\modulo-4\\labeddit\\back\\labeddit-back-end\\src\\business\\CommentBusiness.ts": {"path":"C:\\Users\\hiani\\Desktop\\italo\\programacao\\projeto\\modulo-4\\labeddit\\back\\labeddit-back-end\\src\\business\\CommentBusiness.ts","statementMap":{"0":{"start":{"line":1,"column":0},"end":{"line":1,"column":66}},"1":{"start":{"line":2,"column":0},"end":{"line":2,"column":62}},"2":{"start":{"line":11,"column":0},"end":{"line":11,"column":69}},"3":{"start":{"line":18,"column":12},"end":{"line":18,"column":39}},"4":{"start":{"line":19,"column":12},"end":{"line":19,"column":44}},"5":{"start":{"line":20,"column":12},"end":{"line":20,"column":68}},"6":{"start":{"line":21,"column":12},"end":{"line":21,"column":38}},"7":{"start":{"line":22,"column":12},"end":{"line":22,"column":32}},"8":{"start":{"line":72,"column":2},"end":{"line":116,"column":4}},"9":{"start":{"line":74,"column":23},"end":{"line":116,"column":4}},"10":{"start":{"line":75,"column":39},"end":{"line":75,"column":44}},"11":{"start":{"line":77,"column":25},"end":{"line":77,"column":60}},"12":{"start":{"line":79,"column":4},"end":{"line":81,"column":null}},"13":{"start":{"line":80,"column":6},"end":{"line":80,"column":51}},"14":{"start":{"line":83,"column":21},"end":{"line":83,"column":66}},"15":{"start":{"line":85,"column":4},"end":{"line":87,"column":null}},"16":{"start":{"line":86,"column":6},"end":{"line":86,"column":49}},"17":{"start":{"line":89,"column":4},"end":{"line":93,"column":null}},"18":{"start":{"line":90,"column":6},"end":{"line":92,"column":8}},"19":{"start":{"line":95,"column":15},"end":{"line":95,"column":38}},"20":{"start":{"line":97,"column":23},"end":{"line":108,"column":null}},"21":{"start":{"line":111,"column":25},"end":{"line":111,"column":49}},"22":{"start":{"line":113,"column":4},"end":{"line":113,"column":59}},"23":{"start":{"line":115,"column":4},"end":{"line":115,"column":43}},"24":{"start":{"line":118,"column":2},"end":{"line":161,"column":4}},"25":{"start":{"line":118,"column":77},"end":{"line":161,"column":4}},"26":{"start":{"line":119,"column":35},"end":{"line":119,"column":40}},"27":{"start":{"line":121,"column":25},"end":{"line":121,"column":60}},"28":{"start":{"line":123,"column":4},"end":{"line":125,"column":null}},"29":{"start":{"line":124,"column":6},"end":{"line":124,"column":51}},"30":{"start":{"line":127,"column":19},"end":{"line":127,"column":34}},"31":{"start":{"line":129,"column":24},"end":{"line":129,"column":70}},"32":{"start":{"line":131,"column":4},"end":{"line":133,"column":null}},"33":{"start":{"line":132,"column":6},"end":{"line":132,"column":52}},"34":{"start":{"line":135,"column":4},"end":{"line":137,"column":null}},"35":{"start":{"line":136,"column":6},"end":{"line":136,"column":73}},"36":{"start":{"line":139,"column":23},"end":{"line":150,"column":null}},"37":{"start":{"line":153,"column":4},"end":{"line":153,"column":52}},"38":{"start":{"line":154,"column":4},"end":{"line":154,"column":46}},"39":{"start":{"line":156,"column":25},"end":{"line":156,"column":49}},"40":{"start":{"line":158,"column":4},"end":{"line":158,"column":61}},"41":{"start":{"line":160,"column":4},"end":{"line":160,"column":30}},"42":{"start":{"line":163,"column":2},"end":{"line":189,"column":4}},"43":{"start":{"line":165,"column":23},"end":{"line":189,"column":4}},"44":{"start":{"line":166,"column":26},"end":{"line":166,"column":42}},"45":{"start":{"line":168,"column":25},"end":{"line":168,"column":60}},"46":{"start":{"line":170,"column":4},"end":{"line":172,"column":null}},"47":{"start":{"line":171,"column":6},"end":{"line":171,"column":51}},"48":{"start":{"line":174,"column":24},"end":{"line":174,"column":70}},"49":{"start":{"line":176,"column":4},"end":{"line":178,"column":null}},"50":{"start":{"line":177,"column":6},"end":{"line":177,"column":52}},"51":{"start":{"line":180,"column":4},"end":{"line":182,"column":null}},"52":{"start":{"line":181,"column":6},"end":{"line":181,"column":73}},"53":{"start":{"line":184,"column":4},"end":{"line":184,"column":75}},"54":{"start":{"line":186,"column":4},"end":{"line":186,"column":49}},"55":{"start":{"line":188,"column":4},"end":{"line":188,"column":27}},"56":{"start":{"line":191,"column":2},"end":{"line":295,"column":4}},"57":{"start":{"line":193,"column":6},"end":{"line":295,"column":4}},"58":{"start":{"line":194,"column":32},"end":{"line":194,"column":49}},"59":{"start":{"line":196,"column":25},"end":{"line":196,"column":60}},"60":{"start":{"line":198,"column":4},"end":{"line":200,"column":null}},"61":{"start":{"line":199,"column":6},"end":{"line":199,"column":51}},"62":{"start":{"line":202,"column":19},"end":{"line":202,"column":34}},"63":{"start":{"line":203,"column":22},"end":{"line":203,"column":24}},"64":{"start":{"line":207,"column":27},"end":{"line":207,"column":40}},"65":{"start":{"line":209,"column":57},"end":{"line":213,"column":6}},"66":{"start":{"line":216,"column":6},"end":{"line":218,"column":null}},"67":{"start":{"line":221,"column":24},"end":{"line":221,"column":77}},"68":{"start":{"line":223,"column":4},"end":{"line":225,"column":null}},"69":{"start":{"line":224,"column":6},"end":{"line":224,"column":49}},"70":{"start":{"line":227,"column":4},"end":{"line":231,"column":null}},"71":{"start":{"line":228,"column":6},"end":{"line":230,"column":8}},"72":{"start":{"line":233,"column":4},"end":{"line":292,"column":null}},"73":{"start":{"line":236,"column":6},"end":{"line":240,"column":null}},"74":{"start":{"line":237,"column":8},"end":{"line":237,"column":75}},"75":{"start":{"line":239,"column":8},"end":{"line":239,"column":69}},"76":{"start":{"line":242,"column":6},"end":{"line":242,"column":71}},"77":{"start":{"line":244,"column":6},"end":{"line":246,"column":8}},"78":{"start":{"line":248,"column":6},"end":{"line":248,"column":43}},"79":{"start":{"line":252,"column":6},"end":{"line":256,"column":null}},"80":{"start":{"line":253,"column":8},"end":{"line":253,"column":75}},"81":{"start":{"line":254,"column":13},"end":{"line":256,"column":null}},"82":{"start":{"line":255,"column":8},"end":{"line":255,"column":69}},"83":{"start":{"line":258,"column":6},"end":{"line":264,"column":null}},"84":{"start":{"line":259,"column":8},"end":{"line":261,"column":75}},"85":{"start":{"line":263,"column":8},"end":{"line":263,"column":75}},"86":{"start":{"line":266,"column":6},"end":{"line":278,"column":null}},"87":{"start":{"line":267,"column":8},"end":{"line":271,"column":10}},"88":{"start":{"line":272,"column":13},"end":{"line":278,"column":null}},"89":{"start":{"line":273,"column":8},"end":{"line":277,"column":10}},"90":{"start":{"line":280,"column":6},"end":{"line":283,"column":8}},"91":{"start":{"line":285,"column":6},"end":{"line":289,"column":8}},"92":{"start":{"line":291,"column":6},"end":{"line":291,"column":43}},"93":{"start":{"line":294,"column":4},"end":{"line":294,"column":20}},"94":{"start":{"line":16,"column":0},"end":{"line":16,"column":13}}},"fnMap":{"0":{"name":"(anonymous_7)","decl":{"start":{"line":17,"column":2},"end":{"line":17,"column":null}},"loc":{"start":{"line":22,"column":32},"end":{"line":23,"column":6}}},"1":{"name":"(anonymous_8)","decl":{"start":{"line":72,"column":27},"end":{"line":72,"column":null}},"loc":{"start":{"line":74,"column":23},"end":{"line":116,"column":4}}},"2":{"name":"(anonymous_9)","decl":{"start":{"line":74,"column":23},"end":{"line":74,"column":null}},"loc":{"start":{"line":74,"column":23},"end":{"line":116,"column":3}}},"3":{"name":"(anonymous_10)","decl":{"start":{"line":118,"column":21},"end":{"line":118,"column":28}},"loc":{"start":{"line":118,"column":77},"end":{"line":161,"column":4}}},"4":{"name":"(anonymous_11)","decl":{"start":{"line":118,"column":77},"end":{"line":118,"column":null}},"loc":{"start":{"line":118,"column":77},"end":{"line":161,"column":3}}},"5":{"name":"(anonymous_12)","decl":{"start":{"line":163,"column":23},"end":{"line":163,"column":null}},"loc":{"start":{"line":165,"column":23},"end":{"line":189,"column":4}}},"6":{"name":"(anonymous_13)","decl":{"start":{"line":165,"column":23},"end":{"line":165,"column":null}},"loc":{"start":{"line":165,"column":23},"end":{"line":189,"column":3}}},"7":{"name":"(anonymous_14)","decl":{"start":{"line":191,"column":26},"end":{"line":191,"column":null}},"loc":{"start":{"line":193,"column":6},"end":{"line":295,"column":4}}},"8":{"name":"(anonymous_15)","decl":{"start":{"line":193,"column":6},"end":{"line":193,"column":null}},"loc":{"start":{"line":193,"column":6},"end":{"line":295,"column":3}}}},"branchMap":{"0":{"loc":{"start":{"line":79,"column":4},"end":{"line":81,"column":null}},"type":"if","locations":[{"start":{"line":79,"column":4},"end":{"line":81,"column":null}}]},"1":{"loc":{"start":{"line":85,"column":4},"end":{"line":87,"column":null}},"type":"if","locations":[{"start":{"line":85,"column":4},"end":{"line":87,"column":null}}]},"2":{"loc":{"start":{"line":89,"column":4},"end":{"line":93,"column":null}},"type":"if","locations":[{"start":{"line":89,"column":4},"end":{"line":93,"column":null}}]},"3":{"loc":{"start":{"line":123,"column":4},"end":{"line":125,"column":null}},"type":"if","locations":[{"start":{"line":123,"column":4},"end":{"line":125,"column":null}}]},"4":{"loc":{"start":{"line":131,"column":4},"end":{"line":133,"column":null}},"type":"if","locations":[{"start":{"line":131,"column":4},"end":{"line":133,"column":null}}]},"5":{"loc":{"start":{"line":135,"column":4},"end":{"line":137,"column":null}},"type":"if","locations":[{"start":{"line":135,"column":4},"end":{"line":137,"column":null}}]},"6":{"loc":{"start":{"line":154,"column":4},"end":{"line":154,"column":45}},"type":"binary-expr","locations":[{"start":{"line":154,"column":4},"end":{"line":154,"column":11}},{"start":{"line":154,"column":16},"end":{"line":154,"column":44}}]},"7":{"loc":{"start":{"line":170,"column":4},"end":{"line":172,"column":null}},"type":"if","locations":[{"start":{"line":170,"column":4},"end":{"line":172,"column":null}}]},"8":{"loc":{"start":{"line":176,"column":4},"end":{"line":178,"column":null}},"type":"if","locations":[{"start":{"line":176,"column":4},"end":{"line":178,"column":null}}]},"9":{"loc":{"start":{"line":180,"column":4},"end":{"line":182,"column":null}},"type":"if","locations":[{"start":{"line":180,"column":4},"end":{"line":182,"column":null}}]},"10":{"loc":{"start":{"line":198,"column":4},"end":{"line":200,"column":null}},"type":"if","locations":[{"start":{"line":198,"column":4},"end":{"line":200,"column":null}}]},"11":{"loc":{"start":{"line":207,"column":27},"end":{"line":207,"column":40}},"type":"cond-expr","locations":[{"start":{"line":207,"column":35},"end":{"line":207,"column":36}},{"start":{"line":207,"column":39},"end":{"line":207,"column":40}}]},"12":{"loc":{"start":{"line":223,"column":4},"end":{"line":225,"column":null}},"type":"if","locations":[{"start":{"line":223,"column":4},"end":{"line":225,"column":null}}]},"13":{"loc":{"start":{"line":227,"column":4},"end":{"line":231,"column":null}},"type":"if","locations":[{"start":{"line":227,"column":4},"end":{"line":231,"column":null}}]},"14":{"loc":{"start":{"line":233,"column":4},"end":{"line":292,"column":null}},"type":"if","locations":[{"start":{"line":233,"column":4},"end":{"line":292,"column":null}},{"start":{"line":249,"column":11},"end":{"line":292,"column":null}}]},"15":{"loc":{"start":{"line":233,"column":8},"end":{"line":233,"column":76}},"type":"binary-expr","locations":[{"start":{"line":233,"column":8},"end":{"line":233,"column":28}},{"start":{"line":233,"column":32},"end":{"line":233,"column":76}}]},"16":{"loc":{"start":{"line":236,"column":6},"end":{"line":240,"column":null}},"type":"if","locations":[{"start":{"line":236,"column":6},"end":{"line":240,"column":null}},{"start":{"line":238,"column":13},"end":{"line":240,"column":null}}]},"17":{"loc":{"start":{"line":252,"column":6},"end":{"line":256,"column":null}},"type":"if","locations":[{"start":{"line":252,"column":6},"end":{"line":256,"column":null}},{"start":{"line":254,"column":13},"end":{"line":256,"column":null}}]},"18":{"loc":{"start":{"line":252,"column":10},"end":{"line":252,"column":52}},"type":"binary-expr","locations":[{"start":{"line":252,"column":10},"end":{"line":252,"column":15}},{"start":{"line":252,"column":19},"end":{"line":252,"column":52}}]},"19":{"loc":{"start":{"line":254,"column":13},"end":{"line":256,"column":null}},"type":"if","locations":[{"start":{"line":254,"column":13},"end":{"line":256,"column":null}}]},"20":{"loc":{"start":{"line":254,"column":17},"end":{"line":254,"column":58}},"type":"binary-expr","locations":[{"start":{"line":254,"column":17},"end":{"line":254,"column":21}},{"start":{"line":254,"column":25},"end":{"line":254,"column":58}}]},"21":{"loc":{"start":{"line":258,"column":6},"end":{"line":264,"column":null}},"type":"if","locations":[{"start":{"line":258,"column":6},"end":{"line":264,"column":null}}]},"22":{"loc":{"start":{"line":259,"column":8},"end":{"line":261,"column":74}},"type":"cond-expr","locations":[{"start":{"line":260,"column":13},"end":{"line":260,"column":79}},{"start":{"line":261,"column":13},"end":{"line":261,"column":73}}]},"23":{"loc":{"start":{"line":266,"column":6},"end":{"line":278,"column":null}},"type":"if","locations":[{"start":{"line":266,"column":6},"end":{"line":278,"column":null}},{"start":{"line":272,"column":13},"end":{"line":278,"column":null}}]},"24":{"loc":{"start":{"line":266,"column":10},"end":{"line":266,"column":56}},"type":"binary-expr","locations":[{"start":{"line":266,"column":10},"end":{"line":266,"column":22}},{"start":{"line":266,"column":26},"end":{"line":266,"column":56}}]},"25":{"loc":{"start":{"line":272,"column":13},"end":{"line":278,"column":null}},"type":"if","locations":[{"start":{"line":272,"column":13},"end":{"line":278,"column":null}}]},"26":{"loc":{"start":{"line":272,"column":17},"end":{"line":272,"column":63}},"type":"binary-expr","locations":[{"start":{"line":272,"column":17},"end":{"line":272,"column":29}},{"start":{"line":272,"column":33},"end":{"line":272,"column":63}}]}},"s":{"0":4,"1":4,"2":4,"3":4,"4":4,"5":4,"6":4,"7":4,"8":4,"9":4,"10":4,"11":4,"12":4,"13":1,"14":3,"15":3,"16":1,"17":2,"18":1,"19":1,"20":1,"21":1,"22":1,"23":1,"24":4,"25":4,"26":4,"27":4,"28":4,"29":1,"30":3,"31":3,"32":3,"33":1,"34":2,"35":1,"36":1,"37":1,"38":1,"39":1,"40":1,"41":1,"42":4,"43":4,"44":4,"45":4,"46":4,"47":1,"48":3,"49":3,"50":1,"51":2,"52":1,"53":1,"54":1,"55":1,"56":4,"57":10,"58":10,"59":10,"60":10,"61":1,"62":9,"63":9,"64":9,"65":9,"66":9,"67":9,"68":9,"69":1,"70":8,"71":1,"72":7,"73":2,"74":1,"75":1,"76":2,"77":2,"78":2,"79":5,"80":1,"81":4,"82":1,"83":5,"84":1,"85":1,"86":5,"87":1,"88":4,"89":1,"90":5,"91":5,"92":5,"93":7,"94":4},"f":{"0":4,"1":4,"2":4,"3":4,"4":4,"5":4,"6":4,"7":10,"8":10},"b":{"0":[1],"1":[1],"2":[1],"3":[1],"4":[1],"5":[1],"6":[1,1],"7":[1],"8":[1],"9":[1],"10":[1],"11":[3,6],"12":[1],"13":[1],"14":[2,5],"15":[7,5],"16":[1,1],"17":[1,4],"18":[5,2],"19":[1],"20":[4,3],"21":[1],"22":[0,1],"23":[1,4],"24":[5,2],"25":[1],"26":[4,3]}}
,"C:\\Users\\hiani\\Desktop\\italo\\programacao\\projeto\\modulo-4\\labeddit\\back\\labeddit-back-end\\src\\business\\PostsBusiness.ts": {"path":"C:\\Users\\hiani\\Desktop\\italo\\programacao\\projeto\\modulo-4\\labeddit\\back\\labeddit-back-end\\src\\business\\PostsBusiness.ts","statementMap":{"0":{"start":{"line":1,"column":0},"end":{"line":1,"column":66}},"1":{"start":{"line":2,"column":0},"end":{"line":2,"column":62}},"2":{"start":{"line":17,"column":0},"end":{"line":17,"column":71}},"3":{"start":{"line":18,"column":0},"end":{"line":18,"column":null}},"4":{"start":{"line":23,"column":0},"end":{"line":23,"column":68}},"5":{"start":{"line":24,"column":0},"end":{"line":24,"column":57}},"6":{"start":{"line":25,"column":0},"end":{"line":25,"column":44}},"7":{"start":{"line":33,"column":12},"end":{"line":33,"column":39}},"8":{"start":{"line":34,"column":12},"end":{"line":34,"column":38}},"9":{"start":{"line":35,"column":12},"end":{"line":35,"column":55}},"10":{"start":{"line":36,"column":12},"end":{"line":36,"column":44}},"11":{"start":{"line":37,"column":12},"end":{"line":37,"column":38}},"12":{"start":{"line":38,"column":12},"end":{"line":38,"column":32}},"13":{"start":{"line":39,"column":12},"end":{"line":39,"column":66}},"14":{"start":{"line":42,"column":2},"end":{"line":138,"column":4}},"15":{"start":{"line":42,"column":75},"end":{"line":138,"column":4}},"16":{"start":{"line":43,"column":25},"end":{"line":43,"column":60}},"17":{"start":{"line":45,"column":4},"end":{"line":47,"column":null}},"18":{"start":{"line":46,"column":6},"end":{"line":46,"column":51}},"19":{"start":{"line":49,"column":20},"end":{"line":49,"column":59}},"20":{"start":{"line":51,"column":29},"end":{"line":51,"column":31}},"21":{"start":{"line":53,"column":4},"end":{"line":135,"column":null}},"22":{"start":{"line":54,"column":29},"end":{"line":55,"column":null}},"23":{"start":{"line":58,"column":25},"end":{"line":59,"column":null}},"24":{"start":{"line":62,"column":26},"end":{"line":62,"column":28}},"25":{"start":{"line":64,"column":6},"end":{"line":86,"column":null}},"26":{"start":{"line":65,"column":31},"end":{"line":66,"column":null}},"27":{"start":{"line":69,"column":24},"end":{"line":80,"column":null}},"28":{"start":{"line":83,"column":46},"end":{"line":83,"column":75}},"29":{"start":{"line":85,"column":8},"end":{"line":85,"column":40}},"30":{"start":{"line":89,"column":8},"end":{"line":90,"column":null}},"31":{"start":{"line":93,"column":29},"end":{"line":93,"column":31}},"32":{"start":{"line":95,"column":6},"end":{"line":106,"column":null}},"33":{"start":{"line":96,"column":28},"end":{"line":99,"column":null}},"34":{"start":{"line":103,"column":10},"end":{"line":103,"column":43}},"35":{"start":{"line":105,"column":8},"end":{"line":105,"column":46}},"36":{"start":{"line":108,"column":19},"end":{"line":119,"column":null}},"37":{"start":{"line":122,"column":38},"end":{"line":132,"column":8}},"38":{"start":{"line":134,"column":6},"end":{"line":134,"column":31}},"39":{"start":{"line":137,"column":4},"end":{"line":137,"column":17}},"40":{"start":{"line":140,"column":2},"end":{"line":269,"column":4}},"41":{"start":{"line":142,"column":37},"end":{"line":269,"column":4}},"42":{"start":{"line":143,"column":30},"end":{"line":143,"column":35}},"43":{"start":{"line":144,"column":25},"end":{"line":144,"column":60}},"44":{"start":{"line":146,"column":4},"end":{"line":148,"column":null}},"45":{"start":{"line":147,"column":6},"end":{"line":147,"column":51}},"46":{"start":{"line":150,"column":20},"end":{"line":150,"column":65}},"47":{"start":{"line":152,"column":4},"end":{"line":154,"column":null}},"48":{"start":{"line":153,"column":6},"end":{"line":153,"column":64}},"49":{"start":{"line":156,"column":21},"end":{"line":156,"column":23}},"50":{"start":{"line":158,"column":4},"end":{"line":266,"column":null}},"51":{"start":{"line":159,"column":29},"end":{"line":160,"column":null}},"52":{"start":{"line":163,"column":25},"end":{"line":163,"column":79}},"53":{"start":{"line":165,"column":19},"end":{"line":175,"column":null}},"54":{"start":{"line":178,"column":37},"end":{"line":178,"column":39}},"55":{"start":{"line":180,"column":6},"end":{"line":231,"column":null}},"56":{"start":{"line":181,"column":31},"end":{"line":182,"column":null}},"57":{"start":{"line":185,"column":24},"end":{"line":196,"column":null}},"58":{"start":{"line":200,"column":10},"end":{"line":201,"column":null}},"59":{"start":{"line":204,"column":33},"end":{"line":204,"column":35}},"60":{"start":{"line":205,"column":8},"end":{"line":216,"column":null}},"61":{"start":{"line":206,"column":37},"end":{"line":209,"column":null}},"62":{"start":{"line":213,"column":12},"end":{"line":213,"column":52}},"63":{"start":{"line":215,"column":10},"end":{"line":215,"column":55}},"64":{"start":{"line":218,"column":47},"end":{"line":228,"column":10}},"65":{"start":{"line":230,"column":8},"end":{"line":230,"column":40}},"66":{"start":{"line":234,"column":8},"end":{"line":235,"column":null}},"67":{"start":{"line":238,"column":29},"end":{"line":238,"column":31}},"68":{"start":{"line":240,"column":6},"end":{"line":251,"column":null}},"69":{"start":{"line":241,"column":28},"end":{"line":244,"column":null}},"70":{"start":{"line":248,"column":10},"end":{"line":248,"column":43}},"71":{"start":{"line":250,"column":8},"end":{"line":250,"column":46}},"72":{"start":{"line":253,"column":32},"end":{"line":263,"column":8}},"73":{"start":{"line":265,"column":6},"end":{"line":265,"column":31}},"74":{"start":{"line":268,"column":4},"end":{"line":268,"column":17}},"75":{"start":{"line":271,"column":2},"end":{"line":297,"column":4}},"76":{"start":{"line":271,"column":68},"end":{"line":297,"column":4}},"77":{"start":{"line":272,"column":31},"end":{"line":272,"column":36}},"78":{"start":{"line":273,"column":25},"end":{"line":273,"column":60}},"79":{"start":{"line":275,"column":4},"end":{"line":277,"column":null}},"80":{"start":{"line":276,"column":6},"end":{"line":276,"column":51}},"81":{"start":{"line":279,"column":15},"end":{"line":279,"column":38}},"82":{"start":{"line":281,"column":20},"end":{"line":289,"column":null}},"83":{"start":{"line":292,"column":22},"end":{"line":292,"column":40}},"84":{"start":{"line":294,"column":4},"end":{"line":294,"column":51}},"85":{"start":{"line":296,"column":4},"end":{"line":296,"column":40}},"86":{"start":{"line":299,"column":2},"end":{"line":341,"column":4}},"87":{"start":{"line":299,"column":49},"end":{"line":341,"column":4}},"88":{"start":{"line":300,"column":35},"end":{"line":300,"column":40}},"89":{"start":{"line":302,"column":25},"end":{"line":302,"column":60}},"90":{"start":{"line":304,"column":4},"end":{"line":306,"column":null}},"91":{"start":{"line":305,"column":6},"end":{"line":305,"column":51}},"92":{"start":{"line":308,"column":19},"end":{"line":308,"column":34}},"93":{"start":{"line":310,"column":21},"end":{"line":310,"column":62}},"94":{"start":{"line":312,"column":4},"end":{"line":314,"column":null}},"95":{"start":{"line":313,"column":6},"end":{"line":313,"column":49}},"96":{"start":{"line":316,"column":23},"end":{"line":316,"column":51}},"97":{"start":{"line":318,"column":4},"end":{"line":320,"column":null}},"98":{"start":{"line":319,"column":6},"end":{"line":319,"column":69}},"99":{"start":{"line":322,"column":17},"end":{"line":330,"column":null}},"100":{"start":{"line":333,"column":4},"end":{"line":333,"column":46}},"101":{"start":{"line":334,"column":4},"end":{"line":334,"column":40}},"102":{"start":{"line":336,"column":25},"end":{"line":336,"column":40}},"103":{"start":{"line":338,"column":4},"end":{"line":338,"column":56}},"104":{"start":{"line":340,"column":4},"end":{"line":340,"column":27}},"105":{"start":{"line":343,"column":2},"end":{"line":381,"column":4}},"106":{"start":{"line":343,"column":76},"end":{"line":381,"column":4}},"107":{"start":{"line":344,"column":26},"end":{"line":344,"column":39}},"108":{"start":{"line":346,"column":25},"end":{"line":346,"column":60}},"109":{"start":{"line":348,"column":4},"end":{"line":350,"column":null}},"110":{"start":{"line":349,"column":6},"end":{"line":349,"column":51}},"111":{"start":{"line":352,"column":21},"end":{"line":352,"column":62}},"112":{"start":{"line":354,"column":4},"end":{"line":356,"column":null}},"113":{"start":{"line":355,"column":6},"end":{"line":355,"column":49}},"114":{"start":{"line":358,"column":23},"end":{"line":358,"column":60}},"115":{"start":{"line":360,"column":4},"end":{"line":364,"column":null}},"116":{"start":{"line":361,"column":6},"end":{"line":363,"column":null}},"117":{"start":{"line":362,"column":8},"end":{"line":362,"column":71}},"118":{"start":{"line":366,"column":23},"end":{"line":366,"column":73}},"119":{"start":{"line":368,"column":4},"end":{"line":374,"column":null}},"120":{"start":{"line":369,"column":6},"end":{"line":371,"column":8}},"121":{"start":{"line":373,"column":6},"end":{"line":373,"column":61}},"122":{"start":{"line":376,"column":4},"end":{"line":376,"column":62}},"123":{"start":{"line":378,"column":4},"end":{"line":378,"column":44}},"124":{"start":{"line":380,"column":4},"end":{"line":380,"column":27}},"125":{"start":{"line":383,"column":2},"end":{"line":482,"column":4}},"126":{"start":{"line":383,"column":69},"end":{"line":482,"column":4}},"127":{"start":{"line":384,"column":32},"end":{"line":384,"column":49}},"128":{"start":{"line":386,"column":25},"end":{"line":386,"column":60}},"129":{"start":{"line":388,"column":4},"end":{"line":390,"column":null}},"130":{"start":{"line":389,"column":6},"end":{"line":389,"column":51}},"131":{"start":{"line":392,"column":19},"end":{"line":392,"column":34}},"132":{"start":{"line":393,"column":19},"end":{"line":393,"column":21}},"133":{"start":{"line":397,"column":27},"end":{"line":397,"column":40}},"134":{"start":{"line":399,"column":50},"end":{"line":403,"column":6}},"135":{"start":{"line":406,"column":6},"end":{"line":408,"column":null}},"136":{"start":{"line":411,"column":21},"end":{"line":411,"column":66}},"137":{"start":{"line":413,"column":4},"end":{"line":415,"column":null}},"138":{"start":{"line":414,"column":6},"end":{"line":414,"column":49}},"139":{"start":{"line":417,"column":4},"end":{"line":421,"column":null}},"140":{"start":{"line":418,"column":6},"end":{"line":420,"column":8}},"141":{"start":{"line":423,"column":4},"end":{"line":479,"column":null}},"142":{"start":{"line":426,"column":6},"end":{"line":430,"column":null}},"143":{"start":{"line":427,"column":8},"end":{"line":427,"column":66}},"144":{"start":{"line":429,"column":8},"end":{"line":429,"column":60}},"145":{"start":{"line":432,"column":6},"end":{"line":432,"column":60}},"146":{"start":{"line":434,"column":6},"end":{"line":436,"column":8}},"147":{"start":{"line":438,"column":6},"end":{"line":438,"column":43}},"148":{"start":{"line":442,"column":6},"end":{"line":446,"column":null}},"149":{"start":{"line":443,"column":8},"end":{"line":443,"column":66}},"150":{"start":{"line":444,"column":13},"end":{"line":446,"column":null}},"151":{"start":{"line":445,"column":8},"end":{"line":445,"column":60}},"152":{"start":{"line":448,"column":6},"end":{"line":454,"column":null}},"153":{"start":{"line":449,"column":8},"end":{"line":451,"column":66}},"154":{"start":{"line":453,"column":8},"end":{"line":453,"column":75}},"155":{"start":{"line":456,"column":6},"end":{"line":468,"column":null}},"156":{"start":{"line":457,"column":8},"end":{"line":461,"column":10}},"157":{"start":{"line":462,"column":13},"end":{"line":468,"column":null}},"158":{"start":{"line":463,"column":8},"end":{"line":467,"column":10}},"159":{"start":{"line":470,"column":6},"end":{"line":470,"column":70}},"160":{"start":{"line":472,"column":6},"end":{"line":476,"column":8}},"161":{"start":{"line":478,"column":6},"end":{"line":478,"column":43}},"162":{"start":{"line":481,"column":4},"end":{"line":481,"column":20}},"163":{"start":{"line":31,"column":0},"end":{"line":31,"column":13}}},"fnMap":{"0":{"name":"(anonymous_7)","decl":{"start":{"line":32,"column":2},"end":{"line":32,"column":null}},"loc":{"start":{"line":39,"column":66},"end":{"line":40,"column":6}}},"1":{"name":"(anonymous_8)","decl":{"start":{"line":42,"column":16},"end":{"line":42,"column":23}},"loc":{"start":{"line":42,"column":75},"end":{"line":138,"column":4}}},"2":{"name":"(anonymous_9)","decl":{"start":{"line":42,"column":75},"end":{"line":42,"column":null}},"loc":{"start":{"line":42,"column":75},"end":{"line":138,"column":3}}},"3":{"name":"(anonymous_10)","decl":{"start":{"line":140,"column":17},"end":{"line":140,"column":null}},"loc":{"start":{"line":142,"column":37},"end":{"line":269,"column":4}}},"4":{"name":"(anonymous_11)","decl":{"start":{"line":142,"column":37},"end":{"line":142,"column":null}},"loc":{"start":{"line":142,"column":37},"end":{"line":269,"column":3}}},"5":{"name":"(anonymous_12)","decl":{"start":{"line":271,"column":15},"end":{"line":271,"column":22}},"loc":{"start":{"line":271,"column":68},"end":{"line":297,"column":4}}},"6":{"name":"(anonymous_13)","decl":{"start":{"line":271,"column":68},"end":{"line":271,"column":null}},"loc":{"start":{"line":271,"column":68},"end":{"line":297,"column":3}}},"7":{"name":"(anonymous_14)","decl":{"start":{"line":299,"column":13},"end":{"line":299,"column":20}},"loc":{"start":{"line":299,"column":49},"end":{"line":341,"column":4}}},"8":{"name":"(anonymous_15)","decl":{"start":{"line":299,"column":49},"end":{"line":299,"column":null}},"loc":{"start":{"line":299,"column":49},"end":{"line":341,"column":3}}},"9":{"name":"(anonymous_16)","decl":{"start":{"line":343,"column":15},"end":{"line":343,"column":22}},"loc":{"start":{"line":343,"column":76},"end":{"line":381,"column":4}}},"10":{"name":"(anonymous_17)","decl":{"start":{"line":343,"column":76},"end":{"line":343,"column":null}},"loc":{"start":{"line":343,"column":76},"end":{"line":381,"column":3}}},"11":{"name":"(anonymous_18)","decl":{"start":{"line":383,"column":18},"end":{"line":383,"column":25}},"loc":{"start":{"line":383,"column":69},"end":{"line":482,"column":4}}},"12":{"name":"(anonymous_19)","decl":{"start":{"line":383,"column":69},"end":{"line":383,"column":null}},"loc":{"start":{"line":383,"column":69},"end":{"line":482,"column":3}}}},"branchMap":{"0":{"loc":{"start":{"line":45,"column":4},"end":{"line":47,"column":null}},"type":"if","locations":[{"start":{"line":45,"column":4},"end":{"line":47,"column":null}}]},"1":{"loc":{"start":{"line":146,"column":4},"end":{"line":148,"column":null}},"type":"if","locations":[{"start":{"line":146,"column":4},"end":{"line":148,"column":null}}]},"2":{"loc":{"start":{"line":152,"column":4},"end":{"line":154,"column":null}},"type":"if","locations":[{"start":{"line":152,"column":4},"end":{"line":154,"column":null}}]},"3":{"loc":{"start":{"line":275,"column":4},"end":{"line":277,"column":null}},"type":"if","locations":[{"start":{"line":275,"column":4},"end":{"line":277,"column":null}}]},"4":{"loc":{"start":{"line":304,"column":4},"end":{"line":306,"column":null}},"type":"if","locations":[{"start":{"line":304,"column":4},"end":{"line":306,"column":null}}]},"5":{"loc":{"start":{"line":312,"column":4},"end":{"line":314,"column":null}},"type":"if","locations":[{"start":{"line":312,"column":4},"end":{"line":314,"column":null}}]},"6":{"loc":{"start":{"line":318,"column":4},"end":{"line":320,"column":null}},"type":"if","locations":[{"start":{"line":318,"column":4},"end":{"line":320,"column":null}}]},"7":{"loc":{"start":{"line":334,"column":4},"end":{"line":334,"column":39}},"type":"binary-expr","locations":[{"start":{"line":334,"column":4},"end":{"line":334,"column":11}},{"start":{"line":334,"column":16},"end":{"line":334,"column":38}}]},"8":{"loc":{"start":{"line":348,"column":4},"end":{"line":350,"column":null}},"type":"if","locations":[{"start":{"line":348,"column":4},"end":{"line":350,"column":null}}]},"9":{"loc":{"start":{"line":354,"column":4},"end":{"line":356,"column":null}},"type":"if","locations":[{"start":{"line":354,"column":4},"end":{"line":356,"column":null}}]},"10":{"loc":{"start":{"line":360,"column":4},"end":{"line":364,"column":null}},"type":"if","locations":[{"start":{"line":360,"column":4},"end":{"line":364,"column":null}}]},"11":{"loc":{"start":{"line":361,"column":6},"end":{"line":363,"column":null}},"type":"if","locations":[{"start":{"line":361,"column":6},"end":{"line":363,"column":null}}]},"12":{"loc":{"start":{"line":388,"column":4},"end":{"line":390,"column":null}},"type":"if","locations":[{"start":{"line":388,"column":4},"end":{"line":390,"column":null}}]},"13":{"loc":{"start":{"line":397,"column":27},"end":{"line":397,"column":40}},"type":"cond-expr","locations":[{"start":{"line":397,"column":35},"end":{"line":397,"column":36}},{"start":{"line":397,"column":39},"end":{"line":397,"column":40}}]},"14":{"loc":{"start":{"line":413,"column":4},"end":{"line":415,"column":null}},"type":"if","locations":[{"start":{"line":413,"column":4},"end":{"line":415,"column":null}}]},"15":{"loc":{"start":{"line":417,"column":4},"end":{"line":421,"column":null}},"type":"if","locations":[{"start":{"line":417,"column":4},"end":{"line":421,"column":null}}]},"16":{"loc":{"start":{"line":423,"column":4},"end":{"line":479,"column":null}},"type":"if","locations":[{"start":{"line":423,"column":4},"end":{"line":479,"column":null}},{"start":{"line":439,"column":11},"end":{"line":479,"column":null}}]},"17":{"loc":{"start":{"line":426,"column":6},"end":{"line":430,"column":null}},"type":"if","locations":[{"start":{"line":426,"column":6},"end":{"line":430,"column":null}},{"start":{"line":428,"column":13},"end":{"line":430,"column":null}}]},"18":{"loc":{"start":{"line":442,"column":6},"end":{"line":446,"column":null}},"type":"if","locations":[{"start":{"line":442,"column":6},"end":{"line":446,"column":null}},{"start":{"line":444,"column":13},"end":{"line":446,"column":null}}]},"19":{"loc":{"start":{"line":442,"column":10},"end":{"line":442,"column":49}},"type":"binary-expr","locations":[{"start":{"line":442,"column":10},"end":{"line":442,"column":15}},{"start":{"line":442,"column":19},"end":{"line":442,"column":49}}]},"20":{"loc":{"start":{"line":444,"column":13},"end":{"line":446,"column":null}},"type":"if","locations":[{"start":{"line":444,"column":13},"end":{"line":446,"column":null}}]},"21":{"loc":{"start":{"line":444,"column":17},"end":{"line":444,"column":55}},"type":"binary-expr","locations":[{"start":{"line":444,"column":17},"end":{"line":444,"column":21}},{"start":{"line":444,"column":25},"end":{"line":444,"column":55}}]},"22":{"loc":{"start":{"line":448,"column":6},"end":{"line":454,"column":null}},"type":"if","locations":[{"start":{"line":448,"column":6},"end":{"line":454,"column":null}}]},"23":{"loc":{"start":{"line":449,"column":8},"end":{"line":451,"column":65}},"type":"cond-expr","locations":[{"start":{"line":450,"column":13},"end":{"line":450,"column":70}},{"start":{"line":451,"column":13},"end":{"line":451,"column":64}}]},"24":{"loc":{"start":{"line":456,"column":6},"end":{"line":468,"column":null}},"type":"if","locations":[{"start":{"line":456,"column":6},"end":{"line":468,"column":null}},{"start":{"line":462,"column":13},"end":{"line":468,"column":null}}]},"25":{"loc":{"start":{"line":456,"column":10},"end":{"line":456,"column":53}},"type":"binary-expr","locations":[{"start":{"line":456,"column":10},"end":{"line":456,"column":22}},{"start":{"line":456,"column":26},"end":{"line":456,"column":53}}]},"26":{"loc":{"start":{"line":462,"column":13},"end":{"line":468,"column":null}},"type":"if","locations":[{"start":{"line":462,"column":13},"end":{"line":468,"column":null}}]},"27":{"loc":{"start":{"line":462,"column":17},"end":{"line":462,"column":60}},"type":"binary-expr","locations":[{"start":{"line":462,"column":17},"end":{"line":462,"column":29}},{"start":{"line":462,"column":33},"end":{"line":462,"column":60}}]}},"s":{"0":6,"1":6,"2":6,"3":6,"4":6,"5":6,"6":6,"7":6,"8":6,"9":6,"10":6,"11":6,"12":6,"13":6,"14":6,"15":2,"16":2,"17":2,"18":1,"19":1,"20":1,"21":1,"22":2,"23":2,"24":2,"25":2,"26":2,"27":2,"28":2,"29":2,"30":2,"31":2,"32":2,"33":3,"34":3,"35":3,"36":2,"37":2,"38":2,"39":1,"40":6,"41":3,"42":3,"43":3,"44":3,"45":1,"46":2,"47":2,"48":1,"49":1,"50":1,"51":1,"52":1,"53":1,"54":1,"55":1,"56":1,"57":1,"58":1,"59":1,"60":1,"61":1,"62":1,"63":1,"64":1,"65":1,"66":1,"67":1,"68":1,"69":3,"70":3,"71":3,"72":1,"73":1,"74":1,"75":6,"76":2,"77":2,"78":2,"79":2,"80":1,"81":1,"82":1,"83":1,"84":1,"85":1,"86":6,"87":4,"88":4,"89":4,"90":4,"91":1,"92":3,"93":3,"94":3,"95":1,"96":2,"97":2,"98":1,"99":1,"100":1,"101":1,"102":1,"103":1,"104":1,"105":6,"106":4,"107":4,"108":4,"109":4,"110":1,"111":3,"112":3,"113":1,"114":2,"115":2,"116":2,"117":1,"118":1,"119":1,"120":1,"121":1,"122":1,"123":1,"124":1,"125":6,"126":10,"127":10,"128":10,"129":10,"130":1,"131":9,"132":9,"133":9,"134":9,"135":9,"136":9,"137":9,"138":1,"139":8,"140":1,"141":7,"142":2,"143":1,"144":1,"145":2,"146":2,"147":2,"148":5,"149":1,"150":4,"151":1,"152":5,"153":1,"154":1,"155":5,"156":1,"157":4,"158":1,"159":5,"160":5,"161":5,"162":7,"163":6},"f":{"0":6,"1":2,"2":2,"3":3,"4":3,"5":2,"6":2,"7":4,"8":4,"9":4,"10":4,"11":10,"12":10},"b":{"0":[1],"1":[1],"2":[1],"3":[1],"4":[1],"5":[1],"6":[1],"7":[1,1],"8":[1],"9":[1],"10":[2],"11":[1],"12":[1],"13":[3,6],"14":[1],"15":[1],"16":[2,5],"17":[1,1],"18":[1,4],"19":[5,2],"20":[1],"21":[4,3],"22":[1],"23":[0,1],"24":[1,4],"25":[5,2],"26":[1],"27":[4,3]}}
,"C:\\Users\\hiani\\Desktop\\italo\\programacao\\projeto\\modulo-4\\labeddit\\back\\labeddit-back-end\\src\\business\\UserBusiness.ts": {"path":"C:\\Users\\hiani\\Desktop\\italo\\programacao\\projeto\\modulo-4\\labeddit\\back\\labeddit-back-end\\src\\business\\UserBusiness.ts","statementMap":{"0":{"start":{"line":1,"column":0},"end":{"line":1,"column":66}},"1":{"start":{"line":2,"column":0},"end":{"line":2,"column":62}},"2":{"start":{"line":6,"column":0},"end":{"line":6,"column":51}},"3":{"start":{"line":13,"column":12},"end":{"line":13,"column":38}},"4":{"start":{"line":14,"column":12},"end":{"line":14,"column":32}},"5":{"start":{"line":15,"column":12},"end":{"line":15,"column":36}},"6":{"start":{"line":16,"column":12},"end":{"line":16,"column":38}},"7":{"start":{"line":19,"column":2},"end":{"line":61,"column":4}},"8":{"start":{"line":19,"column":73},"end":{"line":61,"column":4}},"9":{"start":{"line":20,"column":38},"end":{"line":20,"column":47}},"10":{"start":{"line":22,"column":21},"end":{"line":22,"column":67}},"11":{"start":{"line":24,"column":4},"end":{"line":26,"column":null}},"12":{"start":{"line":25,"column":6},"end":{"line":25,"column":58}},"13":{"start":{"line":28,"column":4},"end":{"line":28,"column":24}},"14":{"start":{"line":30,"column":15},"end":{"line":30,"column":38}},"15":{"start":{"line":32,"column":25},"end":{"line":32,"column":62}},"16":{"start":{"line":34,"column":20},"end":{"line":40,"column":null}},"17":{"start":{"line":45,"column":22},"end":{"line":45,"column":41}},"18":{"start":{"line":49,"column":4},"end":{"line":49,"column":50}},"19":{"start":{"line":51,"column":25},"end":{"line":51,"column":53}},"20":{"start":{"line":53,"column":18},"end":{"line":53,"column":61}},"21":{"start":{"line":55,"column":37},"end":{"line":58,"column":6}},"22":{"start":{"line":60,"column":4},"end":{"line":60,"column":20}},"23":{"start":{"line":63,"column":2},"end":{"line":102,"column":4}},"24":{"start":{"line":63,"column":70},"end":{"line":102,"column":4}},"25":{"start":{"line":64,"column":32},"end":{"line":64,"column":41}},"26":{"start":{"line":66,"column":21},"end":{"line":66,"column":67}},"27":{"start":{"line":68,"column":4},"end":{"line":70,"column":null}},"28":{"start":{"line":69,"column":6},"end":{"line":69,"column":50}},"29":{"start":{"line":72,"column":25},"end":{"line":72,"column":40}},"30":{"start":{"line":74,"column":30},"end":{"line":76,"column":null}},"31":{"start":{"line":79,"column":4},"end":{"line":81,"column":null}},"32":{"start":{"line":80,"column":6},"end":{"line":80,"column":64}},"33":{"start":{"line":83,"column":17},"end":{"line":89,"column":null}},"34":{"start":{"line":92,"column":25},"end":{"line":92,"column":50}},"35":{"start":{"line":94,"column":18},"end":{"line":94,"column":61}},"36":{"start":{"line":96,"column":38},"end":{"line":99,"column":6}},"37":{"start":{"line":101,"column":4},"end":{"line":101,"column":20}},"38":{"start":{"line":11,"column":0},"end":{"line":11,"column":13}}},"fnMap":{"0":{"name":"(anonymous_7)","decl":{"start":{"line":12,"column":2},"end":{"line":12,"column":null}},"loc":{"start":{"line":16,"column":38},"end":{"line":17,"column":6}}},"1":{"name":"(anonymous_8)","decl":{"start":{"line":19,"column":11},"end":{"line":19,"column":18}},"loc":{"start":{"line":19,"column":73},"end":{"line":61,"column":4}}},"2":{"name":"(anonymous_9)","decl":{"start":{"line":19,"column":73},"end":{"line":19,"column":null}},"loc":{"start":{"line":19,"column":73},"end":{"line":61,"column":3}}},"3":{"name":"(anonymous_10)","decl":{"start":{"line":63,"column":10},"end":{"line":63,"column":17}},"loc":{"start":{"line":63,"column":70},"end":{"line":102,"column":4}}},"4":{"name":"(anonymous_11)","decl":{"start":{"line":63,"column":70},"end":{"line":63,"column":null}},"loc":{"start":{"line":63,"column":70},"end":{"line":102,"column":3}}}},"branchMap":{"0":{"loc":{"start":{"line":24,"column":4},"end":{"line":26,"column":null}},"type":"if","locations":[{"start":{"line":24,"column":4},"end":{"line":26,"column":null}}]},"1":{"loc":{"start":{"line":68,"column":4},"end":{"line":70,"column":null}},"type":"if","locations":[{"start":{"line":68,"column":4},"end":{"line":70,"column":null}}]},"2":{"loc":{"start":{"line":79,"column":4},"end":{"line":81,"column":null}},"type":"if","locations":[{"start":{"line":79,"column":4},"end":{"line":81,"column":null}}]}},"s":{"0":2,"1":2,"2":2,"3":2,"4":2,"5":2,"6":2,"7":2,"8":2,"9":2,"10":2,"11":2,"12":1,"13":1,"14":1,"15":1,"16":1,"17":1,"18":1,"19":1,"20":1,"21":1,"22":1,"23":2,"24":4,"25":4,"26":4,"27":4,"28":1,"29":3,"30":3,"31":3,"32":1,"33":2,"34":2,"35":2,"36":2,"37":2,"38":2},"f":{"0":2,"1":2,"2":2,"3":4,"4":4},"b":{"0":[1],"1":[1],"2":[1]}}
,"C:\\Users\\hiani\\Desktop\\italo\\programacao\\projeto\\modulo-4\\labeddit\\back\\labeddit-back-end\\src\\customErrors\\BadRequestError.ts": {"path":"C:\\Users\\hiani\\Desktop\\italo\\programacao\\projeto\\modulo-4\\labeddit\\back\\labeddit-back-end\\src\\customErrors\\BadRequestError.ts","statementMap":{"0":{"start":{"line":1,"column":0},"end":{"line":1,"column":40}},"1":{"start":{"line":5,"column":4},"end":{"line":5,"column":24}},"2":{"start":{"line":3,"column":0},"end":{"line":3,"column":13}}},"fnMap":{"0":{"name":"(anonymous_0)","decl":{"start":{"line":4,"column":2},"end":{"line":4,"column":14}},"loc":{"start":{"line":4,"column":46},"end":{"line":6,"column":3}}}},"branchMap":{"0":{"loc":{"start":{"line":4,"column":14},"end":{"line":4,"column":46}},"type":"default-arg","locations":[{"start":{"line":4,"column":24},"end":{"line":4,"column":46}}]}},"s":{"0":12,"1":9,"2":12},"f":{"0":9},"b":{"0":[0]}}
,"C:\\Users\\hiani\\Desktop\\italo\\programacao\\projeto\\modulo-4\\labeddit\\back\\labeddit-back-end\\src\\customErrors\\BaseError.ts": {"path":"C:\\Users\\hiani\\Desktop\\italo\\programacao\\projeto\\modulo-4\\labeddit\\back\\labeddit-back-end\\src\\customErrors\\BaseError.ts","statementMap":{"0":{"start":{"line":3,"column":4},"end":{"line":3,"column":19}},"1":{"start":{"line":2,"column":21},"end":{"line":2,"column":39}},"2":{"start":{"line":1,"column":0},"end":{"line":1,"column":13}}},"fnMap":{"0":{"name":"(anonymous_0)","decl":{"start":{"line":2,"column":2},"end":{"line":2,"column":21}},"loc":{"start":{"line":2,"column":56},"end":{"line":4,"column":3}}}},"branchMap":{},"s":{"0":28,"1":28,"2":12},"f":{"0":28},"b":{}}
,"C:\\Users\\hiani\\Desktop\\italo\\programacao\\projeto\\modulo-4\\labeddit\\back\\labeddit-back-end\\src\\customErrors\\NotFoundError.ts": {"path":"C:\\Users\\hiani\\Desktop\\italo\\programacao\\projeto\\modulo-4\\labeddit\\back\\labeddit-back-end\\src\\customErrors\\NotFoundError.ts","statementMap":{"0":{"start":{"line":1,"column":0},"end":{"line":1,"column":40}},"1":{"start":{"line":5,"column":4},"end":{"line":5,"column":24}},"2":{"start":{"line":3,"column":0},"end":{"line":3,"column":13}}},"fnMap":{"0":{"name":"(anonymous_0)","decl":{"start":{"line":4,"column":2},"end":{"line":4,"column":14}},"loc":{"start":{"line":4,"column":60},"end":{"line":6,"column":3}}}},"branchMap":{"0":{"loc":{"start":{"line":4,"column":14},"end":{"line":4,"column":60}},"type":"default-arg","locations":[{"start":{"line":4,"column":24},"end":{"line":4,"column":60}}]}},"s":{"0":12,"1":19,"2":12},"f":{"0":19},"b":{"0":[0]}}
,"C:\\Users\\hiani\\Desktop\\italo\\programacao\\projeto\\modulo-4\\labeddit\\back\\labeddit-back-end\\src\\database\\BaseDatabase.ts": {"path":"C:\\Users\\hiani\\Desktop\\italo\\programacao\\projeto\\modulo-4\\labeddit\\back\\labeddit-back-end\\src\\database\\BaseDatabase.ts","statementMap":{"0":{"start":{"line":1,"column":0},"end":{"line":1,"column":24}},"1":{"start":{"line":2,"column":0},"end":{"line":2,"column":28}},"2":{"start":{"line":4,"column":0},"end":{"line":4,"column":16}},"3":{"start":{"line":7,"column":19},"end":{"line":20,"column":5}},"4":{"start":{"line":17,"column":8},"end":{"line":17,"column":49}},"5":{"start":{"line":6,"column":22},"end":{"line":6,"column":34}}},"fnMap":{"0":{"name":"(anonymous_1)","decl":{"start":{"line":16,"column":19},"end":{"line":16,"column":20}},"loc":{"start":{"line":16,"column":42},"end":{"line":18,"column":7}}}},"branchMap":{},"s":{"0":12,"1":12,"2":12,"3":12,"4":0,"5":12},"f":{"0":0},"b":{}}
,"C:\\Users\\hiani\\Desktop\\italo\\programacao\\projeto\\modulo-4\\labeddit\\back\\labeddit-back-end\\src\\dtos\\commentDTO\\LikeOrDislikeComment.dto.ts": {"path":"C:\\Users\\hiani\\Desktop\\italo\\programacao\\projeto\\modulo-4\\labeddit\\back\\labeddit-back-end\\src\\dtos\\commentDTO\\LikeOrDislikeComment.dto.ts","statementMap":{"0":{"start":{"line":1,"column":0},"end":{"line":1,"column":20}},"1":{"start":{"line":9,"column":13},"end":{"line":15,"column":61}},"2":{"start":{"line":15,"column":23},"end":{"line":15,"column":59}}},"fnMap":{"0":{"name":"(anonymous_1)","decl":{"start":{"line":15,"column":13},"end":{"line":15,"column":14}},"loc":{"start":{"line":15,"column":23},"end":{"line":15,"column":59}}}},"branchMap":{},"s":{"0":1,"1":1,"2":10},"f":{"0":10},"b":{}}
,"C:\\Users\\hiani\\Desktop\\italo\\programacao\\projeto\\modulo-4\\labeddit\\back\\labeddit-back-end\\src\\dtos\\commentDTO\\createComment.dto.ts": {"path":"C:\\Users\\hiani\\Desktop\\italo\\programacao\\projeto\\modulo-4\\labeddit\\back\\labeddit-back-end\\src\\dtos\\commentDTO\\createComment.dto.ts","statementMap":{"0":{"start":{"line":1,"column":0},"end":{"line":1,"column":20}},"1":{"start":{"line":9,"column":13},"end":{"line":15,"column":54}},"2":{"start":{"line":15,"column":23},"end":{"line":15,"column":52}}},"fnMap":{"0":{"name":"(anonymous_1)","decl":{"start":{"line":15,"column":13},"end":{"line":15,"column":14}},"loc":{"start":{"line":15,"column":23},"end":{"line":15,"column":52}}}},"branchMap":{},"s":{"0":1,"1":1,"2":4},"f":{"0":4},"b":{}}
,"C:\\Users\\hiani\\Desktop\\italo\\programacao\\projeto\\modulo-4\\labeddit\\back\\labeddit-back-end\\src\\dtos\\commentDTO\\deletePost.dto.ts": {"path":"C:\\Users\\hiani\\Desktop\\italo\\programacao\\projeto\\modulo-4\\labeddit\\back\\labeddit-back-end\\src\\dtos\\commentDTO\\deletePost.dto.ts","statementMap":{"0":{"start":{"line":1,"column":0},"end":{"line":1,"column":20}},"1":{"start":{"line":8,"column":13},"end":{"line":13,"column":54}},"2":{"start":{"line":13,"column":23},"end":{"line":13,"column":52}}},"fnMap":{"0":{"name":"(anonymous_1)","decl":{"start":{"line":13,"column":13},"end":{"line":13,"column":14}},"loc":{"start":{"line":13,"column":23},"end":{"line":13,"column":52}}}},"branchMap":{},"s":{"0":1,"1":1,"2":4},"f":{"0":4},"b":{}}
,"C:\\Users\\hiani\\Desktop\\italo\\programacao\\projeto\\modulo-4\\labeddit\\back\\labeddit-back-end\\src\\dtos\\commentDTO\\updatePost.dto.ts": {"path":"C:\\Users\\hiani\\Desktop\\italo\\programacao\\projeto\\modulo-4\\labeddit\\back\\labeddit-back-end\\src\\dtos\\commentDTO\\updatePost.dto.ts","statementMap":{"0":{"start":{"line":1,"column":0},"end":{"line":1,"column":20}},"1":{"start":{"line":9,"column":13},"end":{"line":15,"column":54}},"2":{"start":{"line":15,"column":23},"end":{"line":15,"column":52}}},"fnMap":{"0":{"name":"(anonymous_1)","decl":{"start":{"line":15,"column":13},"end":{"line":15,"column":14}},"loc":{"start":{"line":15,"column":23},"end":{"line":15,"column":52}}}},"branchMap":{},"s":{"0":1,"1":1,"2":4},"f":{"0":4},"b":{}}
,"C:\\Users\\hiani\\Desktop\\italo\\programacao\\projeto\\modulo-4\\labeddit\\back\\labeddit-back-end\\src\\dtos\\postDTO\\GetPosts.dto.ts": {"path":"C:\\Users\\hiani\\Desktop\\italo\\programacao\\projeto\\modulo-4\\labeddit\\back\\labeddit-back-end\\src\\dtos\\postDTO\\GetPosts.dto.ts","statementMap":{"0":{"start":{"line":2,"column":0},"end":{"line":2,"column":20}},"1":{"start":{"line":13,"column":13},"end":{"line":17,"column":48}},"2":{"start":{"line":17,"column":23},"end":{"line":17,"column":46}}},"fnMap":{"0":{"name":"(anonymous_1)","decl":{"start":{"line":17,"column":13},"end":{"line":17,"column":14}},"loc":{"start":{"line":17,"column":23},"end":{"line":17,"column":46}}}},"branchMap":{},"s":{"0":1,"1":1,"2":2},"f":{"0":2},"b":{}}
,"C:\\Users\\hiani\\Desktop\\italo\\programacao\\projeto\\modulo-4\\labeddit\\back\\labeddit-back-end\\src\\dtos\\postDTO\\GetPostsById.dto.ts": {"path":"C:\\Users\\hiani\\Desktop\\italo\\programacao\\projeto\\modulo-4\\labeddit\\back\\labeddit-back-end\\src\\dtos\\postDTO\\GetPostsById.dto.ts","statementMap":{"0":{"start":{"line":2,"column":0},"end":{"line":2,"column":20}},"1":{"start":{"line":14,"column":13},"end":{"line":19,"column":52}},"2":{"start":{"line":19,"column":23},"end":{"line":19,"column":50}}},"fnMap":{"0":{"name":"(anonymous_1)","decl":{"start":{"line":19,"column":13},"end":{"line":19,"column":14}},"loc":{"start":{"line":19,"column":23},"end":{"line":19,"column":50}}}},"branchMap":{},"s":{"0":1,"1":1,"2":3},"f":{"0":3},"b":{}}
,"C:\\Users\\hiani\\Desktop\\italo\\programacao\\projeto\\modulo-4\\labeddit\\back\\labeddit-back-end\\src\\dtos\\postDTO\\LikeOrDislike.dto.ts": {"path":"C:\\Users\\hiani\\Desktop\\italo\\programacao\\projeto\\modulo-4\\labeddit\\back\\labeddit-back-end\\src\\dtos\\postDTO\\LikeOrDislike.dto.ts","statementMap":{"0":{"start":{"line":1,"column":0},"end":{"line":1,"column":20}},"1":{"start":{"line":9,"column":13},"end":{"line":15,"column":54}},"2":{"start":{"line":15,"column":23},"end":{"line":15,"column":52}}},"fnMap":{"0":{"name":"(anonymous_1)","decl":{"start":{"line":15,"column":13},"end":{"line":15,"column":14}},"loc":{"start":{"line":15,"column":23},"end":{"line":15,"column":52}}}},"branchMap":{},"s":{"0":1,"1":1,"2":10},"f":{"0":10},"b":{}}
,"C:\\Users\\hiani\\Desktop\\italo\\programacao\\projeto\\modulo-4\\labeddit\\back\\labeddit-back-end\\src\\dtos\\postDTO\\createPost.dto.ts": {"path":"C:\\Users\\hiani\\Desktop\\italo\\programacao\\projeto\\modulo-4\\labeddit\\back\\labeddit-back-end\\src\\dtos\\postDTO\\createPost.dto.ts","statementMap":{"0":{"start":{"line":1,"column":0},"end":{"line":1,"column":20}},"1":{"start":{"line":8,"column":13},"end":{"line":13,"column":51}},"2":{"start":{"line":13,"column":23},"end":{"line":13,"column":49}}},"fnMap":{"0":{"name":"(anonymous_1)","decl":{"start":{"line":13,"column":13},"end":{"line":13,"column":14}},"loc":{"start":{"line":13,"column":23},"end":{"line":13,"column":49}}}},"branchMap":{},"s":{"0":1,"1":1,"2":2},"f":{"0":2},"b":{}}
,"C:\\Users\\hiani\\Desktop\\italo\\programacao\\projeto\\modulo-4\\labeddit\\back\\labeddit-back-end\\src\\dtos\\postDTO\\deletePost.dto.ts": {"path":"C:\\Users\\hiani\\Desktop\\italo\\programacao\\projeto\\modulo-4\\labeddit\\back\\labeddit-back-end\\src\\dtos\\postDTO\\deletePost.dto.ts","statementMap":{"0":{"start":{"line":1,"column":0},"end":{"line":1,"column":20}},"1":{"start":{"line":8,"column":13},"end":{"line":13,"column":51}},"2":{"start":{"line":13,"column":23},"end":{"line":13,"column":49}}},"fnMap":{"0":{"name":"(anonymous_1)","decl":{"start":{"line":13,"column":13},"end":{"line":13,"column":14}},"loc":{"start":{"line":13,"column":23},"end":{"line":13,"column":49}}}},"branchMap":{},"s":{"0":1,"1":1,"2":4},"f":{"0":4},"b":{}}
,"C:\\Users\\hiani\\Desktop\\italo\\programacao\\projeto\\modulo-4\\labeddit\\back\\labeddit-back-end\\src\\dtos\\postDTO\\updatePost.dto.ts": {"path":"C:\\Users\\hiani\\Desktop\\italo\\programacao\\projeto\\modulo-4\\labeddit\\back\\labeddit-back-end\\src\\dtos\\postDTO\\updatePost.dto.ts","statementMap":{"0":{"start":{"line":1,"column":0},"end":{"line":1,"column":20}},"1":{"start":{"line":9,"column":13},"end":{"line":15,"column":51}},"2":{"start":{"line":15,"column":23},"end":{"line":15,"column":49}}},"fnMap":{"0":{"name":"(anonymous_1)","decl":{"start":{"line":15,"column":13},"end":{"line":15,"column":14}},"loc":{"start":{"line":15,"column":23},"end":{"line":15,"column":49}}}},"branchMap":{},"s":{"0":1,"1":1,"2":4},"f":{"0":4},"b":{}}
,"C:\\Users\\hiani\\Desktop\\italo\\programacao\\projeto\\modulo-4\\labeddit\\back\\labeddit-back-end\\src\\dtos\\userDTO\\login.dto.ts": {"path":"C:\\Users\\hiani\\Desktop\\italo\\programacao\\projeto\\modulo-4\\labeddit\\back\\labeddit-back-end\\src\\dtos\\userDTO\\login.dto.ts","statementMap":{"0":{"start":{"line":1,"column":0},"end":{"line":1,"column":20}},"1":{"start":{"line":13,"column":13},"end":{"line":16,"column":3}}},"fnMap":{},"branchMap":{},"s":{"0":1,"1":1},"f":{},"b":{}}
,"C:\\Users\\hiani\\Desktop\\italo\\programacao\\projeto\\modulo-4\\labeddit\\back\\labeddit-back-end\\src\\dtos\\userDTO\\signup.dto.ts": {"path":"C:\\Users\\hiani\\Desktop\\italo\\programacao\\projeto\\modulo-4\\labeddit\\back\\labeddit-back-end\\src\\dtos\\userDTO\\signup.dto.ts","statementMap":{"0":{"start":{"line":1,"column":0},"end":{"line":1,"column":20}},"1":{"start":{"line":14,"column":13},"end":{"line":23,"column":3}}},"fnMap":{},"branchMap":{},"s":{"0":1,"1":1},"f":{},"b":{}}
,"C:\\Users\\hiani\\Desktop\\italo\\programacao\\projeto\\modulo-4\\labeddit\\back\\labeddit-back-end\\src\\models\\Comment.ts": {"path":"C:\\Users\\hiani\\Desktop\\italo\\programacao\\projeto\\modulo-4\\labeddit\\back\\labeddit-back-end\\src\\models\\Comment.ts","statementMap":{"0":{"start":{"line":38,"column":12},"end":{"line":38,"column":22}},"1":{"start":{"line":39,"column":12},"end":{"line":39,"column":26}},"2":{"start":{"line":40,"column":12},"end":{"line":40,"column":27}},"3":{"start":{"line":41,"column":12},"end":{"line":41,"column":25}},"4":{"start":{"line":42,"column":12},"end":{"line":42,"column":28}},"5":{"start":{"line":43,"column":12},"end":{"line":43,"column":29}},"6":{"start":{"line":44,"column":12},"end":{"line":44,"column":29}},"7":{"start":{"line":45,"column":12},"end":{"line":45,"column":31}},"8":{"start":{"line":49,"column":4},"end":{"line":49,"column":19}},"9":{"start":{"line":53,"column":4},"end":{"line":53,"column":23}},"10":{"start":{"line":57,"column":4},"end":{"line":57,"column":24}},"11":{"start":{"line":61,"column":4},"end":{"line":61,"column":24}},"12":{"start":{"line":65,"column":4},"end":{"line":65,"column":22}},"13":{"start":{"line":69,"column":4},"end":{"line":69,"column":25}},"14":{"start":{"line":73,"column":4},"end":{"line":73,"column":26}},"15":{"start":{"line":77,"column":4},"end":{"line":77,"column":26}},"16":{"start":{"line":81,"column":4},"end":{"line":81,"column":20}},"17":{"start":{"line":85,"column":4},"end":{"line":85,"column":28}},"18":{"start":{"line":89,"column":4},"end":{"line":89,"column":30}},"19":{"start":{"line":93,"column":4},"end":{"line":93,"column":30}},"20":{"start":{"line":97,"column":4},"end":{"line":97,"column":26}},"21":{"start":{"line":101,"column":4},"end":{"line":101,"column":32}},"22":{"start":{"line":105,"column":4},"end":{"line":105,"column":34}},"23":{"start":{"line":109,"column":4},"end":{"line":109,"column":33}},"24":{"start":{"line":113,"column":4},"end":{"line":122,"column":6}},"25":{"start":{"line":126,"column":4},"end":{"line":129,"column":6}},"26":{"start":{"line":36,"column":0},"end":{"line":36,"column":13}}},"fnMap":{"0":{"name":"(anonymous_0)","decl":{"start":{"line":37,"column":2},"end":{"line":37,"column":null}},"loc":{"start":{"line":45,"column":31},"end":{"line":46,"column":6}}},"1":{"name":"(anonymous_1)","decl":{"start":{"line":48,"column":2},"end":{"line":48,"column":13}},"loc":{"start":{"line":48,"column":15},"end":{"line":50,"column":3}}},"2":{"name":"(anonymous_2)","decl":{"start":{"line":52,"column":2},"end":{"line":52,"column":13}},"loc":{"start":{"line":52,"column":19},"end":{"line":54,"column":3}}},"3":{"name":"(anonymous_3)","decl":{"start":{"line":56,"column":2},"end":{"line":56,"column":13}},"loc":{"start":{"line":56,"column":20},"end":{"line":58,"column":3}}},"4":{"name":"(anonymous_4)","decl":{"start":{"line":60,"column":2},"end":{"line":60,"column":13}},"loc":{"start":{"line":60,"column":20},"end":{"line":62,"column":3}}},"5":{"name":"(anonymous_5)","decl":{"start":{"line":64,"column":2},"end":{"line":64,"column":13}},"loc":{"start":{"line":64,"column":18},"end":{"line":66,"column":3}}},"6":{"name":"(anonymous_6)","decl":{"start":{"line":68,"column":2},"end":{"line":68,"column":13}},"loc":{"start":{"line":68,"column":21},"end":{"line":70,"column":3}}},"7":{"name":"(anonymous_7)","decl":{"start":{"line":72,"column":2},"end":{"line":72,"column":13}},"loc":{"start":{"line":72,"column":22},"end":{"line":74,"column":3}}},"8":{"name":"(anonymous_8)","decl":{"start":{"line":76,"column":2},"end":{"line":76,"column":13}},"loc":{"start":{"line":76,"column":22},"end":{"line":78,"column":3}}},"9":{"name":"(anonymous_9)","decl":{"start":{"line":80,"column":2},"end":{"line":80,"column":13}},"loc":{"start":{"line":80,"column":29},"end":{"line":82,"column":3}}},"10":{"name":"(anonymous_10)","decl":{"start":{"line":84,"column":2},"end":{"line":84,"column":13}},"loc":{"start":{"line":84,"column":37},"end":{"line":86,"column":3}}},"11":{"name":"(anonymous_11)","decl":{"start":{"line":88,"column":2},"end":{"line":88,"column":13}},"loc":{"start":{"line":88,"column":43},"end":{"line":90,"column":3}}},"12":{"name":"(anonymous_12)","decl":{"start":{"line":92,"column":2},"end":{"line":92,"column":13}},"loc":{"start":{"line":92,"column":39},"end":{"line":94,"column":3}}},"13":{"name":"(anonymous_13)","decl":{"start":{"line":96,"column":2},"end":{"line":96,"column":13}},"loc":{"start":{"line":96,"column":35},"end":{"line":98,"column":3}}},"14":{"name":"(anonymous_14)","decl":{"start":{"line":100,"column":2},"end":{"line":100,"column":13}},"loc":{"start":{"line":100,"column":41},"end":{"line":102,"column":3}}},"15":{"name":"(anonymous_15)","decl":{"start":{"line":104,"column":2},"end":{"line":104,"column":13}},"loc":{"start":{"line":104,"column":43},"end":{"line":106,"column":3}}},"16":{"name":"(anonymous_16)","decl":{"start":{"line":108,"column":2},"end":{"line":108,"column":13}},"loc":{"start":{"line":108,"column":42},"end":{"line":110,"column":3}}},"17":{"name":"(anonymous_17)","decl":{"start":{"line":112,"column":9},"end":{"line":112,"column":20}},"loc":{"start":{"line":112,"column":20},"end":{"line":123,"column":3}}},"18":{"name":"(anonymous_18)","decl":{"start":{"line":125,"column":9},"end":{"line":125,"column":28}},"loc":{"start":{"line":125,"column":28},"end":{"line":130,"column":3}}}},"branchMap":{},"s":{"0":5,"1":5,"2":5,"3":5,"4":5,"5":5,"6":5,"7":5,"8":1,"9":1,"10":1,"11":1,"12":1,"13":1,"14":2,"15":0,"16":0,"17":0,"18":0,"19":1,"20":0,"21":0,"22":0,"23":1,"24":2,"25":2,"26":10},"f":{"0":5,"1":1,"2":1,"3":1,"4":1,"5":1,"6":1,"7":2,"8":0,"9":0,"10":0,"11":0,"12":1,"13":0,"14":0,"15":0,"16":1,"17":2,"18":2},"b":{}}
,"C:\\Users\\hiani\\Desktop\\italo\\programacao\\projeto\\modulo-4\\labeddit\\back\\labeddit-back-end\\src\\models\\LikeOrDislike.ts": {"path":"C:\\Users\\hiani\\Desktop\\italo\\programacao\\projeto\\modulo-4\\labeddit\\back\\labeddit-back-end\\src\\models\\LikeOrDislike.ts","statementMap":{"0":{"start":{"line":14,"column":12},"end":{"line":14,"column":26}},"1":{"start":{"line":15,"column":12},"end":{"line":15,"column":26}},"2":{"start":{"line":16,"column":12},"end":{"line":16,"column":31}},"3":{"start":{"line":20,"column":4},"end":{"line":20,"column":23}},"4":{"start":{"line":24,"column":4},"end":{"line":24,"column":23}},"5":{"start":{"line":28,"column":4},"end":{"line":28,"column":21}},"6":{"start":{"line":32,"column":4},"end":{"line":32,"column":28}},"7":{"start":{"line":36,"column":4},"end":{"line":36,"column":28}},"8":{"start":{"line":40,"column":4},"end":{"line":40,"column":24}},"9":{"start":{"line":44,"column":4},"end":{"line":47,"column":6}},"10":{"start":{"line":12,"column":0},"end":{"line":12,"column":13}}},"fnMap":{"0":{"name":"(anonymous_0)","decl":{"start":{"line":13,"column":2},"end":{"line":13,"column":null}},"loc":{"start":{"line":16,"column":31},"end":{"line":17,"column":6}}},"1":{"name":"(anonymous_1)","decl":{"start":{"line":19,"column":2},"end":{"line":19,"column":13}},"loc":{"start":{"line":19,"column":19},"end":{"line":21,"column":3}}},"2":{"name":"(anonymous_2)","decl":{"start":{"line":23,"column":2},"end":{"line":23,"column":13}},"loc":{"start":{"line":23,"column":19},"end":{"line":25,"column":3}}},"3":{"name":"(anonymous_3)","decl":{"start":{"line":27,"column":2},"end":{"line":27,"column":13}},"loc":{"start":{"line":27,"column":17},"end":{"line":29,"column":3}}},"4":{"name":"(anonymous_4)","decl":{"start":{"line":31,"column":2},"end":{"line":31,"column":13}},"loc":{"start":{"line":31,"column":37},"end":{"line":33,"column":3}}},"5":{"name":"(anonymous_5)","decl":{"start":{"line":35,"column":2},"end":{"line":35,"column":13}},"loc":{"start":{"line":35,"column":37},"end":{"line":37,"column":3}}},"6":{"name":"(anonymous_6)","decl":{"start":{"line":39,"column":2},"end":{"line":39,"column":13}},"loc":{"start":{"line":39,"column":40},"end":{"line":41,"column":3}}},"7":{"name":"(anonymous_7)","decl":{"start":{"line":43,"column":9},"end":{"line":43,"column":28}},"loc":{"start":{"line":43,"column":28},"end":{"line":48,"column":3}}}},"branchMap":{},"s":{"0":6,"1":6,"2":6,"3":0,"4":0,"5":0,"6":0,"7":0,"8":0,"9":6,"10":6},"f":{"0":6,"1":0,"2":0,"3":0,"4":0,"5":0,"6":0,"7":6},"b":{}}
,"C:\\Users\\hiani\\Desktop\\italo\\programacao\\projeto\\modulo-4\\labeddit\\back\\labeddit-back-end\\src\\models\\LikeOrDislikeComment.ts": {"path":"C:\\Users\\hiani\\Desktop\\italo\\programacao\\projeto\\modulo-4\\labeddit\\back\\labeddit-back-end\\src\\models\\LikeOrDislikeComment.ts","statementMap":{"0":{"start":{"line":14,"column":12},"end":{"line":14,"column":26}},"1":{"start":{"line":15,"column":12},"end":{"line":15,"column":29}},"2":{"start":{"line":16,"column":12},"end":{"line":16,"column":31}},"3":{"start":{"line":20,"column":4},"end":{"line":20,"column":23}},"4":{"start":{"line":24,"column":4},"end":{"line":24,"column":26}},"5":{"start":{"line":28,"column":4},"end":{"line":28,"column":21}},"6":{"start":{"line":32,"column":4},"end":{"line":32,"column":28}},"7":{"start":{"line":36,"column":4},"end":{"line":36,"column":34}},"8":{"start":{"line":40,"column":4},"end":{"line":40,"column":24}},"9":{"start":{"line":44,"column":4},"end":{"line":47,"column":6}},"10":{"start":{"line":12,"column":0},"end":{"line":12,"column":13}}},"fnMap":{"0":{"name":"(anonymous_0)","decl":{"start":{"line":13,"column":2},"end":{"line":13,"column":null}},"loc":{"start":{"line":16,"column":31},"end":{"line":17,"column":6}}},"1":{"name":"(anonymous_1)","decl":{"start":{"line":19,"column":2},"end":{"line":19,"column":13}},"loc":{"start":{"line":19,"column":19},"end":{"line":21,"column":3}}},"2":{"name":"(anonymous_2)","decl":{"start":{"line":23,"column":2},"end":{"line":23,"column":13}},"loc":{"start":{"line":23,"column":22},"end":{"line":25,"column":3}}},"3":{"name":"(anonymous_3)","decl":{"start":{"line":27,"column":2},"end":{"line":27,"column":13}},"loc":{"start":{"line":27,"column":17},"end":{"line":29,"column":3}}},"4":{"name":"(anonymous_4)","decl":{"start":{"line":31,"column":2},"end":{"line":31,"column":13}},"loc":{"start":{"line":31,"column":37},"end":{"line":33,"column":3}}},"5":{"name":"(anonymous_5)","decl":{"start":{"line":35,"column":2},"end":{"line":35,"column":13}},"loc":{"start":{"line":35,"column":43},"end":{"line":37,"column":3}}},"6":{"name":"(anonymous_6)","decl":{"start":{"line":39,"column":2},"end":{"line":39,"column":13}},"loc":{"start":{"line":39,"column":40},"end":{"line":41,"column":3}}},"7":{"name":"(anonymous_7)","decl":{"start":{"line":43,"column":9},"end":{"line":43,"column":28}},"loc":{"start":{"line":43,"column":28},"end":{"line":48,"column":3}}}},"branchMap":{},"s":{"0":1,"1":1,"2":1,"3":0,"4":0,"5":0,"6":0,"7":0,"8":0,"9":1,"10":6},"f":{"0":1,"1":0,"2":0,"3":0,"4":0,"5":0,"6":0,"7":1},"b":{}}
,"C:\\Users\\hiani\\Desktop\\italo\\programacao\\projeto\\modulo-4\\labeddit\\back\\labeddit-back-end\\src\\models\\Post.ts": {"path":"C:\\Users\\hiani\\Desktop\\italo\\programacao\\projeto\\modulo-4\\labeddit\\back\\labeddit-back-end\\src\\models\\Post.ts","statementMap":{"0":{"start":{"line":33,"column":12},"end":{"line":33,"column":22}},"1":{"start":{"line":34,"column":12},"end":{"line":34,"column":27}},"2":{"start":{"line":35,"column":12},"end":{"line":35,"column":25}},"3":{"start":{"line":36,"column":12},"end":{"line":36,"column":28}},"4":{"start":{"line":37,"column":12},"end":{"line":37,"column":29}},"5":{"start":{"line":38,"column":12},"end":{"line":38,"column":29}},"6":{"start":{"line":39,"column":12},"end":{"line":39,"column":32}},"7":{"start":{"line":40,"column":12},"end":{"line":40,"column":30}},"8":{"start":{"line":44,"column":4},"end":{"line":44,"column":19}},"9":{"start":{"line":48,"column":4},"end":{"line":48,"column":24}},"10":{"start":{"line":52,"column":4},"end":{"line":52,"column":22}},"11":{"start":{"line":56,"column":4},"end":{"line":56,"column":25}},"12":{"start":{"line":60,"column":4},"end":{"line":60,"column":26}},"13":{"start":{"line":64,"column":4},"end":{"line":64,"column":26}},"14":{"start":{"line":68,"column":4},"end":{"line":68,"column":24}},"15":{"start":{"line":72,"column":4},"end":{"line":72,"column":20}},"16":{"start":{"line":76,"column":4},"end":{"line":76,"column":30}},"17":{"start":{"line":80,"column":4},"end":{"line":80,"column":26}},"18":{"start":{"line":84,"column":4},"end":{"line":84,"column":32}},"19":{"start":{"line":88,"column":4},"end":{"line":88,"column":34}},"20":{"start":{"line":92,"column":4},"end":{"line":92,"column":33}},"21":{"start":{"line":96,"column":4},"end":{"line":96,"column":30}},"22":{"start":{"line":100,"column":4},"end":{"line":108,"column":6}},"23":{"start":{"line":31,"column":0},"end":{"line":31,"column":13}}},"fnMap":{"0":{"name":"(anonymous_0)","decl":{"start":{"line":32,"column":2},"end":{"line":32,"column":null}},"loc":{"start":{"line":40,"column":30},"end":{"line":41,"column":6}}},"1":{"name":"(anonymous_1)","decl":{"start":{"line":43,"column":2},"end":{"line":43,"column":13}},"loc":{"start":{"line":43,"column":15},"end":{"line":45,"column":3}}},"2":{"name":"(anonymous_2)","decl":{"start":{"line":47,"column":2},"end":{"line":47,"column":13}},"loc":{"start":{"line":47,"column":20},"end":{"line":49,"column":3}}},"3":{"name":"(anonymous_3)","decl":{"start":{"line":51,"column":2},"end":{"line":51,"column":13}},"loc":{"start":{"line":51,"column":18},"end":{"line":53,"column":3}}},"4":{"name":"(anonymous_4)","decl":{"start":{"line":55,"column":2},"end":{"line":55,"column":13}},"loc":{"start":{"line":55,"column":21},"end":{"line":57,"column":3}}},"5":{"name":"(anonymous_5)","decl":{"start":{"line":59,"column":2},"end":{"line":59,"column":13}},"loc":{"start":{"line":59,"column":22},"end":{"line":61,"column":3}}},"6":{"name":"(anonymous_6)","decl":{"start":{"line":63,"column":2},"end":{"line":63,"column":13}},"loc":{"start":{"line":63,"column":22},"end":{"line":65,"column":3}}},"7":{"name":"(anonymous_7)","decl":{"start":{"line":67,"column":2},"end":{"line":67,"column":13}},"loc":{"start":{"line":67,"column":20},"end":{"line":69,"column":3}}},"8":{"name":"(anonymous_8)","decl":{"start":{"line":71,"column":2},"end":{"line":71,"column":13}},"loc":{"start":{"line":71,"column":29},"end":{"line":73,"column":3}}},"9":{"name":"(anonymous_9)","decl":{"start":{"line":75,"column":2},"end":{"line":75,"column":13}},"loc":{"start":{"line":75,"column":39},"end":{"line":77,"column":3}}},"10":{"name":"(anonymous_10)","decl":{"start":{"line":79,"column":2},"end":{"line":79,"column":13}},"loc":{"start":{"line":79,"column":35},"end":{"line":81,"column":3}}},"11":{"name":"(anonymous_11)","decl":{"start":{"line":83,"column":2},"end":{"line":83,"column":13}},"loc":{"start":{"line":83,"column":41},"end":{"line":85,"column":3}}},"12":{"name":"(anonymous_12)","decl":{"start":{"line":87,"column":2},"end":{"line":87,"column":13}},"loc":{"start":{"line":87,"column":43},"end":{"line":89,"column":3}}},"13":{"name":"(anonymous_13)","decl":{"start":{"line":91,"column":2},"end":{"line":91,"column":13}},"loc":{"start":{"line":91,"column":42},"end":{"line":93,"column":3}}},"14":{"name":"(anonymous_14)","decl":{"start":{"line":95,"column":2},"end":{"line":95,"column":13}},"loc":{"start":{"line":95,"column":55},"end":{"line":97,"column":3}}},"15":{"name":"(anonymous_15)","decl":{"start":{"line":99,"column":9},"end":{"line":99,"column":17}},"loc":{"start":{"line":99,"column":17},"end":{"line":109,"column":3}}}},"branchMap":{},"s":{"0":5,"1":5,"2":5,"3":5,"4":5,"5":5,"6":5,"7":5,"8":3,"9":3,"10":3,"11":3,"12":6,"13":0,"14":3,"15":0,"16":1,"17":0,"18":0,"19":0,"20":1,"21":0,"22":2,"23":6},"f":{"0":5,"1":3,"2":3,"3":3,"4":3,"5":6,"6":0,"7":3,"8":0,"9":1,"10":0,"11":0,"12":0,"13":1,"14":0,"15":2},"b":{}}
,"C:\\Users\\hiani\\Desktop\\italo\\programacao\\projeto\\modulo-4\\labeddit\\back\\labeddit-back-end\\src\\models\\User.ts": {"path":"C:\\Users\\hiani\\Desktop\\italo\\programacao\\projeto\\modulo-4\\labeddit\\back\\labeddit-back-end\\src\\models\\User.ts","statementMap":{"0":{"start":{"line":1,"column":0},"end":{"line":1,"column":null}},"1":{"start":{"line":2,"column":2},"end":{"line":2,"column":null}},"2":{"start":{"line":3,"column":2},"end":{"line":3,"column":null}},"3":{"start":{"line":23,"column":12},"end":{"line":23,"column":22}},"4":{"start":{"line":24,"column":12},"end":{"line":24,"column":24}},"5":{"start":{"line":25,"column":12},"end":{"line":25,"column":25}},"6":{"start":{"line":26,"column":12},"end":{"line":26,"column":28}},"7":{"start":{"line":27,"column":12},"end":{"line":27,"column":28}},"8":{"start":{"line":28,"column":12},"end":{"line":28,"column":29}},"9":{"start":{"line":32,"column":4},"end":{"line":32,"column":19}},"10":{"start":{"line":36,"column":4},"end":{"line":36,"column":21}},"11":{"start":{"line":40,"column":4},"end":{"line":40,"column":22}},"12":{"start":{"line":44,"column":4},"end":{"line":44,"column":25}},"13":{"start":{"line":48,"column":4},"end":{"line":48,"column":21}},"14":{"start":{"line":52,"column":4},"end":{"line":52,"column":26}},"15":{"start":{"line":56,"column":4},"end":{"line":56,"column":20}},"16":{"start":{"line":60,"column":4},"end":{"line":60,"column":24}},"17":{"start":{"line":64,"column":4},"end":{"line":64,"column":26}},"18":{"start":{"line":68,"column":4},"end":{"line":68,"column":32}},"19":{"start":{"line":72,"column":4},"end":{"line":72,"column":24}},"20":{"start":{"line":76,"column":4},"end":{"line":76,"column":34}},"21":{"start":{"line":80,"column":4},"end":{"line":87,"column":6}},"22":{"start":{"line":91,"column":4},"end":{"line":95,"column":6}},"23":{"start":{"line":21,"column":0},"end":{"line":21,"column":13}}},"fnMap":{"0":{"name":"(anonymous_0)","decl":{"start":{"line":1,"column":0},"end":{"line":1,"column":12}},"loc":{"start":{"line":1,"column":22},"end":{"line":4,"column":1}}},"1":{"name":"(anonymous_1)","decl":{"start":{"line":22,"column":2},"end":{"line":22,"column":null}},"loc":{"start":{"line":28,"column":29},"end":{"line":29,"column":6}}},"2":{"name":"(anonymous_2)","decl":{"start":{"line":31,"column":2},"end":{"line":31,"column":13}},"loc":{"start":{"line":31,"column":15},"end":{"line":33,"column":3}}},"3":{"name":"(anonymous_3)","decl":{"start":{"line":35,"column":2},"end":{"line":35,"column":13}},"loc":{"start":{"line":35,"column":17},"end":{"line":37,"column":3}}},"4":{"name":"(anonymous_4)","decl":{"start":{"line":39,"column":2},"end":{"line":39,"column":13}},"loc":{"start":{"line":39,"column":18},"end":{"line":41,"column":3}}},"5":{"name":"(anonymous_5)","decl":{"start":{"line":43,"column":2},"end":{"line":43,"column":13}},"loc":{"start":{"line":43,"column":21},"end":{"line":45,"column":3}}},"6":{"name":"(anonymous_6)","decl":{"start":{"line":47,"column":2},"end":{"line":47,"column":13}},"loc":{"start":{"line":47,"column":17},"end":{"line":49,"column":3}}},"7":{"name":"(anonymous_7)","decl":{"start":{"line":51,"column":2},"end":{"line":51,"column":13}},"loc":{"start":{"line":51,"column":22},"end":{"line":53,"column":3}}},"8":{"name":"(anonymous_8)","decl":{"start":{"line":55,"column":2},"end":{"line":55,"column":13}},"loc":{"start":{"line":55,"column":29},"end":{"line":57,"column":3}}},"9":{"name":"(anonymous_9)","decl":{"start":{"line":59,"column":2},"end":{"line":59,"column":13}},"loc":{"start":{"line":59,"column":33},"end":{"line":61,"column":3}}},"10":{"name":"(anonymous_10)","decl":{"start":{"line":63,"column":2},"end":{"line":63,"column":13}},"loc":{"start":{"line":63,"column":35},"end":{"line":65,"column":3}}},"11":{"name":"(anonymous_11)","decl":{"start":{"line":67,"column":2},"end":{"line":67,"column":13}},"loc":{"start":{"line":67,"column":41},"end":{"line":69,"column":3}}},"12":{"name":"(anonymous_12)","decl":{"start":{"line":71,"column":2},"end":{"line":71,"column":13}},"loc":{"start":{"line":71,"column":37},"end":{"line":73,"column":3}}},"13":{"name":"(anonymous_13)","decl":{"start":{"line":75,"column":2},"end":{"line":75,"column":13}},"loc":{"start":{"line":75,"column":43},"end":{"line":77,"column":3}}},"14":{"name":"(anonymous_14)","decl":{"start":{"line":79,"column":9},"end":{"line":79,"column":18}},"loc":{"start":{"line":79,"column":18},"end":{"line":88,"column":3}}},"15":{"name":"(anonymous_15)","decl":{"start":{"line":90,"column":9},"end":{"line":90,"column":27}},"loc":{"start":{"line":90,"column":27},"end":{"line":96,"column":3}}}},"branchMap":{"0":{"loc":{"start":{"line":1,"column":12},"end":{"line":1,"column":null}},"type":"binary-expr","locations":[{"start":{"line":1,"column":12},"end":{"line":1,"column":22}},{"start":{"line":1,"column":12},"end":{"line":1,"column":null}}]}},"s":{"0":12,"1":12,"2":12,"3":3,"4":3,"5":3,"6":3,"7":3,"8":3,"9":0,"10":0,"11":0,"12":0,"13":0,"14":0,"15":0,"16":0,"17":0,"18":0,"19":0,"20":0,"21":1,"22":3,"23":12},"f":{"0":12,"1":3,"2":0,"3":0,"4":0,"5":0,"6":0,"7":0,"8":0,"9":0,"10":0,"11":0,"12":0,"13":0,"14":1,"15":3},"b":{"0":[12,12]}}
,"C:\\Users\\hiani\\Desktop\\italo\\programacao\\projeto\\modulo-4\\labeddit\\back\\labeddit-back-end\\src\\services\\IdGerator.ts": {"path":"C:\\Users\\hiani\\Desktop\\italo\\programacao\\projeto\\modulo-4\\labeddit\\back\\labeddit-back-end\\src\\services\\IdGerator.ts","statementMap":{"0":{"start":{"line":1,"column":0},"end":{"line":1,"column":26}},"1":{"start":{"line":4,"column":2},"end":{"line":6,"column":4}},"2":{"start":{"line":5,"column":4},"end":{"line":5,"column":16}},"3":{"start":{"line":3,"column":0},"end":{"line":3,"column":13}}},"fnMap":{"0":{"name":"(anonymous_0)","decl":{"start":{"line":3,"column":0},"end":{"line":3,"column":13}},"loc":{"start":{"line":3,"column":0},"end":{"line":7,"column":1}}},"1":{"name":"(anonymous_1)","decl":{"start":{"line":4,"column":11},"end":{"line":4,"column":22}},"loc":{"start":{"line":4,"column":24},"end":{"line":6,"column":3}}}},"branchMap":{},"s":{"0":4,"1":4,"2":1,"3":4},"f":{"0":4,"1":1},"b":{}}
,"C:\\Users\\hiani\\Desktop\\italo\\programacao\\projeto\\modulo-4\\labeddit\\back\\labeddit-back-end\\tests\\mocks\\CommentDatabaseMock.ts": {"path":"C:\\Users\\hiani\\Desktop\\italo\\programacao\\projeto\\modulo-4\\labeddit\\back\\labeddit-back-end\\tests\\mocks\\CommentDatabaseMock.ts","statementMap":{"0":{"start":{"line":1,"column":0},"end":{"line":1,"column":63}},"1":{"start":{"line":4,"column":34},"end":{"line":25,"column":2}},"2":{"start":{"line":28,"column":10},"end":{"line":28,"column":45}},"3":{"start":{"line":30,"column":2},"end":{"line":36,"column":4}},"4":{"start":{"line":30,"column":63},"end":{"line":36,"column":4}},"5":{"start":{"line":31,"column":36},"end":{"line":32,"column":null}},"6":{"start":{"line":32,"column":23},"end":{"line":32,"column":44}},"7":{"start":{"line":35,"column":4},"end":{"line":35,"column":22}},"8":{"start":{"line":38,"column":2},"end":{"line":44,"column":4}},"9":{"start":{"line":38,"column":72},"end":{"line":44,"column":4}},"10":{"start":{"line":39,"column":36},"end":{"line":40,"column":null}},"11":{"start":{"line":40,"column":23},"end":{"line":40,"column":54}},"12":{"start":{"line":43,"column":4},"end":{"line":43,"column":22}},"13":{"start":{"line":46,"column":2},"end":{"line":46,"column":69}},"14":{"start":{"line":46,"column":65},"end":{"line":46,"column":69}},"15":{"start":{"line":48,"column":2},"end":{"line":48,"column":78}},"16":{"start":{"line":48,"column":74},"end":{"line":48,"column":78}},"17":{"start":{"line":50,"column":2},"end":{"line":50,"column":57}},"18":{"start":{"line":50,"column":53},"end":{"line":50,"column":57}},"19":{"start":{"line":27,"column":0},"end":{"line":27,"column":13}}},"fnMap":{"0":{"name":"(anonymous_7)","decl":{"start":{"line":27,"column":0},"end":{"line":27,"column":13}},"loc":{"start":{"line":27,"column":0},"end":{"line":51,"column":1}}},"1":{"name":"(anonymous_8)","decl":{"start":{"line":30,"column":20},"end":{"line":30,"column":27}},"loc":{"start":{"line":30,"column":63},"end":{"line":36,"column":4}}},"2":{"name":"(anonymous_9)","decl":{"start":{"line":30,"column":63},"end":{"line":30,"column":null}},"loc":{"start":{"line":30,"column":63},"end":{"line":36,"column":3}}},"3":{"name":"(anonymous_10)","decl":{"start":{"line":32,"column":6},"end":{"line":32,"column":7}},"loc":{"start":{"line":32,"column":23},"end":{"line":32,"column":44}}},"4":{"name":"(anonymous_11)","decl":{"start":{"line":38,"column":24},"end":{"line":38,"column":31}},"loc":{"start":{"line":38,"column":72},"end":{"line":44,"column":4}}},"5":{"name":"(anonymous_12)","decl":{"start":{"line":38,"column":72},"end":{"line":38,"column":null}},"loc":{"start":{"line":38,"column":72},"end":{"line":44,"column":3}}},"6":{"name":"(anonymous_13)","decl":{"start":{"line":40,"column":6},"end":{"line":40,"column":7}},"loc":{"start":{"line":40,"column":23},"end":{"line":40,"column":54}}},"7":{"name":"(anonymous_14)","decl":{"start":{"line":46,"column":18},"end":{"line":46,"column":25}},"loc":{"start":{"line":46,"column":65},"end":{"line":46,"column":69}}},"8":{"name":"(anonymous_15)","decl":{"start":{"line":46,"column":65},"end":{"line":46,"column":67}},"loc":{"start":{"line":46,"column":65},"end":{"line":46,"column":68}}},"9":{"name":"(anonymous_16)","decl":{"start":{"line":48,"column":16},"end":{"line":48,"column":23}},"loc":{"start":{"line":48,"column":74},"end":{"line":48,"column":78}}},"10":{"name":"(anonymous_17)","decl":{"start":{"line":48,"column":74},"end":{"line":48,"column":76}},"loc":{"start":{"line":48,"column":74},"end":{"line":48,"column":77}}},"11":{"name":"(anonymous_18)","decl":{"start":{"line":50,"column":18},"end":{"line":50,"column":25}},"loc":{"start":{"line":50,"column":53},"end":{"line":50,"column":57}}},"12":{"name":"(anonymous_19)","decl":{"start":{"line":50,"column":53},"end":{"line":50,"column":55}},"loc":{"start":{"line":50,"column":53},"end":{"line":50,"column":56}}}},"branchMap":{},"s":{"0":10,"1":10,"2":10,"3":10,"4":15,"5":15,"6":30,"7":15,"8":10,"9":4,"10":4,"11":8,"12":4,"13":10,"14":1,"15":10,"16":8,"17":10,"18":2,"19":10},"f":{"0":10,"1":15,"2":15,"3":30,"4":4,"5":4,"6":8,"7":1,"8":1,"9":8,"10":8,"11":2,"12":2},"b":{}}
[...]
"line":28,"column":2},"end":{"line":30,"column":4}},"4":{"start":{"line":28,"column":47},"end":{"line":30,"column":4}},"5":{"start":{"line":29,"column":4},"end":{"line":29,"column":21}},"6":{"start":{"line":32,"column":2},"end":{"line":38,"column":4}},"7":{"start":{"line":32,"column":57},"end":{"line":38,"column":4}},"8":{"start":{"line":33,"column":30},"end":{"line":34,"column":null}},"9":{"start":{"line":34,"column":20},"end":{"line":34,"column":38}},"10":{"start":{"line":37,"column":4},"end":{"line":37,"column":19}},"11":{"start":{"line":40,"column":2},"end":{"line":40,"column":60}},"12":{"start":{"line":40,"column":56},"end":{"line":40,"column":60}},"13":{"start":{"line":42,"column":2},"end":{"line":42,"column":69}},"14":{"start":{"line":42,"column":65},"end":{"line":42,"column":69}},"15":{"start":{"line":44,"column":2},"end":{"line":44,"column":54}},"16":{"start":{"line":44,"column":50},"end":{"line":44,"column":54}},"17":{"start":{"line":25,"column":0},"end":{"line":25,"column":13}}},"fnMap":{"0":{"name":"(anonymous_7)","decl":{"start":{"line":25,"column":0},"end":{"line":25,"column":13}},"loc":{"start":{"line":25,"column":0},"end":{"line":45,"column":1}}},"1":{"name":"(anonymous_8)","decl":{"start":{"line":28,"column":17},"end":{"line":28,"column":45}},"loc":{"start":{"line":28,"column":47},"end":{"line":30,"column":4}}},"2":{"name":"(anonymous_9)","decl":{"start":{"line":28,"column":47},"end":{"line":28,"column":null}},"loc":{"start":{"line":28,"column":47},"end":{"line":30,"column":3}}},"3":{"name":"(anonymous_10)","decl":{"start":{"line":32,"column":17},"end":{"line":32,"column":24}},"loc":{"start":{"line":32,"column":57},"end":{"line":38,"column":4}}},"4":{"name":"(anonymous_11)","decl":{"start":{"line":32,"column":57},"end":{"line":32,"column":null}},"loc":{"start":{"line":32,"column":57},"end":{"line":38,"column":3}}},"5":{"name":"(anonymous_12)","decl":{"start":{"line":34,"column":6},"end":{"line":34,"column":7}},"loc":{"start":{"line":34,"column":20},"end":{"line":34,"column":38}}},"6":{"name":"(anonymous_13)","decl":{"start":{"line":40,"column":15},"end":{"line":40,"column":22}},"loc":{"start":{"line":40,"column":56},"end":{"line":40,"column":60}}},"7":{"name":"(anonymous_14)","decl":{"start":{"line":40,"column":56},"end":{"line":40,"column":58}},"loc":{"start":{"line":40,"column":56},"end":{"line":40,"column":59}}},"8":{"name":"(anonymous_15)","decl":{"start":{"line":42,"column":13},"end":{"line":42,"column":20}},"loc":{"start":{"line":42,"column":65},"end":{"line":42,"column":69}}},"9":{"name":"(anonymous_16)","decl":{"start":{"line":42,"column":65},"end":{"line":42,"column":67}},"loc":{"start":{"line":42,"column":65},"end":{"line":42,"column":68}}},"10":{"name":"(anonymous_17)","decl":{"start":{"line":44,"column":15},"end":{"line":44,"column":22}},"loc":{"start":{"line":44,"column":50},"end":{"line":44,"column":54}}},"11":{"name":"(anonymous_18)","decl":{"start":{"line":44,"column":50},"end":{"line":44,"column":52}},"loc":{"start":{"line":44,"column":50},"end":{"line":44,"column":53}}}},"branchMap":{},"s":{"0":10,"1":10,"2":10,"3":10,"4":1,"5":1,"6":10,"7":20,"8":20,"9":40,"10":20,"11":10,"12":1,"13":10,"14":8,"15":10,"16":1,"17":10},"f":{"0":10,"1":1,"2":1,"3":20,"4":20,"5":40,"6":1,"7":1,"8":8,"9":8,"10":1,"11":1},"b":{}}
,"C:\\Users\\hiani\\Desktop\\italo\\programacao\\projeto\\modulo-4\\labeddit\\back\\labeddit-back-end\\tests\\mocks\\TokenManagerMock.ts": {"path":"C:\\Users\\hiani\\Desktop\\italo\\programacao\\projeto\\modulo-4\\labeddit\\back\\labeddit-back-end\\tests\\mocks\\TokenManagerMock.ts","statementMap":{"0":{"start":{"line":1,"column":0},"end":{"line":1,"column":65}},"1":{"start":{"line":4,"column":9},"end":{"line":12,"column":4}},"2":{"start":{"line":5,"column":4},"end":{"line":11,"column":null}},"3":{"start":{"line":6,"column":6},"end":{"line":6,"column":31}},"4":{"start":{"line":7,"column":11},"end":{"line":11,"column":null}},"5":{"start":{"line":8,"column":6},"end":{"line":8,"column":32}},"6":{"start":{"line":10,"column":6},"end":{"line":10,"column":33}},"7":{"start":{"line":14,"column":9},"end":{"line":42,"column":4}},"8":{"start":{"line":15,"column":4},"end":{"line":41,"column":null}},"9":{"start":{"line":16,"column":6},"end":{"line":20,"column":8}},"10":{"start":{"line":21,"column":11},"end":{"line":41,"column":null}},"11":{"start":{"line":22,"column":6},"end":{"line":26,"column":8}},"12":{"start":{"line":27,"column":11},"end":{"line":41,"column":null}},"13":{"start":{"line":28,"column":6},"end":{"line":32,"column":8}},"14":{"start":{"line":33,"column":11},"end":{"line":41,"column":null}},"15":{"start":{"line":34,"column":6},"end":{"line":38,"column":8}},"16":{"start":{"line":40,"column":6},"end":{"line":40,"column":18}},"17":{"start":{"line":3,"column":0},"end":{"line":3,"column":13}}},"fnMap":{"0":{"name":"(anonymous_0)","decl":{"start":{"line":3,"column":0},"end":{"line":3,"column":13}},"loc":{"start":{"line":3,"column":0},"end":{"line":43,"column":1}}},"1":{"name":"(anonymous_1)","decl":{"start":{"line":4,"column":23},"end":{"line":4,"column":24}},"loc":{"start":{"line":4,"column":57},"end":{"line":12,"column":3}}},"2":{"name":"(anonymous_2)","decl":{"start":{"line":14,"column":22},"end":{"line":14,"column":23}},"loc":{"start":{"line":14,"column":61},"end":{"line":42,"column":3}}}},"branchMap":{"0":{"loc":{"start":{"line":5,"column":4},"end":{"line":11,"column":null}},"type":"if","locations":[{"start":{"line":5,"column":4},"end":{"line":11,"column":null}},{"start":{"line":7,"column":11},"end":{"line":11,"column":null}}]},"1":{"loc":{"start":{"line":7,"column":11},"end":{"line":11,"column":null}},"type":"if","locations":[{"start":{"line":7,"column":11},"end":{"line":11,"column":null}},{"start":{"line":9,"column":11},"end":{"line":11,"column":null}}]},"2":{"loc":{"start":{"line":15,"column":4},"end":{"line":41,"column":null}},"type":"if","locations":[{"start":{"line":15,"column":4},"end":{"line":41,"column":null}},{"start":{"line":21,"column":11},"end":{"line":41,"column":null}}]},"3":{"loc":{"start":{"line":21,"column":11},"end":{"line":41,"column":null}},"type":"if","locations":[{"start":{"line":21,"column":11},"end":{"line":41,"column":null}},{"start":{"line":27,"column":11},"end":{"line":41,"column":null}}]},"4":{"loc":{"start":{"line":27,"column":11},"end":{"line":41,"column":null}},"type":"if","locations":[{"start":{"line":27,"column":11},"end":{"line":41,"column":null}},{"start":{"line":33,"column":11},"end":{"line":41,"column":null}}]},"5":{"loc":{"start":{"line":33,"column":11},"end":{"line":41,"column":null}},"type":"if","locations":[{"start":{"line":33,"column":11},"end":{"line":41,"column":null}},{"start":{"line":39,"column":11},"end":{"line":41,"column":null}}]}},"s":{"0":12,"1":12,"2":3,"3":1,"4":2,"5":1,"6":1,"7":12,"8":47,"9":19,"10":28,"11":12,"12":16,"13":4,"14":12,"15":2,"16":10,"17":12},"f":{"0":12,"1":3,"2":47},"b":{"0":[1,2],"1":[1,1],"2":[19,28],"3":[12,16],"4":[4,12],"5":[2,10]}}
,"C:\\Users\\hiani\\Desktop\\italo\\programacao\\projeto\\modulo-4\\labeddit\\back\\labeddit-back-end\\tests\\mocks\\UserDatabaseMock.ts": {"path":"C:\\Users\\hiani\\Desktop\\italo\\programacao\\projeto\\modulo-4\\labeddit\\back\\labeddit-back-end\\tests\\mocks\\UserDatabaseMock.ts","statementMap":{"0":{"start":{"line":1,"column":0},"end":{"line":1,"column":63}},"1":{"start":{"line":2,"column":0},"end":{"line":2,"column":59}},"2":{"start":{"line":4,"column":28},"end":{"line":37,"column":2}},"3":{"start":{"line":42,"column":2},"end":{"line":46,"column":4}},"4":{"start":{"line":42,"column":57},"end":{"line":46,"column":4}},"5":{"start":{"line":43,"column":27},"end":{"line":43,"column":77}},"6":{"start":{"line":43,"column":58},"end":{"line":43,"column":76}},"7":{"start":{"line":45,"column":4},"end":{"line":45,"column":16}},"8":{"start":{"line":48,"column":2},"end":{"line":54,"column":4}},"9":{"start":{"line":48,"column":63},"end":{"line":54,"column":4}},"10":{"start":{"line":49,"column":27},"end":{"line":50,"column":null}},"11":{"start":{"line":50,"column":20},"end":{"line":50,"column":44}},"12":{"start":{"line":53,"column":4},"end":{"line":53,"column":16}},"13":{"start":{"line":56,"column":2},"end":{"line":56,"column":60}},"14":{"start":{"line":56,"column":56},"end":{"line":56,"column":60}},"15":{"start":{"line":58,"column":2},"end":{"line":58,"column":77}},"16":{"start":{"line":58,"column":73},"end":{"line":58,"column":77}},"17":{"start":{"line":60,"column":2},"end":{"line":60,"column":55}},"18":{"start":{"line":60,"column":51},"end":{"line":60,"column":55}},"19":{"start":{"line":40,"column":17},"end":{"line":40,"column":31}},"20":{"start":{"line":39,"column":13},"end":{"line":39,"column":29}}},"fnMap":{"0":{"name":"(anonymous_7)","decl":{"start":{"line":39,"column":0},"end":{"line":39,"column":13}},"loc":{"start":{"line":39,"column":0},"end":{"line":61,"column":1}}},"1":{"name":"(anonymous_8)","decl":{"start":{"line":42,"column":17},"end":{"line":42,"column":24}},"loc":{"start":{"line":42,"column":57},"end":{"line":46,"column":4}}},"2":{"name":"(anonymous_9)","decl":{"start":{"line":42,"column":57},"end":{"line":42,"column":null}},"loc":{"start":{"line":42,"column":57},"end":{"line":46,"column":3}}},"3":{"name":"(anonymous_10)","decl":{"start":{"line":43,"column":44},"end":{"line":43,"column":45}},"loc":{"start":{"line":43,"column":58},"end":{"line":43,"column":76}}},"4":{"name":"(anonymous_11)","decl":{"start":{"line":48,"column":20},"end":{"line":48,"column":27}},"loc":{"start":{"line":48,"column":63},"end":{"line":54,"column":4}}},"5":{"name":"(anonymous_12)","decl":{"start":{"line":48,"column":63},"end":{"line":48,"column":null}},"loc":{"start":{"line":48,"column":63},"end":{"line":54,"column":3}}},"6":{"name":"(anonymous_13)","decl":{"start":{"line":50,"column":6},"end":{"line":50,"column":7}},"loc":{"start":{"line":50,"column":20},"end":{"line":50,"column":44}}},"7":{"name":"(anonymous_14)","decl":{"start":{"line":56,"column":15},"end":{"line":56,"column":22}},"loc":{"start":{"line":56,"column":56},"end":{"line":56,"column":60}}},"8":{"name":"(anonymous_15)","decl":{"start":{"line":56,"column":56},"end":{"line":56,"column":58}},"loc":{"start":{"line":56,"column":56},"end":{"line":56,"column":59}}},"9":{"name":"(anonymous_16)","decl":{"start":{"line":58,"column":16},"end":{"line":58,"column":23}},"loc":{"start":{"line":58,"column":73},"end":{"line":58,"column":77}}},"10":{"name":"(anonymous_17)","decl":{"start":{"line":58,"column":73},"end":{"line":58,"column":75}},"loc":{"start":{"line":58,"column":73},"end":{"line":58,"column":76}}},"11":{"name":"(anonymous_18)","decl":{"start":{"line":60,"column":15},"end":{"line":60,"column":22}},"loc":{"start":{"line":60,"column":51},"end":{"line":60,"column":55}}},"12":{"name":"(anonymous_19)","decl":{"start":{"line":60,"column":51},"end":{"line":60,"column":53}},"loc":{"start":{"line":60,"column":51},"end":{"line":60,"column":54}}}},"branchMap":{},"s":{"0":8,"1":8,"2":8,"3":8,"4":6,"5":6,"6":24,"7":6,"8":8,"9":6,"10":6,"11":24,"12":6,"13":8,"14":1,"15":8,"16":0,"17":8,"18":0,"19":8,"20":8},"f":{"0":8,"1":6,"2":6,"3":24,"4":6,"5":6,"6":24,"7":1,"8":1,"9":0,"10":0,"11":0,"12":0},"b":{}}
,"C:\\Users\\hiani\\Desktop\\italo\\programacao\\projeto\\modulo-4\\labeddit\\back\\labeddit-back-end\\tests\\mocks\\likeDislikeCommentDatabaseMock.ts": {"path":"C:\\Users\\hiani\\Desktop\\italo\\programacao\\projeto\\modulo-4\\labeddit\\back\\labeddit-back-end\\tests\\mocks\\likeDislikeCommentDatabaseMock.ts","statementMap":{"0":{"start":{"line":1,"column":0},"end":{"line":1,"column":63}},"1":{"start":{"line":4,"column":50},"end":{"line":20,"column":2}},"2":{"start":{"line":23,"column":10},"end":{"line":23,"column":67}},"3":{"start":{"line":25,"column":2},"end":{"line":35,"column":4}},"4":{"start":{"line":28,"column":41},"end":{"line":35,"column":4}},"5":{"start":{"line":29,"column":26},"end":{"line":31,"column":null}},"6":{"start":{"line":31,"column":8},"end":{"line":31,"column":80}},"7":{"start":{"line":34,"column":4},"end":{"line":34,"column":25}},"8":{"start":{"line":37,"column":2},"end":{"line":45,"column":4}},"9":{"start":{"line":39,"column":41},"end":{"line":45,"column":4}},"10":{"start":{"line":40,"column":26},"end":{"line":41,"column":null}},"11":{"start":{"line":41,"column":23},"end":{"line":41,"column":60}},"12":{"start":{"line":44,"column":4},"end":{"line":44,"column":25}},"13":{"start":{"line":47,"column":2},"end":{"line":49,"column":25}},"14":{"start":{"line":49,"column":21},"end":{"line":49,"column":25}},"15":{"start":{"line":51,"column":2},"end":{"line":55,"column":25}},"16":{"start":{"line":55,"column":21},"end":{"line":55,"column":25}},"17":{"start":{"line":57,"column":2},"end":{"line":57,"column":79}},"18":{"start":{"line":57,"column":75},"end":{"line":57,"column":79}},"19":{"start":{"line":22,"column":0},"end":{"line":22,"column":13}}},"fnMap":{"0":{"name":"(anonymous_7)","decl":{"start":{"line":22,"column":0},"end":{"line":22,"column":13}},"loc":{"start":{"line":22,"column":0},"end":{"line":58,"column":1}}},"1":{"name":"(anonymous_8)","decl":{"start":{"line":25,"column":29},"end":{"line":25,"column":null}},"loc":{"start":{"line":28,"column":41},"end":{"line":35,"column":4}}},"2":{"name":"(anonymous_9)","decl":{"start":{"line":28,"column":41},"end":{"line":28,"column":null}},"loc":{"start":{"line":28,"column":41},"end":{"line":35,"column":3}}},"3":{"name":"(anonymous_10)","decl":{"start":{"line":30,"column":6},"end":{"line":30,"column":7}},"loc":{"start":{"line":31,"column":8},"end":{"line":31,"column":80}}},"4":{"name":"(anonymous_11)","decl":{"start":{"line":37,"column":36},"end":{"line":37,"column":null}},"loc":{"start":{"line":39,"column":41},"end":{"line":45,"column":4}}},"5":{"name":"(anonymous_12)","decl":{"start":{"line":39,"column":41},"end":{"line":39,"column":null}},"loc":{"start":{"line":39,"column":41},"end":{"line":45,"column":3}}},"6":{"name":"(anonymous_13)","decl":{"start":{"line":41,"column":6},"end":{"line":41,"column":7}},"loc":{"start":{"line":41,"column":23},"end":{"line":41,"column":60}}},"7":{"name":"(anonymous_14)","decl":{"start":{"line":47,"column":28},"end":{"line":47,"column":null}},"loc":{"start":{"line":49,"column":21},"end":{"line":49,"column":25}}},"8":{"name":"(anonymous_15)","decl":{"start":{"line":49,"column":21},"end":{"line":49,"column":23}},"loc":{"start":{"line":49,"column":21},"end":{"line":49,"column":24}}},"9":{"name":"(anonymous_16)","decl":{"start":{"line":51,"column":31},"end":{"line":51,"column":null}},"loc":{"start":{"line":55,"column":21},"end":{"line":55,"column":25}}},"10":{"name":"(anonymous_17)","decl":{"start":{"line":55,"column":21},"end":{"line":55,"column":23}},"loc":{"start":{"line":55,"column":21},"end":{"line":55,"column":24}}},"11":{"name":"(anonymous_18)","decl":{"start":{"line":57,"column":31},"end":{"line":57,"column":38}},"loc":{"start":{"line":57,"column":75},"end":{"line":57,"column":79}}},"12":{"name":"(anonymous_19)","decl":{"start":{"line":57,"column":75},"end":{"line":57,"column":77}},"loc":{"start":{"line":57,"column":75},"end":{"line":57,"column":78}}}},"branchMap":{"0":{"loc":{"start":{"line":31,"column":8},"end":{"line":31,"column":80}},"type":"binary-expr","locations":[{"start":{"line":31,"column":8},"end":{"line":31,"column":39}},{"start":{"line":31,"column":43},"end":{"line":31,"column":80}}]}},"s":{"0":10,"1":10,"2":10,"3":10,"4":9,"5":9,"6":27,"7":9,"8":10,"9":1,"10":1,"11":3,"12":1,"13":10,"14":2,"15":10,"16":5,"17":10,"18":2,"19":10},"f":{"0":10,"1":9,"2":9,"3":27,"4":1,"5":1,"6":3,"7":2,"8":2,"9":5,"10":5,"11":2,"12":2},"b":{"0":[27,5]}}
,"C:\\Users\\hiani\\Desktop\\italo\\programacao\\projeto\\modulo-4\\labeddit\\back\\labeddit-back-end\\tests\\mocks\\likeDislikeDatabaseMock.ts": {"path":"C:\\Users\\hiani\\Desktop\\italo\\programacao\\projeto\\modulo-4\\labeddit\\back\\labeddit-back-end\\tests\\mocks\\likeDislikeDatabaseMock.ts","statementMap":{"0":{"start":{"line":1,"column":0},"end":{"line":1,"column":63}},"1":{"start":{"line":4,"column":43},"end":{"line":20,"column":2}},"2":{"start":{"line":23,"column":10},"end":{"line":23,"column":47}},"3":{"start":{"line":25,"column":2},"end":{"line":35,"column":4}},"4":{"start":{"line":28,"column":34},"end":{"line":35,"column":4}},"5":{"start":{"line":29,"column":43},"end":{"line":31,"column":null}},"6":{"start":{"line":31,"column":8},"end":{"line":31,"column":74}},"7":{"start":{"line":34,"column":4},"end":{"line":34,"column":23}},"8":{"start":{"line":37,"column":2},"end":{"line":45,"column":4}},"9":{"start":{"line":39,"column":34},"end":{"line":45,"column":4}},"10":{"start":{"line":40,"column":43},"end":{"line":41,"column":null}},"11":{"start":{"line":41,"column":23},"end":{"line":41,"column":54}},"12":{"start":{"line":44,"column":4},"end":{"line":44,"column":23}},"13":{"start":{"line":47,"column":2},"end":{"line":47,"column":75}},"14":{"start":{"line":47,"column":71},"end":{"line":47,"column":75}},"15":{"start":{"line":49,"column":2},"end":{"line":53,"column":10}},"16":{"start":{"line":53,"column":6},"end":{"line":53,"column":10}},"17":{"start":{"line":55,"column":2},"end":{"line":55,"column":69}},"18":{"start":{"line":55,"column":65},"end":{"line":55,"column":69}},"19":{"start":{"line":22,"column":0},"end":{"line":22,"column":13}}},"fnMap":{"0":{"name":"(anonymous_7)","decl":{"start":{"line":22,"column":0},"end":{"line":22,"column":13}},"loc":{"start":{"line":22,"column":0},"end":{"line":56,"column":1}}},"1":{"name":"(anonymous_8)","decl":{"start":{"line":25,"column":29},"end":{"line":25,"column":null}},"loc":{"start":{"line":28,"column":34},"end":{"line":35,"column":4}}},"2":{"name":"(anonymous_9)","decl":{"start":{"line":28,"column":34},"end":{"line":28,"column":null}},"loc":{"start":{"line":28,"column":34},"end":{"line":35,"column":3}}},"3":{"name":"(anonymous_10)","decl":{"start":{"line":30,"column":6},"end":{"line":30,"column":7}},"loc":{"start":{"line":31,"column":8},"end":{"line":31,"column":74}}},"4":{"name":"(anonymous_11)","decl":{"start":{"line":37,"column":33},"end":{"line":37,"column":null}},"loc":{"start":{"line":39,"column":34},"end":{"line":45,"column":4}}},"5":{"name":"(anonymous_12)","decl":{"start":{"line":39,"column":34},"end":{"line":39,"column":null}},"loc":{"start":{"line":39,"column":34},"end":{"line":45,"column":3}}},"6":{"name":"(anonymous_13)","decl":{"start":{"line":41,"column":6},"end":{"line":41,"column":7}},"loc":{"start":{"line":41,"column":23},"end":{"line":41,"column":54}}},"7":{"name":"(anonymous_14)","decl":{"start":{"line":47,"column":21},"end":{"line":47,"column":28}},"loc":{"start":{"line":47,"column":71},"end":{"line":47,"column":75}}},"8":{"name":"(anonymous_15)","decl":{"start":{"line":47,"column":71},"end":{"line":47,"column":73}},"loc":{"start":{"line":47,"column":71},"end":{"line":47,"column":74}}},"9":{"name":"(anonymous_16)","decl":{"start":{"line":49,"column":24},"end":{"line":49,"column":null}},"loc":{"start":{"line":53,"column":6},"end":{"line":53,"column":10}}},"10":{"name":"(anonymous_17)","decl":{"start":{"line":53,"column":6},"end":{"line":53,"column":8}},"loc":{"start":{"line":53,"column":6},"end":{"line":53,"column":9}}},"11":{"name":"(anonymous_18)","decl":{"start":{"line":55,"column":24},"end":{"line":55,"column":31}},"loc":{"start":{"line":55,"column":65},"end":{"line":55,"column":69}}},"12":{"name":"(anonymous_19)","decl":{"start":{"line":55,"column":65},"end":{"line":55,"column":67}},"loc":{"start":{"line":55,"column":65},"end":{"line":55,"column":68}}}},"branchMap":{"0":{"loc":{"start":{"line":31,"column":8},"end":{"line":31,"column":74}},"type":"binary-expr","locations":[{"start":{"line":31,"column":8},"end":{"line":31,"column":39}},{"start":{"line":31,"column":43},"end":{"line":31,"column":74}}]}},"s":{"0":6,"1":6,"2":6,"3":6,"4":9,"5":9,"6":27,"7":9,"8":6,"9":3,"10":3,"11":9,"12":3,"13":6,"14":2,"15":6,"16":5,"17":6,"18":1,"19":6},"f":{"0":6,"1":9,"2":9,"3":27,"4":3,"5":3,"6":9,"7":2,"8":2,"9":5,"10":5,"11":1,"12":1},"b":{"0":[27,5]}}
}
