TN:
SF:src\business\PostsBusiness.ts
FN:24,(anonymous_7)
FN:33,(anonymous_8)
FN:33,(anonymous_9)
FN:78,(anonymous_10)
FN:80,(anonymous_11)
FN:150,(anonymous_12)
FN:150,(anonymous_13)
FN:178,(anonymous_14)
FN:178,(anonymous_15)
FN:221,(anonymous_16)
FN:221,(anonymous_17)
FN:249,(anonymous_18)
FN:249,(anonymous_19)
FNF:13
FNH:13
FNDA:6,(anonymous_7)
FNDA:2,(anonymous_8)
FNDA:2,(anonymous_9)
FNDA:3,(anonymous_10)
FNDA:3,(anonymous_11)
FNDA:2,(anonymous_12)
FNDA:2,(anonymous_13)
FNDA:4,(anonymous_14)
FNDA:4,(anonymous_15)
FNDA:4,(anonymous_16)
FNDA:4,(anonymous_17)
FNDA:7,(anonymous_18)
FNDA:7,(anonymous_19)
DA:1,6
DA:2,6
DA:16,6
DA:18,6
DA:23,6
DA:25,6
DA:26,6
DA:27,6
DA:28,6
DA:29,6
DA:30,6
DA:33,6
DA:34,2
DA:36,2
DA:37,1
DA:40,1
DA:42,1
DA:44,1
DA:45,2
DA:49,2
DA:62,2
DA:72,2
DA:75,1
DA:78,6
DA:80,3
DA:81,3
DA:82,3
DA:84,3
DA:85,1
DA:88,2
DA:90,2
DA:91,1
DA:94,1
DA:96,1
DA:97,1
DA:101,1
DA:103,1
DA:116,1
DA:118,1
DA:119,1
DA:130,1
DA:133,1
DA:144,1
DA:147,1
DA:150,6
DA:151,2
DA:152,2
DA:154,2
DA:155,1
DA:158,1
DA:160,1
DA:171,1
DA:173,1
DA:175,1
DA:178,6
DA:179,4
DA:181,4
DA:183,4
DA:184,1
DA:187,3
DA:189,3
DA:191,3
DA:192,1
DA:195,2
DA:197,2
DA:198,1
DA:201,1
DA:212,1
DA:214,1
DA:216,1
DA:218,1
DA:221,6
DA:222,4
DA:224,4
DA:226,4
DA:227,1
DA:230,3
DA:232,3
DA:233,1
DA:236,2
DA:238,2
DA:239,1
DA:242,1
DA:244,1
DA:246,1
DA:249,7
DA:250,7
DA:252,7
DA:254,7
DA:255,1
DA:258,6
DA:259,6
DA:263,6
DA:265,6
DA:272,6
DA:274,6
DA:276,6
DA:277,1
DA:280,5
DA:281,1
DA:286,4
DA:289,2
DA:290,1
DA:292,1
DA:295,2
DA:297,2
DA:301,2
DA:305,2
DA:306,1
DA:307,1
DA:308,1
DA:311,2
DA:312,0
DA:316,0
DA:319,2
DA:320,0
DA:325,2
DA:326,0
DA:333,2
DA:335,2
DA:341,2
DA:344,4
LF:122
LH:118
BRDA:36,0,0,1
BRDA:84,1,0,1
BRDA:90,2,0,1
BRDA:154,3,0,1
BRDA:183,4,0,1
BRDA:191,5,0,1
BRDA:197,6,0,1
BRDA:212,7,0,1
BRDA:212,7,1,1
BRDA:226,8,0,1
BRDA:232,9,0,1
BRDA:238,10,0,1
BRDA:254,11,0,1
BRDA:263,12,0,2
BRDA:263,12,1,4
BRDA:276,13,0,1
BRDA:280,14,0,1
BRDA:286,15,0,2
BRDA:286,15,1,2
BRDA:286,16,0,4
BRDA:286,16,1,2
BRDA:289,17,0,1
BRDA:289,17,1,1
BRDA:305,18,0,1
BRDA:305,18,1,1
BRDA:305,19,0,2
BRDA:305,19,1,1
BRDA:307,20,0,1
BRDA:307,21,0,1
BRDA:307,21,1,1
BRDA:311,22,0,0
BRDA:312,23,0,0
BRDA:312,23,1,0
BRDA:319,24,0,0
BRDA:319,24,1,2
BRDA:319,25,0,2
BRDA:319,25,1,1
BRDA:325,26,0,0
BRDA:325,27,0,2
BRDA:325,27,1,1
BRF:40
BRH:35
end_of_record
TN:
SF:src\business\UserBusiness.ts
FN:12,(anonymous_7)
FN:19,(anonymous_8)
FN:19,(anonymous_9)
FN:57,(anonymous_10)
FN:57,(anonymous_11)
FNF:5
FNH:5
FNDA:2,(anonymous_7)
FNDA:2,(anonymous_8)
FNDA:2,(anonymous_9)
FNDA:4,(anonymous_10)
FNDA:4,(anonymous_11)
DA:1,2
DA:2,2
DA:6,2
DA:11,2
DA:13,2
DA:14,2
DA:15,2
DA:16,2
DA:19,2
DA:20,2
DA:22,2
DA:24,2
DA:25,1
DA:28,1
DA:30,1
DA:32,1
DA:41,1
DA:43,1
DA:45,1
DA:47,1
DA:49,1
DA:54,1
DA:57,4
DA:58,4
DA:60,4
DA:62,4
DA:63,1
DA:66,3
DA:68,3
DA:73,3
DA:74,1
DA:77,2
DA:86,2
DA:88,2
DA:90,2
DA:95,2
LF:36
LH:36
BRDA:24,0,0,1
BRDA:62,1,0,1
BRDA:73,2,0,1
BRF:3
BRH:3
end_of_record
TN:
SF:src\customErrors\BadRequestError.ts
FN:4,(anonymous_0)
FNF:1
FNH:1
FNDA:5,(anonymous_0)
DA:1,8
DA:3,8
DA:5,5
LF:3
LH:3
BRDA:4,0,0,0
BRF:1
BRH:0
end_of_record
TN:
SF:src\customErrors\BaseError.ts
FN:2,(anonymous_0)
FNF:1
FNH:1
FNDA:16,(anonymous_0)
DA:1,8
DA:2,16
DA:3,16
LF:3
LH:3
BRF:0
BRH:0
end_of_record
TN:
SF:src\customErrors\NotFoundError.ts
FN:4,(anonymous_0)
FNF:1
FNH:1
FNDA:11,(anonymous_0)
DA:1,8
DA:3,8
DA:5,11
LF:3
LH:3
BRDA:4,0,0,0
BRF:1
BRH:0
end_of_record
TN:
SF:src\database\BaseDatabase.ts
FN:16,(anonymous_1)
FNF:1
FNH:0
FNDA:0,(anonymous_1)
DA:1,8
DA:2,8
DA:4,8
DA:6,8
DA:7,8
DA:17,0
LF:6
LH:5
BRF:0
BRH:0
end_of_record
TN:
SF:src\dtos\postDTO\GetPosts.dto.ts
FN:17,(anonymous_1)
FNF:1
FNH:1
FNDA:2,(anonymous_1)
DA:2,1
DA:13,1
DA:17,2
LF:3
LH:3
BRF:0
BRH:0
end_of_record
TN:
SF:src\dtos\postDTO\GetPostsById.dto.ts
FN:19,(anonymous_1)
FNF:1
FNH:1
FNDA:3,(anonymous_1)
DA:2,1
DA:14,1
DA:19,3
LF:3
LH:3
BRF:0
BRH:0
end_of_record
TN:
SF:src\dtos\postDTO\LikeOrDislike.dto.ts
FN:15,(anonymous_1)
FNF:1
FNH:1
FNDA:7,(anonymous_1)
DA:1,1
DA:9,1
DA:15,7
LF:3
LH:3
BRF:0
BRH:0
end_of_record
TN:
SF:src\dtos\postDTO\createPost.dto.ts
FN:13,(anonymous_1)
FNF:1
FNH:1
FNDA:2,(anonymous_1)
DA:1,1
DA:8,1
DA:13,2
LF:3
LH:3
BRF:0
BRH:0
end_of_record
TN:
SF:src\dtos\postDTO\deletePost.dto.ts
FN:13,(anonymous_1)
FNF:1
FNH:1
FNDA:4,(anonymous_1)
DA:1,1
DA:8,1
DA:13,4
LF:3
LH:3
BRF:0
BRH:0
end_of_record
TN:
SF:src\dtos\postDTO\updatePost.dto.ts
FN:15,(anonymous_1)
FNF:1
FNH:1
FNDA:4,(anonymous_1)
DA:1,1
DA:9,1
DA:15,4
LF:3
LH:3
BRF:0
BRH:0
end_of_record
TN:
SF:src\dtos\userDTO\login.dto.ts
FNF:0
FNH:0
DA:1,1
DA:13,1
LF:2
LH:2
BRF:0
BRH:0
end_of_record
TN:
SF:src\dtos\userDTO\signup.dto.ts
FNF:0
FNH:0
DA:1,1
DA:14,1
LF:2
LH:2
BRF:0
BRH:0
end_of_record
TN:
SF:src\models\Comment.ts
FN:24,(anonymous_0)
FN:35,(anonymous_1)
FN:39,(anonymous_2)
FN:43,(anonymous_3)
FN:47,(anonymous_4)
FN:51,(anonymous_5)
FN:55,(anonymous_6)
FN:59,(anonymous_7)
FN:63,(anonymous_8)
FN:67,(anonymous_9)
FN:71,(anonymous_10)
FN:75,(anonymous_11)
FN:79,(anonymous_12)
FN:83,(anonymous_13)
FN:87,(anonymous_14)
FN:91,(anonymous_15)
FN:95,(anonymous_16)
FN:99,(anonymous_17)
FNF:18
FNH:1
FNDA:1,(anonymous_0)
FNDA:0,(anonymous_1)
FNDA:0,(anonymous_2)
FNDA:0,(anonymous_3)
FNDA:0,(anonymous_4)
FNDA:0,(anonymous_5)
FNDA:0,(anonymous_6)
FNDA:0,(anonymous_7)
FNDA:0,(anonymous_8)
FNDA:0,(anonymous_9)
FNDA:0,(anonymous_10)
FNDA:0,(anonymous_11)
FNDA:0,(anonymous_12)
FNDA:0,(anonymous_13)
FNDA:0,(anonymous_14)
FNDA:0,(anonymous_15)
FNDA:0,(anonymous_16)
FNDA:0,(anonymous_17)
DA:23,6
DA:25,1
DA:26,1
DA:27,1
DA:28,1
DA:29,1
DA:30,1
DA:31,1
DA:32,1
DA:36,0
DA:40,0
DA:44,0
DA:48,0
DA:52,0
DA:56,0
DA:60,0
DA:64,0
DA:68,0
DA:72,0
DA:76,0
DA:80,0
DA:84,0
DA:88,0
DA:92,0
DA:96,0
DA:100,0
LF:26
LH:9
BRF:0
BRH:0
end_of_record
TN:
SF:src\models\Post.ts
FN:27,(anonymous_0)
FN:38,(anonymous_1)
FN:42,(anonymous_2)
FN:46,(anonymous_3)
FN:50,(anonymous_4)
FN:54,(anonymous_5)
FN:58,(anonymous_6)
FN:62,(anonymous_7)
FN:66,(anonymous_8)
FN:70,(anonymous_9)
FN:74,(anonymous_10)
FN:78,(anonymous_11)
FN:82,(anonymous_12)
FN:86,(anonymous_13)
FN:90,(anonymous_14)
FN:94,(anonymous_15)
FNF:16
FNH:9
FNDA:5,(anonymous_0)
FNDA:3,(anonymous_1)
FNDA:3,(anonymous_2)
FNDA:3,(anonymous_3)
FNDA:3,(anonymous_4)
FNDA:6,(anonymous_5)
FNDA:0,(anonymous_6)
FNDA:3,(anonymous_7)
FNDA:0,(anonymous_8)
FNDA:1,(anonymous_9)
FNDA:0,(anonymous_10)
FNDA:0,(anonymous_11)
FNDA:0,(anonymous_12)
FNDA:0,(anonymous_13)
FNDA:0,(anonymous_14)
FNDA:2,(anonymous_15)
DA:26,6
DA:28,5
DA:29,5
DA:30,5
DA:31,5
DA:32,5
DA:33,5
DA:34,5
DA:35,5
DA:39,3
DA:43,3
DA:47,3
DA:51,3
DA:55,6
DA:59,0
DA:63,3
DA:67,0
DA:71,1
DA:75,0
DA:79,0
DA:83,0
DA:87,0
DA:91,0
DA:95,2
LF:24
LH:17
BRF:0
BRH:0
end_of_record
TN:
SF:src\models\User.ts
FN:1,(anonymous_0)
FN:22,(anonymous_1)
FN:31,(anonymous_2)
FN:35,(anonymous_3)
FN:39,(anonymous_4)
FN:43,(anonymous_5)
FN:47,(anonymous_6)
FN:51,(anonymous_7)
FN:55,(anonymous_8)
FN:59,(anonymous_9)
FN:63,(anonymous_10)
FN:67,(anonymous_11)
FN:71,(anonymous_12)
FN:75,(anonymous_13)
FN:79,(anonymous_14)
FN:90,(anonymous_15)
FNF:16
FNH:4
FNDA:8,(anonymous_0)
FNDA:3,(anonymous_1)
FNDA:0,(anonymous_2)
FNDA:0,(anonymous_3)
FNDA:0,(anonymous_4)
FNDA:0,(anonymous_5)
FNDA:0,(anonymous_6)
FNDA:0,(anonymous_7)
FNDA:0,(anonymous_8)
FNDA:0,(anonymous_9)
FNDA:0,(anonymous_10)
FNDA:0,(anonymous_11)
FNDA:0,(anonymous_12)
FNDA:0,(anonymous_13)
FNDA:1,(anonymous_14)
FNDA:3,(anonymous_15)
DA:1,8
DA:2,8
DA:3,8
DA:21,8
DA:23,3
DA:24,3
DA:25,3
DA:26,3
DA:27,3
DA:28,3
DA:32,0
DA:36,0
DA:40,0
DA:44,0
DA:48,0
DA:52,0
DA:56,0
DA:60,0
DA:64,0
DA:68,0
DA:72,0
DA:76,0
DA:80,1
DA:91,3
LF:24
LH:12
BRDA:1,0,0,8
BRDA:1,0,1,8
BRF:2
BRH:2
end_of_record
TN:
SF:tests\mocks\CommentDatabaseMock.ts
FN:27,(anonymous_7)
FN:30,(anonymous_8)
FN:30,(anonymous_9)
FN:32,(anonymous_10)
FN:38,(anonymous_11)
FN:38,(anonymous_12)
FN:40,(anonymous_13)
FN:40,(anonymous_14)
FN:42,(anonymous_15)
FN:42,(anonymous_16)
FNF:10
FNH:4
FNDA:6,(anonymous_7)
FNDA:1,(anonymous_8)
FNDA:1,(anonymous_9)
FNDA:2,(anonymous_10)
FNDA:0,(anonymous_11)
FNDA:0,(anonymous_12)
FNDA:0,(anonymous_13)
FNDA:0,(anonymous_14)
FNDA:0,(anonymous_15)
FNDA:0,(anonymous_16)
DA:1,6
DA:4,6
DA:27,6
DA:28,6
DA:30,6
DA:31,1
DA:32,2
DA:35,1
DA:38,6
DA:40,6
DA:42,6
LF:11
LH:11
BRF:0
BRH:0
end_of_record
TN:
SF:tests\mocks\HashManagerMock.ts
FN:1,(anonymous_7)
FN:2,(anonymous_8)
FN:2,(anonymous_9)
FN:6,(anonymous_10)
FN:9,(anonymous_11)
FNF:5
FNH:5
FNDA:2,(anonymous_7)
FNDA:1,(anonymous_8)
FNDA:1,(anonymous_9)
FNDA:3,(anonymous_10)
FNDA:3,(anonymous_11)
DA:1,2
DA:2,2
DA:3,1
DA:6,2
DA:9,3
DA:12,3
DA:14,1
DA:16,1
DA:19,1
LF:9
LH:9
BRDA:12,0,0,1
BRDA:12,0,1,1
BRDA:12,0,2,1
BRF:3
BRH:3
end_of_record
TN:
SF:tests\mocks\IdGeratorMock.ts
FN:1,(anonymous_0)
FN:2,(anonymous_1)
FNF:2
FNH:2
FNDA:8,(anonymous_0)
FNDA:2,(anonymous_1)
DA:1,8
DA:2,8
DA:3,2
LF:3
LH:3
BRF:0
BRH:0
end_of_record
TN:
SF:tests\mocks\PostsDatabaseMock.ts
FN:25,(anonymous_7)
FN:28,(anonymous_8)
FN:28,(anonymous_9)
FN:32,(anonymous_10)
FN:32,(anonymous_11)
FN:34,(anonymous_12)
FN:40,(anonymous_13)
FN:40,(anonymous_14)
FN:42,(anonymous_15)
FN:42,(anonymous_16)
FN:44,(anonymous_17)
FN:44,(anonymous_18)
FNF:12
FNH:12
FNDA:6,(anonymous_7)
FNDA:1,(anonymous_8)
FNDA:1,(anonymous_9)
FNDA:14,(anonymous_10)
FNDA:14,(anonymous_11)
FNDA:28,(anonymous_12)
FNDA:1,(anonymous_13)
FNDA:1,(anonymous_14)
FNDA:5,(anonymous_15)
FNDA:5,(anonymous_16)
FNDA:1,(anonymous_17)
FNDA:1,(anonymous_18)
DA:1,6
DA:4,6
DA:25,6
DA:26,6
DA:28,6
DA:29,1
DA:32,14
DA:33,14
DA:34,28
DA:37,14
DA:40,6
DA:42,6
DA:44,6
LF:13
LH:13
BRF:0
BRH:0
end_of_record
TN:
SF:tests\mocks\TokenManagerMock.ts
FN:3,(anonymous_0)
FN:4,(anonymous_1)
FN:14,(anonymous_2)
FNF:3
FNH:3
FNDA:8,(anonymous_0)
FNDA:3,(anonymous_1)
FNDA:22,(anonymous_2)
DA:1,8
DA:3,8
DA:4,8
DA:5,3
DA:6,1
DA:7,2
DA:8,1
DA:10,1
DA:14,8
DA:15,22
DA:16,13
DA:21,9
DA:22,3
DA:28,6
LF:14
LH:14
BRDA:5,0,0,1
BRDA:5,0,1,2
BRDA:7,1,0,1
BRDA:7,1,1,1
BRDA:15,2,0,13
BRDA:15,2,1,9
BRDA:21,3,0,3
BRDA:21,3,1,6
BRF:8
BRH:8
end_of_record
TN:
SF:tests\mocks\UserDatabaseMock.ts
FN:23,(anonymous_7)
FN:26,(anonymous_8)
FN:26,(anonymous_9)
FN:27,(anonymous_10)
FN:32,(anonymous_11)
FN:32,(anonymous_12)
FN:34,(anonymous_13)
FN:40,(anonymous_14)
FN:40,(anonymous_15)
FN:42,(anonymous_16)
FN:42,(anonymous_17)
FN:44,(anonymous_18)
FN:44,(anonymous_19)
FNF:13
FNH:9
FNDA:8,(anonymous_7)
FNDA:3,(anonymous_8)
FNDA:3,(anonymous_9)
FNDA:6,(anonymous_10)
FNDA:6,(anonymous_11)
FNDA:6,(anonymous_12)
FNDA:12,(anonymous_13)
FNDA:1,(anonymous_14)
FNDA:1,(anonymous_15)
FNDA:0,(anonymous_16)
FNDA:0,(anonymous_17)
FNDA:0,(anonymous_18)
FNDA:0,(anonymous_19)
DA:1,8
DA:2,8
DA:4,8
DA:23,8
DA:24,8
DA:26,8
DA:27,6
DA:29,3
DA:32,8
DA:33,6
DA:34,12
DA:37,6
DA:40,8
DA:42,8
DA:44,8
LF:15
LH:15
BRF:0
BRH:0
end_of_record
TN:
SF:tests\mocks\likeDislikeDatabaseMock.ts
FN:12,(anonymous_7)
FN:15,(anonymous_8)
FN:15,(anonymous_9)
FN:17,(anonymous_10)
FN:23,(anonymous_11)
FN:23,(anonymous_12)
FN:25,(anonymous_13)
FN:29,(anonymous_14)
FN:31,(anonymous_15)
FN:31,(anonymous_16)
FNF:10
FNH:10
FNDA:6,(anonymous_7)
FNDA:6,(anonymous_8)
FNDA:6,(anonymous_9)
FNDA:6,(anonymous_10)
FNDA:2,(anonymous_11)
FNDA:2,(anonymous_12)
FNDA:2,(anonymous_13)
FNDA:2,(anonymous_14)
FNDA:1,(anonymous_15)
FNDA:1,(anonymous_16)
DA:1,6
DA:4,6
DA:12,6
DA:13,6
DA:15,6
DA:16,6
DA:17,6
DA:20,6
DA:23,6
DA:25,6
DA:29,2
DA:31,6
LF:12
LH:12
BRF:0
BRH:0
end_of_record
