TN:
SF:src\business\CommentBusiness.ts
FN:17,(anonymous_7)
FN:25,(anonymous_8)
FN:28,(anonymous_9)
FN:72,(anonymous_10)
FN:74,(anonymous_11)
FN:109,(anonymous_12)
FN:109,(anonymous_13)
FN:150,(anonymous_14)
FN:152,(anonymous_15)
FN:168,(anonymous_16)
FN:170,(anonymous_17)
FNF:11
FNH:5
FNDA:2,(anonymous_7)
FNDA:0,(anonymous_8)
FNDA:0,(anonymous_9)
FNDA:3,(anonymous_10)
FNDA:3,(anonymous_11)
FNDA:4,(anonymous_12)
FNDA:4,(anonymous_13)
FNDA:0,(anonymous_14)
FNDA:0,(anonymous_15)
FNDA:0,(anonymous_16)
FNDA:0,(anonymous_17)
DA:1,2
DA:2,2
DA:11,2
DA:16,2
DA:18,2
DA:19,2
DA:20,2
DA:21,2
DA:22,2
DA:25,2
DA:28,0
DA:29,0
DA:31,0
DA:32,0
DA:35,0
DA:37,0
DA:38,0
DA:41,0
DA:43,0
DA:44,0
DA:55,0
DA:66,0
DA:69,0
DA:72,2
DA:74,3
DA:75,3
DA:77,3
DA:79,3
DA:80,1
DA:83,2
DA:85,2
DA:86,1
DA:89,1
DA:91,1
DA:102,1
DA:104,1
DA:106,1
DA:109,4
DA:110,4
DA:112,4
DA:114,4
DA:115,1
DA:118,3
DA:120,3
DA:122,3
DA:123,1
DA:126,2
DA:127,1
DA:130,1
DA:141,1
DA:143,1
DA:145,1
DA:147,1
DA:150,2
DA:152,0
DA:153,0
DA:155,0
DA:157,0
DA:158,0
DA:161,0
DA:163,0
DA:165,0
DA:168,2
DA:170,0
DA:171,0
DA:173,0
DA:175,0
DA:176,0
DA:179,0
DA:180,0
DA:184,0
DA:186,0
DA:193,0
DA:195,0
DA:197,0
DA:198,0
DA:203,0
DA:206,0
DA:207,0
DA:209,0
DA:212,0
DA:214,0
DA:218,0
DA:222,0
DA:223,0
DA:224,0
DA:225,0
DA:228,0
DA:229,0
DA:233,0
DA:236,0
DA:237,0
DA:242,0
DA:243,0
DA:250,0
DA:255,0
DA:261,0
DA:264,0
LF:98
LH:42
BRDA:31,0,0,0
BRDA:37,1,0,0
BRDA:79,2,0,1
BRDA:85,3,0,1
BRDA:114,4,0,1
BRDA:122,5,0,1
BRDA:126,6,0,1
BRDA:141,7,0,1
BRDA:141,7,1,1
BRDA:157,8,0,0
BRDA:175,9,0,0
BRDA:184,10,0,0
BRDA:184,10,1,0
BRDA:197,11,0,0
BRDA:203,12,0,0
BRDA:203,12,1,0
BRDA:203,13,0,0
BRDA:203,13,1,0
BRDA:206,14,0,0
BRDA:206,14,1,0
BRDA:222,15,0,0
BRDA:222,15,1,0
BRDA:222,16,0,0
BRDA:222,16,1,0
BRDA:224,17,0,0
BRDA:224,18,0,0
BRDA:224,18,1,0
BRDA:228,19,0,0
BRDA:229,20,0,0
BRDA:229,20,1,0
BRDA:236,21,0,0
BRDA:236,21,1,0
BRDA:236,22,0,0
BRDA:236,22,1,0
BRDA:242,23,0,0
BRDA:242,24,0,0
BRDA:242,24,1,0
BRF:37
BRH:7
end_of_record
TN:
SF:src\business\PostsBusiness.ts
FN:24,(anonymous_7)
FN:33,(anonymous_8)
FN:33,(anonymous_9)
FN:78,(anonymous_10)
FN:80,(anonymous_11)
FN:161,(anonymous_12)
FN:161,(anonymous_13)
FN:189,(anonymous_14)
FN:189,(anonymous_15)
FN:232,(anonymous_16)
FN:232,(anonymous_17)
FN:260,(anonymous_18)
FN:260,(anonymous_19)
FNF:13
FNH:13
FNDA:6,(anonymous_7)
FNDA:2,(anonymous_8)
FNDA:2,(anonymous_9)
FNDA:3,(anonymous_10)
FNDA:3,(anonymous_11)
FNDA:2,(anonymous_12)
FNDA:2,(anonymous_13)
FNDA:4,(anonymous_14)
FNDA:4,(anonymous_15)
FNDA:4,(anonymous_16)
FNDA:4,(anonymous_17)
FNDA:10,(anonymous_18)
FNDA:10,(anonymous_19)
DA:1,6
DA:2,6
DA:16,6
DA:18,6
DA:23,6
DA:25,6
DA:26,6
DA:27,6
DA:28,6
DA:29,6
DA:30,6
DA:33,6
DA:34,2
DA:36,2
DA:37,1
DA:40,1
DA:42,1
DA:44,1
DA:45,2
DA:49,2
DA:62,2
DA:72,2
DA:75,1
DA:78,6
DA:80,3
DA:81,3
DA:82,3
DA:84,3
DA:85,1
DA:88,2
DA:90,2
DA:91,1
DA:94,1
DA:96,1
DA:97,1
DA:101,1
DA:103,1
DA:116,1
DA:118,1
DA:119,1
DA:130,1
DA:141,1
DA:144,1
DA:155,1
DA:158,1
DA:161,6
DA:162,2
DA:163,2
DA:165,2
DA:166,1
DA:169,1
DA:171,1
DA:182,1
DA:184,1
DA:186,1
DA:189,6
DA:190,4
DA:192,4
DA:194,4
DA:195,1
DA:198,3
DA:200,3
DA:202,3
DA:203,1
DA:206,2
DA:208,2
DA:209,1
DA:212,1
DA:223,1
DA:225,1
DA:227,1
DA:229,1
DA:232,6
DA:233,4
DA:235,4
DA:237,4
DA:238,1
DA:241,3
DA:243,3
DA:244,1
DA:247,2
DA:249,2
DA:250,1
DA:253,1
DA:255,1
DA:257,1
DA:260,10
DA:261,10
DA:263,10
DA:265,10
DA:266,1
DA:269,9
DA:270,9
DA:274,9
DA:276,9
DA:283,9
DA:285,9
DA:287,9
DA:288,1
DA:291,8
DA:292,1
DA:297,7
DA:300,2
DA:301,1
DA:303,1
DA:306,2
DA:308,2
DA:312,2
DA:316,5
DA:317,1
DA:318,4
DA:319,1
DA:322,5
DA:323,1
DA:327,1
DA:330,5
DA:331,1
DA:336,4
DA:337,1
DA:344,5
DA:346,5
DA:352,5
DA:355,7
LF:123
LH:123
BRDA:36,0,0,1
BRDA:84,1,0,1
BRDA:90,2,0,1
BRDA:165,3,0,1
BRDA:194,4,0,1
BRDA:202,5,0,1
BRDA:208,6,0,1
BRDA:223,7,0,1
BRDA:223,7,1,1
BRDA:237,8,0,1
BRDA:243,9,0,1
BRDA:249,10,0,1
BRDA:265,11,0,1
BRDA:274,12,0,3
BRDA:274,12,1,6
BRDA:287,13,0,1
BRDA:291,14,0,1
BRDA:297,15,0,2
BRDA:297,15,1,5
BRDA:297,16,0,7
BRDA:297,16,1,5
BRDA:300,17,0,1
BRDA:300,17,1,1
BRDA:316,18,0,1
BRDA:316,18,1,4
BRDA:316,19,0,5
BRDA:316,19,1,2
BRDA:318,20,0,1
BRDA:318,21,0,4
BRDA:318,21,1,3
BRDA:322,22,0,1
BRDA:323,23,0,0
BRDA:323,23,1,1
BRDA:330,24,0,1
BRDA:330,24,1,4
BRDA:330,25,0,5
BRDA:330,25,1,2
BRDA:336,26,0,1
BRDA:336,27,0,4
BRDA:336,27,1,3
BRF:40
BRH:39
end_of_record
TN:
SF:src\business\UserBusiness.ts
FN:12,(anonymous_7)
FN:19,(anonymous_8)
FN:19,(anonymous_9)
FN:57,(anonymous_10)
FN:57,(anonymous_11)
FNF:5
FNH:5
FNDA:2,(anonymous_7)
FNDA:2,(anonymous_8)
FNDA:2,(anonymous_9)
FNDA:4,(anonymous_10)
FNDA:4,(anonymous_11)
DA:1,2
DA:2,2
DA:6,2
DA:11,2
DA:13,2
DA:14,2
DA:15,2
DA:16,2
DA:19,2
DA:20,2
DA:22,2
DA:24,2
DA:25,1
DA:28,1
DA:30,1
DA:32,1
DA:41,1
DA:43,1
DA:45,1
DA:47,1
DA:49,1
DA:54,1
DA:57,4
DA:58,4
DA:60,4
DA:62,4
DA:63,1
DA:66,3
DA:68,3
DA:73,3
DA:74,1
DA:77,2
DA:86,2
DA:88,2
DA:90,2
DA:95,2
LF:36
LH:36
BRDA:24,0,0,1
BRDA:62,1,0,1
BRDA:73,2,0,1
BRF:3
BRH:3
end_of_record
TN:
SF:src\customErrors\BadRequestError.ts
FN:4,(anonymous_0)
FNF:1
FNH:1
FNDA:6,(anonymous_0)
DA:1,10
DA:3,10
DA:5,6
LF:3
LH:3
BRDA:4,0,0,0
BRF:1
BRH:0
end_of_record
TN:
SF:src\customErrors\BaseError.ts
FN:2,(anonymous_0)
FNF:1
FNH:1
FNDA:21,(anonymous_0)
DA:1,10
DA:2,21
DA:3,21
LF:3
LH:3
BRF:0
BRH:0
end_of_record
TN:
SF:src\customErrors\NotFoundError.ts
FN:4,(anonymous_0)
FNF:1
FNH:1
FNDA:15,(anonymous_0)
DA:1,10
DA:3,10
DA:5,15
LF:3
LH:3
BRDA:4,0,0,0
BRF:1
BRH:0
end_of_record
TN:
SF:src\database\BaseDatabase.ts
FN:16,(anonymous_1)
FNF:1
FNH:0
FNDA:0,(anonymous_1)
DA:1,10
DA:2,10
DA:4,10
DA:6,10
DA:7,10
DA:17,0
LF:6
LH:5
BRF:0
BRH:0
end_of_record
TN:
SF:src\dtos\commentDTO\createComment.dto.ts
FN:15,(anonymous_1)
FNF:1
FNH:1
FNDA:3,(anonymous_1)
DA:1,1
DA:9,1
DA:15,3
LF:3
LH:3
BRF:0
BRH:0
end_of_record
TN:
SF:src\dtos\commentDTO\updatePost.dto.ts
FN:15,(anonymous_1)
FNF:1
FNH:1
FNDA:4,(anonymous_1)
DA:1,1
DA:9,1
DA:15,4
LF:3
LH:3
BRF:0
BRH:0
end_of_record
TN:
SF:src\dtos\postDTO\GetPosts.dto.ts
FN:17,(anonymous_1)
FNF:1
FNH:1
FNDA:2,(anonymous_1)
DA:2,1
DA:13,1
DA:17,2
LF:3
LH:3
BRF:0
BRH:0
end_of_record
TN:
SF:src\dtos\postDTO\GetPostsById.dto.ts
FN:19,(anonymous_1)
FNF:1
FNH:1
FNDA:3,(anonymous_1)
DA:2,1
DA:14,1
DA:19,3
LF:3
LH:3
BRF:0
BRH:0
end_of_record
TN:
SF:src\dtos\postDTO\LikeOrDislike.dto.ts
FN:15,(anonymous_1)
FNF:1
FNH:1
FNDA:10,(anonymous_1)
DA:1,1
DA:9,1
DA:15,10
LF:3
LH:3
BRF:0
BRH:0
end_of_record
TN:
SF:src\dtos\postDTO\createPost.dto.ts
FN:13,(anonymous_1)
FNF:1
FNH:1
FNDA:2,(anonymous_1)
DA:1,1
DA:8,1
DA:13,2
LF:3
LH:3
BRF:0
BRH:0
end_of_record
TN:
SF:src\dtos\postDTO\deletePost.dto.ts
FN:13,(anonymous_1)
FNF:1
FNH:1
FNDA:4,(anonymous_1)
DA:1,1
DA:8,1
DA:13,4
LF:3
LH:3
BRF:0
BRH:0
end_of_record
TN:
SF:src\dtos\postDTO\updatePost.dto.ts
FN:15,(anonymous_1)
FNF:1
FNH:1
FNDA:4,(anonymous_1)
DA:1,1
DA:9,1
DA:15,4
LF:3
LH:3
BRF:0
BRH:0
end_of_record
TN:
SF:src\dtos\userDTO\login.dto.ts
FNF:0
FNH:0
DA:1,1
DA:13,1
LF:2
LH:2
BRF:0
BRH:0
end_of_record
TN:
SF:src\dtos\userDTO\signup.dto.ts
FNF:0
FNH:0
DA:1,1
DA:14,1
LF:2
LH:2
BRF:0
BRH:0
end_of_record
TN:
SF:src\models\Comment.ts
FN:24,(anonymous_0)
FN:35,(anonymous_1)
FN:39,(anonymous_2)
FN:43,(anonymous_3)
FN:47,(anonymous_4)
FN:51,(anonymous_5)
FN:55,(anonymous_6)
FN:59,(anonymous_7)
FN:63,(anonymous_8)
FN:67,(anonymous_9)
FN:71,(anonymous_10)
FN:75,(anonymous_11)
FN:79,(anonymous_12)
FN:83,(anonymous_13)
FN:87,(anonymous_14)
FN:91,(anonymous_15)
FN:95,(anonymous_16)
FN:99,(anonymous_17)
FNF:18
FNH:10
FNDA:3,(anonymous_0)
FNDA:1,(anonymous_1)
FNDA:1,(anonymous_2)
FNDA:1,(anonymous_3)
FNDA:1,(anonymous_4)
FNDA:1,(anonymous_5)
FNDA:1,(anonymous_6)
FNDA:2,(anonymous_7)
FNDA:0,(anonymous_8)
FNDA:0,(anonymous_9)
FNDA:0,(anonymous_10)
FNDA:0,(anonymous_11)
FNDA:1,(anonymous_12)
FNDA:0,(anonymous_13)
FNDA:0,(anonymous_14)
FNDA:0,(anonymous_15)
FNDA:0,(anonymous_16)
FNDA:2,(anonymous_17)
DA:23,8
DA:25,3
DA:26,3
DA:27,3
DA:28,3
DA:29,3
DA:30,3
DA:31,3
DA:32,3
DA:36,1
DA:40,1
DA:44,1
DA:48,1
DA:52,1
DA:56,1
DA:60,2
DA:64,0
DA:68,0
DA:72,0
DA:76,0
DA:80,1
DA:84,0
DA:88,0
DA:92,0
DA:96,0
DA:100,2
LF:26
LH:18
BRF:0
BRH:0
end_of_record
TN:
SF:src\models\Post.ts
FN:27,(anonymous_0)
FN:38,(anonymous_1)
FN:42,(anonymous_2)
FN:46,(anonymous_3)
FN:50,(anonymous_4)
FN:54,(anonymous_5)
FN:58,(anonymous_6)
FN:62,(anonymous_7)
FN:66,(anonymous_8)
FN:70,(anonymous_9)
FN:74,(anonymous_10)
FN:78,(anonymous_11)
FN:82,(anonymous_12)
FN:86,(anonymous_13)
FN:90,(anonymous_14)
FN:94,(anonymous_15)
FNF:16
FNH:9
FNDA:5,(anonymous_0)
FNDA:3,(anonymous_1)
FNDA:3,(anonymous_2)
FNDA:3,(anonymous_3)
FNDA:3,(anonymous_4)
FNDA:6,(anonymous_5)
FNDA:0,(anonymous_6)
FNDA:3,(anonymous_7)
FNDA:0,(anonymous_8)
FNDA:1,(anonymous_9)
FNDA:0,(anonymous_10)
FNDA:0,(anonymous_11)
FNDA:0,(anonymous_12)
FNDA:0,(anonymous_13)
FNDA:0,(anonymous_14)
FNDA:2,(anonymous_15)
DA:26,6
DA:28,5
DA:29,5
DA:30,5
DA:31,5
DA:32,5
DA:33,5
DA:34,5
DA:35,5
DA:39,3
DA:43,3
DA:47,3
DA:51,3
DA:55,6
DA:59,0
DA:63,3
DA:67,0
DA:71,1
DA:75,0
DA:79,0
DA:83,0
DA:87,0
DA:91,0
DA:95,2
LF:24
LH:17
BRF:0
BRH:0
end_of_record
TN:
SF:src\models\User.ts
FN:1,(anonymous_0)
FN:22,(anonymous_1)
FN:31,(anonymous_2)
FN:35,(anonymous_3)
FN:39,(anonymous_4)
FN:43,(anonymous_5)
FN:47,(anonymous_6)
FN:51,(anonymous_7)
FN:55,(anonymous_8)
FN:59,(anonymous_9)
FN:63,(anonymous_10)
FN:67,(anonymous_11)
FN:71,(anonymous_12)
FN:75,(anonymous_13)
FN:79,(anonymous_14)
FN:90,(anonymous_15)
FNF:16
FNH:4
FNDA:10,(anonymous_0)
FNDA:3,(anonymous_1)
FNDA:0,(anonymous_2)
FNDA:0,(anonymous_3)
FNDA:0,(anonymous_4)
FNDA:0,(anonymous_5)
FNDA:0,(anonymous_6)
FNDA:0,(anonymous_7)
FNDA:0,(anonymous_8)
FNDA:0,(anonymous_9)
FNDA:0,(anonymous_10)
FNDA:0,(anonymous_11)
FNDA:0,(anonymous_12)
FNDA:0,(anonymous_13)
FNDA:1,(anonymous_14)
FNDA:3,(anonymous_15)
DA:1,10
DA:2,10
DA:3,10
DA:21,10
DA:23,3
DA:24,3
DA:25,3
DA:26,3
DA:27,3
DA:28,3
DA:32,0
DA:36,0
DA:40,0
DA:44,0
DA:48,0
DA:52,0
DA:56,0
DA:60,0
DA:64,0
DA:68,0
DA:72,0
DA:76,0
DA:80,1
DA:91,3
LF:24
LH:12
BRDA:1,0,0,10
BRDA:1,0,1,10
BRF:2
BRH:2
end_of_record
TN:
SF:src\services\IdGerator.ts
FN:3,(anonymous_0)
FN:4,(anonymous_1)
FNF:2
FNH:2
FNDA:2,(anonymous_0)
FNDA:1,(anonymous_1)
DA:1,2
DA:3,2
DA:4,2
DA:5,1
LF:4
LH:4
BRF:0
BRH:0
end_of_record
TN:
SF:tests\mocks\CommentDatabaseMock.ts
FN:27,(anonymous_7)
FN:30,(anonymous_8)
FN:30,(anonymous_9)
FN:32,(anonymous_10)
FN:38,(anonymous_11)
FN:38,(anonymous_12)
FN:40,(anonymous_13)
FN:46,(anonymous_14)
FN:46,(anonymous_15)
FN:48,(anonymous_16)
FN:48,(anonymous_17)
FN:50,(anonymous_18)
FN:50,(anonymous_19)
FNF:13
FNH:11
FNDA:8,(anonymous_7)
FNDA:3,(anonymous_8)
FNDA:3,(anonymous_9)
FNDA:6,(anonymous_10)
FNDA:1,(anonymous_11)
FNDA:1,(anonymous_12)
FNDA:2,(anonymous_13)
FNDA:1,(anonymous_14)
FNDA:1,(anonymous_15)
FNDA:1,(anonymous_16)
FNDA:1,(anonymous_17)
FNDA:0,(anonymous_18)
FNDA:0,(anonymous_19)
DA:1,8
DA:4,8
DA:27,8
DA:28,8
DA:30,8
DA:31,3
DA:32,6
DA:35,3
DA:38,8
DA:39,1
DA:40,2
DA:43,1
DA:46,8
DA:48,8
DA:50,8
LF:15
LH:15
BRF:0
BRH:0
end_of_record
TN:
SF:tests\mocks\HashManagerMock.ts
FN:1,(anonymous_7)
FN:2,(anonymous_8)
FN:2,(anonymous_9)
FN:6,(anonymous_10)
FN:9,(anonymous_11)
FNF:5
FNH:5
FNDA:2,(anonymous_7)
FNDA:1,(anonymous_8)
FNDA:1,(anonymous_9)
FNDA:3,(anonymous_10)
FNDA:3,(anonymous_11)
DA:1,2
DA:2,2
DA:3,1
DA:6,2
DA:9,3
DA:12,3
DA:14,1
DA:16,1
DA:19,1
LF:9
LH:9
BRDA:12,0,0,1
BRDA:12,0,1,1
BRDA:12,0,2,1
BRF:3
BRH:3
end_of_record
TN:
SF:tests\mocks\IdGeratorMock.ts
FN:1,(anonymous_0)
FN:2,(anonymous_1)
FNF:2
FNH:2
FNDA:8,(anonymous_0)
FNDA:2,(anonymous_1)
DA:1,8
DA:2,8
DA:3,2
LF:3
LH:3
BRF:0
BRH:0
end_of_record
TN:
SF:tests\mocks\PostsDatabaseMock.ts
FN:25,(anonymous_7)
FN:28,(anonymous_8)
FN:28,(anonymous_9)
FN:32,(anonymous_10)
FN:32,(anonymous_11)
FN:34,(anonymous_12)
FN:40,(anonymous_13)
FN:40,(anonymous_14)
FN:42,(anonymous_15)
FN:42,(anonymous_16)
FN:44,(anonymous_17)
FN:44,(anonymous_18)
FNF:12
FNH:12
FNDA:8,(anonymous_7)
FNDA:1,(anonymous_8)
FNDA:1,(anonymous_9)
FNDA:19,(anonymous_10)
FNDA:19,(anonymous_11)
FNDA:38,(anonymous_12)
FNDA:1,(anonymous_13)
FNDA:1,(anonymous_14)
FNDA:8,(anonymous_15)
FNDA:8,(anonymous_16)
FNDA:1,(anonymous_17)
FNDA:1,(anonymous_18)
DA:1,8
DA:4,8
DA:25,8
DA:26,8
DA:28,8
DA:29,1
DA:32,19
DA:33,19
DA:34,38
DA:37,19
DA:40,8
DA:42,8
DA:44,8
LF:13
LH:13
BRF:0
BRH:0
end_of_record
TN:
SF:tests\mocks\TokenManagerMock.ts
FN:3,(anonymous_0)
FN:4,(anonymous_1)
FN:14,(anonymous_2)
FNF:3
FNH:3
FNDA:10,(anonymous_0)
FNDA:3,(anonymous_1)
FNDA:32,(anonymous_2)
DA:1,10
DA:3,10
DA:4,10
DA:5,3
DA:6,1
DA:7,2
DA:8,1
DA:10,1
DA:14,10
DA:15,32
DA:16,15
DA:21,17
DA:22,6
DA:27,11
DA:28,2
DA:33,9
DA:34,1
DA:40,8
LF:18
LH:18
BRDA:5,0,0,1
BRDA:5,0,1,2
BRDA:7,1,0,1
BRDA:7,1,1,1
BRDA:15,2,0,15
BRDA:15,2,1,17
BRDA:21,3,0,6
BRDA:21,3,1,11
BRDA:27,4,0,2
BRDA:27,4,1,9
BRDA:33,5,0,1
BRDA:33,5,1,8
BRF:12
BRH:12
end_of_record
TN:
SF:tests\mocks\UserDatabaseMock.ts
FN:39,(anonymous_7)
FN:42,(anonymous_8)
FN:42,(anonymous_9)
FN:43,(anonymous_10)
FN:48,(anonymous_11)
FN:48,(anonymous_12)
FN:50,(anonymous_13)
FN:56,(anonymous_14)
FN:56,(anonymous_15)
FN:58,(anonymous_16)
FN:58,(anonymous_17)
FN:60,(anonymous_18)
FN:60,(anonymous_19)
FNF:13
FNH:9
FNDA:8,(anonymous_7)
FNDA:3,(anonymous_8)
FNDA:3,(anonymous_9)
FNDA:12,(anonymous_10)
FNDA:6,(anonymous_11)
FNDA:6,(anonymous_12)
FNDA:24,(anonymous_13)
FNDA:1,(anonymous_14)
FNDA:1,(anonymous_15)
FNDA:0,(anonymous_16)
FNDA:0,(anonymous_17)
FNDA:0,(anonymous_18)
FNDA:0,(anonymous_19)
DA:1,8
DA:2,8
DA:4,8
DA:39,8
DA:40,8
DA:42,8
DA:43,12
DA:45,3
DA:48,8
DA:49,6
DA:50,24
DA:53,6
DA:56,8
DA:58,8
DA:60,8
LF:15
LH:15
BRF:0
BRH:0
end_of_record
TN:
SF:tests\mocks\likeDislikeCommentDatabaseMock.ts
FN:17,(anonymous_7)
FN:20,(anonymous_8)
FN:20,(anonymous_9)
FN:22,(anonymous_10)
FN:28,(anonymous_11)
FN:30,(anonymous_12)
FN:32,(anonymous_13)
FN:36,(anonymous_14)
FN:38,(anonymous_15)
FN:38,(anonymous_16)
FNF:10
FNH:1
FNDA:2,(anonymous_7)
FNDA:0,(anonymous_8)
FNDA:0,(anonymous_9)
FNDA:0,(anonymous_10)
FNDA:0,(anonymous_11)
FNDA:0,(anonymous_12)
FNDA:0,(anonymous_13)
FNDA:0,(anonymous_14)
FNDA:0,(anonymous_15)
FNDA:0,(anonymous_16)
DA:1,2
DA:4,2
DA:17,2
DA:18,2
DA:20,2
DA:21,0
DA:22,0
DA:25,0
DA:28,2
DA:30,0
DA:32,2
DA:36,0
DA:38,2
LF:13
LH:8
BRF:0
BRH:0
end_of_record
TN:
SF:tests\mocks\likeDislikeDatabaseMock.ts
FN:22,(anonymous_7)
FN:25,(anonymous_8)
FN:25,(anonymous_9)
FN:27,(anonymous_10)
FN:33,(anonymous_11)
FN:33,(anonymous_12)
FN:35,(anonymous_13)
FN:39,(anonymous_14)
FN:41,(anonymous_15)
FN:41,(anonymous_16)
FNF:10
FNH:10
FNDA:6,(anonymous_7)
FNDA:9,(anonymous_8)
FNDA:9,(anonymous_9)
FNDA:27,(anonymous_10)
FNDA:2,(anonymous_11)
FNDA:2,(anonymous_12)
FNDA:5,(anonymous_13)
FNDA:5,(anonymous_14)
FNDA:1,(anonymous_15)
FNDA:1,(anonymous_16)
DA:1,6
DA:4,6
DA:22,6
DA:23,6
DA:25,9
DA:26,9
DA:27,27
DA:30,9
DA:33,6
DA:35,6
DA:39,5
DA:41,6
LF:12
LH:12
BRF:0
BRH:0
end_of_record
